{"contracts/AssetConsumingRegistryDB.sol":{"l":{"65":0,"97":0,"99":0,"100":0,"101":0,"103":0,"104":0,"132":0,"133":0,"143":0,"153":0,"154":0,"165":0,"175":0,"185":0,"195":0,"205":0,"215":0,"225":0,"235":0,"245":0,"256":0,"276":0,"277":0,"279":0,"282":0,"283":0,"294":0,"314":0,"315":0,"326":0,"337":0,"348":0,"349":0,"360":0,"371":0,"382":0,"393":0,"403":0,"414":0,"425":0},"path":"/Users/jbentke/Documents/EWF_Origin/ewf-coo/contracts/AssetConsumingRegistryDB.sol","s":{"1":0,"2":0,"3":0,"4":0,"5":0,"6":0,"7":0,"8":0,"9":0,"10":0,"11":0,"12":0,"13":0,"14":0,"15":0,"16":0,"17":0,"18":0,"19":0,"20":0,"21":0,"22":0,"23":0,"24":0,"25":0,"26":0,"27":0,"28":0,"29":0,"30":0,"31":0,"32":0,"33":0,"34":0,"35":0,"36":0,"37":0,"38":0,"39":0,"40":0,"41":0},"b":{},"f":{"1":1,"2":0,"3":0,"4":0,"5":0,"6":0,"7":0,"8":0,"9":0,"10":0,"11":0,"12":0,"13":0,"14":0,"15":0,"16":0,"17":0,"18":0,"19":0,"20":0,"21":0,"22":0,"23":0,"24":0,"25":0,"26":0,"27":0,"28":0,"29":0},"fnMap":{"1":{"name":"AssetConsumingRegistryDB","line":51,"loc":{"start":{"line":51,"column":4},"end":{"line":54,"column":5}}},"2":{"name":"createAsset","line":60,"loc":{"start":{"line":60,"column":4},"end":{"line":64,"column":5}}},"3":{"name":"initGeneral","line":83,"loc":{"start":{"line":83,"column":4},"end":{"line":96,"column":5}}},"4":{"name":"initLocation","line":118,"loc":{"start":{"line":118,"column":4},"end":{"line":131,"column":5}}},"5":{"name":"setActive","line":139,"loc":{"start":{"line":139,"column":4},"end":{"line":142,"column":5}}},"6":{"name":"setAssetExistStatus","line":149,"loc":{"start":{"line":149,"column":4},"end":{"line":152,"column":5}}},"7":{"name":"setCapacityWh","line":161,"loc":{"start":{"line":161,"column":4},"end":{"line":164,"column":5}}},"8":{"name":"setCertificatesUsedForWh","line":171,"loc":{"start":{"line":171,"column":4},"end":{"line":174,"column":5}}},"9":{"name":"setLastSmartMeterReadFileHash","line":181,"loc":{"start":{"line":181,"column":4},"end":{"line":184,"column":5}}},"10":{"name":"setLastSmartMeterReadWh","line":191,"loc":{"start":{"line":191,"column":4},"end":{"line":194,"column":5}}},"11":{"name":"setLocationCountry","line":201,"loc":{"start":{"line":201,"column":4},"end":{"line":204,"column":5}}},"12":{"name":"setLocationRegion","line":211,"loc":{"start":{"line":211,"column":4},"end":{"line":214,"column":5}}},"13":{"name":"setOperationalSince","line":221,"loc":{"start":{"line":221,"column":4},"end":{"line":224,"column":5}}},"14":{"name":"setOwner","line":231,"loc":{"start":{"line":231,"column":4},"end":{"line":234,"column":5}}},"15":{"name":"setSmartMeter","line":241,"loc":{"start":{"line":241,"column":4},"end":{"line":244,"column":5}}},"16":{"name":"getActive","line":251,"loc":{"start":{"line":251,"column":4},"end":{"line":256,"column":5}}},"17":{"name":"getAssetGeneral","line":263,"loc":{"start":{"line":263,"column":4},"end":{"line":277,"column":5}}},"18":{"name":"getAssetListLength","line":291,"loc":{"start":{"line":291,"column":4},"end":{"line":296,"column":5}}},"19":{"name":"getAssetLocation","line":303,"loc":{"start":{"line":303,"column":4},"end":{"line":317,"column":5}}},"20":{"name":"getCapacityWh","line":325,"loc":{"start":{"line":325,"column":4},"end":{"line":330,"column":5}}},"21":{"name":"getCertificatesUsedForWh","line":337,"loc":{"start":{"line":337,"column":4},"end":{"line":342,"column":5}}},"22":{"name":"getExistStatus","line":349,"loc":{"start":{"line":349,"column":4},"end":{"line":354,"column":5}}},"23":{"name":"getLastSmartMeterReadFileHash","line":362,"loc":{"start":{"line":362,"column":4},"end":{"line":367,"column":5}}},"24":{"name":"getLastSmartMeterReadWh","line":374,"loc":{"start":{"line":374,"column":4},"end":{"line":379,"column":5}}},"25":{"name":"getLocationCountry","line":386,"loc":{"start":{"line":386,"column":4},"end":{"line":391,"column":5}}},"26":{"name":"getLocationRegion","line":398,"loc":{"start":{"line":398,"column":4},"end":{"line":403,"column":5}}},"27":{"name":"getOperationalSince","line":409,"loc":{"start":{"line":409,"column":4},"end":{"line":414,"column":5}}},"28":{"name":"getOwner","line":421,"loc":{"start":{"line":421,"column":4},"end":{"line":426,"column":5}}},"29":{"name":"getSmartMeter","line":433,"loc":{"start":{"line":433,"column":4},"end":{"line":438,"column":5}}}},"statementMap":{"1":{"start":{"line":65,"column":8},"end":{"line":65,"column":2215}},"2":{"start":{"line":97,"column":8},"end":{"line":97,"column":39}},"3":{"start":{"line":99,"column":8},"end":{"line":99,"column":48}},"4":{"start":{"line":100,"column":8},"end":{"line":100,"column":56}},"5":{"start":{"line":101,"column":8},"end":{"line":101,"column":140}},"6":{"start":{"line":103,"column":8},"end":{"line":103,"column":56}},"7":{"start":{"line":104,"column":8},"end":{"line":104,"column":34}},"8":{"start":{"line":132,"column":8},"end":{"line":132,"column":72}},"9":{"start":{"line":133,"column":8},"end":{"line":133,"column":108}},"10":{"start":{"line":143,"column":8},"end":{"line":143,"column":48}},"11":{"start":{"line":153,"column":8},"end":{"line":153,"column":39}},"12":{"start":{"line":154,"column":8},"end":{"line":154,"column":24}},"13":{"start":{"line":165,"column":8},"end":{"line":165,"column":63}},"14":{"start":{"line":175,"column":8},"end":{"line":175,"column":85}},"15":{"start":{"line":185,"column":8},"end":{"line":185,"column":88}},"16":{"start":{"line":195,"column":8},"end":{"line":195,"column":76}},"17":{"start":{"line":205,"column":8},"end":{"line":205,"column":51}},"18":{"start":{"line":215,"column":8},"end":{"line":215,"column":49}},"19":{"start":{"line":225,"column":8},"end":{"line":225,"column":68}},"20":{"start":{"line":235,"column":8},"end":{"line":235,"column":46}},"21":{"start":{"line":245,"column":8},"end":{"line":245,"column":56}},"22":{"start":{"line":257,"column":8},"end":{"line":257,"column":46}},"23":{"start":{"line":278,"column":8},"end":{"line":278,"column":45}},"24":{"start":{"line":279,"column":8},"end":{"line":279,"column":60}},"25":{"start":{"line":281,"column":8},"end":{"line":281,"column":145}},"26":{"start":{"line":284,"column":8},"end":{"line":284,"column":34}},"27":{"start":{"line":285,"column":8},"end":{"line":285,"column":56}},"28":{"start":{"line":297,"column":8},"end":{"line":297,"column":28}},"29":{"start":{"line":318,"column":8},"end":{"line":318,"column":74}},"30":{"start":{"line":319,"column":8},"end":{"line":319,"column":44}},"31":{"start":{"line":331,"column":8},"end":{"line":331,"column":57}},"32":{"start":{"line":343,"column":8},"end":{"line":343,"column":68}},"33":{"start":{"line":355,"column":8},"end":{"line":355,"column":39}},"34":{"start":{"line":356,"column":8},"end":{"line":356,"column":61}},"35":{"start":{"line":368,"column":8},"end":{"line":368,"column":66}},"36":{"start":{"line":380,"column":8},"end":{"line":380,"column":60}},"37":{"start":{"line":392,"column":8},"end":{"line":392,"column":48}},"38":{"start":{"line":404,"column":8},"end":{"line":404,"column":47}},"39":{"start":{"line":415,"column":8},"end":{"line":415,"column":56}},"40":{"start":{"line":427,"column":8},"end":{"line":427,"column":45}},"41":{"start":{"line":439,"column":8},"end":{"line":439,"column":50}}},"branchMap":{}},"contracts/AssetConsumingRegistryLogic.sol":{"l":{"38":0,"39":0,"58":0,"59":0,"68":1,"69":1,"93":0,"94":0,"122":0,"123":0,"136":0,"137":0,"139":0,"140":0,"150":0,"159":1,"170":0,"181":0,"189":0,"216":0,"226":0,"245":0,"254":0,"256":0,"258":0,"259":0},"path":"/Users/jbentke/Documents/EWF_Origin/ewf-coo/contracts/AssetConsumingRegistryLogic.sol","s":{"1":0,"2":0,"3":0,"4":1,"5":1,"6":0,"7":0,"8":0,"9":0,"10":0,"11":0,"12":0,"13":0,"14":0,"15":0,"16":0},"b":{"1":[0,0],"2":[1,0],"3":[0,0],"4":[0,0]},"f":{"1":0,"2":1,"3":0,"4":1,"5":0,"6":0,"7":0,"8":0,"9":1,"10":0,"11":0,"12":0,"13":0,"14":0,"15":0,"16":0},"fnMap":{"1":{"name":"isInitialized","line":37,"loc":{"start":{"line":37,"column":4},"end":{"line":37,"column":24}}},"2":{"name":"AssetConsumingRegistryLogic","line":46,"loc":{"start":{"line":46,"column":4},"end":{"line":49,"column":5}}},"3":{"name":"createAsset","line":54,"loc":{"start":{"line":54,"column":4},"end":{"line":57,"column":6}}},"4":{"name":"init","line":64,"loc":{"start":{"line":64,"column":4},"end":{"line":67,"column":5}}},"5":{"name":"initGeneral","line":79,"loc":{"start":{"line":79,"column":4},"end":{"line":92,"column":5}}},"6":{"name":"initLocation","line":107,"loc":{"start":{"line":107,"column":4},"end":{"line":121,"column":5}}},"7":{"name":"saveSmartMeterRead","line":131,"loc":{"start":{"line":131,"column":4},"end":{"line":135,"column":5}}},"8":{"name":"setActive","line":145,"loc":{"start":{"line":145,"column":4},"end":{"line":149,"column":5}}},"9":{"name":"update","line":155,"loc":{"start":{"line":155,"column":4},"end":{"line":158,"column":5}}},"10":{"name":"updateSmartMeter","line":165,"loc":{"start":{"line":165,"column":4},"end":{"line":169,"column":5}}},"11":{"name":"useWhForCertificate","line":176,"loc":{"start":{"line":176,"column":4},"end":{"line":180,"column":5}}},"12":{"name":"getAssetDataLog","line":185,"loc":{"start":{"line":185,"column":4},"end":{"line":189,"column":5}}},"13":{"name":"getAssetGeneral","line":204,"loc":{"start":{"line":204,"column":4},"end":{"line":217,"column":5}}},"14":{"name":"getAssetListLength","line":224,"loc":{"start":{"line":224,"column":4},"end":{"line":228,"column":5}}},"15":{"name":"getAssetLocation","line":235,"loc":{"start":{"line":235,"column":4},"end":{"line":248,"column":5}}},"16":{"name":"checkForFullAsset","line":255,"loc":{"start":{"line":255,"column":4},"end":{"line":257,"column":5}}}},"statementMap":{"1":{"start":{"line":38,"column":8},"end":{"line":38,"column":34}},"2":{"start":{"line":58,"column":8},"end":{"line":58,"column":38}},"3":{"start":{"line":59,"column":8},"end":{"line":59,"column":43}},"4":{"start":{"line":68,"column":8},"end":{"line":68,"column":34}},"5":{"start":{"line":69,"column":8},"end":{"line":69,"column":22}},"6":{"start":{"line":94,"column":8},"end":{"line":94,"column":32}},"7":{"start":{"line":123,"column":9},"end":{"line":123,"column":33}},"8":{"start":{"line":136,"column":8},"end":{"line":136,"column":38}},"9":{"start":{"line":137,"column":8},"end":{"line":137,"column":124}},"10":{"start":{"line":190,"column":8},"end":{"line":190,"column":57}},"11":{"start":{"line":218,"column":8},"end":{"line":218,"column":43}},"12":{"start":{"line":229,"column":8},"end":{"line":229,"column":38}},"13":{"start":{"line":249,"column":8},"end":{"line":249,"column":44}},"14":{"start":{"line":258,"column":8},"end":{"line":258,"column":66}},"15":{"start":{"line":260,"column":8},"end":{"line":260,"column":9777}},"16":{"start":{"line":263,"column":12},"end":{"line":263,"column":43}}},"branchMap":{"1":{"line":38,"type":"if","locations":[{"start":{"line":38,"column":8},"end":{"line":38,"column":8}},{"start":{"line":38,"column":8},"end":{"line":38,"column":8}}]},"2":{"line":68,"type":"if","locations":[{"start":{"line":68,"column":8},"end":{"line":68,"column":8}},{"start":{"line":68,"column":8},"end":{"line":68,"column":8}}]},"3":{"line":136,"type":"if","locations":[{"start":{"line":136,"column":8},"end":{"line":136,"column":8}},{"start":{"line":136,"column":8},"end":{"line":136,"column":8}}]},"4":{"line":260,"type":"if","locations":[{"start":{"line":260,"column":8},"end":{"line":260,"column":8}},{"start":{"line":260,"column":8},"end":{"line":260,"column":8}}]}}},"contracts/AssetGeneralDefinition.sol":{"l":{"56":7,"57":7,"58":7,"59":7,"60":7,"61":7,"62":7,"63":7,"64":7,"78":7,"79":7,"80":7,"81":7,"82":7,"83":7,"84":7,"102":5,"103":5,"104":5,"105":5,"106":5,"107":5,"108":5,"109":5,"111":5,"127":0,"128":0,"129":0,"130":0,"131":0,"132":0},"path":"/Users/jbentke/Documents/EWF_Origin/ewf-coo/contracts/AssetGeneralDefinition.sol","s":{"1":7,"2":7,"3":7,"4":7,"5":7,"6":7,"7":7,"8":7,"9":7,"10":7,"11":7,"12":7,"13":7,"14":7,"15":7,"16":7,"17":5,"18":5,"19":5,"20":5,"21":5,"22":5,"23":5,"24":5,"25":5,"26":0,"27":0,"28":0,"29":0,"30":0,"31":0},"b":{},"f":{"1":7,"2":7,"3":5,"4":0},"fnMap":{"1":{"name":"initLocationInternal","line":43,"loc":{"start":{"line":43,"column":4},"end":{"line":55,"column":5}}},"2":{"name":"setGeneralInformationInternal","line":67,"loc":{"start":{"line":67,"column":4},"end":{"line":77,"column":5}}},"3":{"name":"getAssetLocationInternal","line":89,"loc":{"start":{"line":89,"column":4},"end":{"line":102,"column":5}}},"4":{"name":"getAssetGeneralInternal","line":117,"loc":{"start":{"line":117,"column":4},"end":{"line":128,"column":5}}}},"statementMap":{"1":{"start":{"line":56,"column":8},"end":{"line":56,"column":29}},"2":{"start":{"line":57,"column":8},"end":{"line":57,"column":27}},"3":{"start":{"line":58,"column":8},"end":{"line":58,"column":21}},"4":{"start":{"line":59,"column":8},"end":{"line":59,"column":23}},"5":{"start":{"line":60,"column":8},"end":{"line":60,"column":27}},"6":{"start":{"line":61,"column":8},"end":{"line":61,"column":37}},"7":{"start":{"line":62,"column":8},"end":{"line":62,"column":37}},"8":{"start":{"line":63,"column":8},"end":{"line":63,"column":39}},"9":{"start":{"line":64,"column":8},"end":{"line":64,"column":24}},"10":{"start":{"line":78,"column":8},"end":{"line":78,"column":34}},"11":{"start":{"line":79,"column":8},"end":{"line":79,"column":24}},"12":{"start":{"line":80,"column":8},"end":{"line":80,"column":46}},"13":{"start":{"line":81,"column":8},"end":{"line":81,"column":54}},"14":{"start":{"line":82,"column":8},"end":{"line":82,"column":26}},"15":{"start":{"line":83,"column":8},"end":{"line":83,"column":66}},"16":{"start":{"line":84,"column":8},"end":{"line":84,"column":23}},"17":{"start":{"line":103,"column":8},"end":{"line":103,"column":28}},"18":{"start":{"line":104,"column":8},"end":{"line":104,"column":26}},"19":{"start":{"line":105,"column":8},"end":{"line":105,"column":20}},"20":{"start":{"line":106,"column":8},"end":{"line":106,"column":22}},"21":{"start":{"line":107,"column":8},"end":{"line":107,"column":26}},"22":{"start":{"line":108,"column":8},"end":{"line":108,"column":36}},"23":{"start":{"line":109,"column":8},"end":{"line":109,"column":36}},"24":{"start":{"line":110,"column":8},"end":{"line":110,"column":38}},"25":{"start":{"line":112,"column":8},"end":{"line":112,"column":91}},"26":{"start":{"line":129,"column":8},"end":{"line":129,"column":34}},"27":{"start":{"line":130,"column":8},"end":{"line":130,"column":24}},"28":{"start":{"line":131,"column":8},"end":{"line":131,"column":46}},"29":{"start":{"line":132,"column":8},"end":{"line":132,"column":54}},"30":{"start":{"line":133,"column":8},"end":{"line":133,"column":26}},"31":{"start":{"line":134,"column":8},"end":{"line":134,"column":66}}},"branchMap":{}},"contracts/AssetProducingRegistryDB.sol":{"l":{"68":7,"107":7,"109":7,"111":7,"112":7,"113":7,"114":7,"115":7,"116":7,"144":7,"145":7,"155":2,"165":7,"166":7,"176":0,"186":0,"196":4,"206":4,"216":3,"226":3,"236":3,"246":0,"256":0,"266":0,"276":0,"286":1,"297":3,"321":8,"322":8,"323":8,"324":8,"325":8,"326":8,"327":8,"328":8,"329":8,"330":8,"331":8,"332":8,"333":8,"343":0,"363":5,"364":5,"377":6,"388":0,"399":15,"411":12,"422":14,"423":14,"434":15,"445":4,"456":15,"467":0,"478":0,"488":0,"499":0,"510":3},"path":"/Users/jbentke/Documents/EWF_Origin/ewf-coo/contracts/AssetProducingRegistryDB.sol","s":{"1":7,"2":7,"3":7,"4":7,"5":7,"6":7,"7":7,"8":7,"9":7,"10":7,"11":7,"12":2,"13":7,"14":7,"15":0,"16":0,"17":4,"18":4,"19":3,"20":3,"21":3,"22":0,"23":0,"24":0,"25":0,"26":1,"27":3,"28":8,"29":8,"30":8,"31":8,"32":8,"33":8,"34":8,"35":8,"36":8,"37":8,"38":8,"39":8,"40":8,"41":0,"42":5,"43":5,"44":6,"45":0,"46":15,"47":12,"48":14,"49":14,"50":15,"51":4,"52":15,"53":0,"54":0,"55":0,"56":0,"57":3},"b":{},"f":{"1":1,"2":7,"3":7,"4":7,"5":2,"6":7,"7":0,"8":0,"9":4,"10":4,"11":3,"12":3,"13":3,"14":0,"15":0,"16":0,"17":0,"18":1,"19":3,"20":8,"21":0,"22":5,"23":6,"24":0,"25":15,"26":12,"27":14,"28":15,"29":4,"30":15,"31":0,"32":0,"33":0,"34":0,"35":3},"fnMap":{"1":{"name":"AssetProducingRegistryDB","line":54,"loc":{"start":{"line":54,"column":4},"end":{"line":57,"column":5}}},"2":{"name":"createAsset","line":63,"loc":{"start":{"line":63,"column":4},"end":{"line":67,"column":5}}},"3":{"name":"initGeneral","line":89,"loc":{"start":{"line":89,"column":4},"end":{"line":106,"column":5}}},"4":{"name":"initLocation","line":130,"loc":{"start":{"line":130,"column":4},"end":{"line":143,"column":5}}},"5":{"name":"setActive","line":151,"loc":{"start":{"line":151,"column":4},"end":{"line":154,"column":5}}},"6":{"name":"setAssetExistStatus","line":161,"loc":{"start":{"line":161,"column":4},"end":{"line":164,"column":5}}},"7":{"name":"setAssetType","line":172,"loc":{"start":{"line":172,"column":4},"end":{"line":175,"column":5}}},"8":{"name":"setCapacityWh","line":182,"loc":{"start":{"line":182,"column":4},"end":{"line":185,"column":5}}},"9":{"name":"setCertificatesCreatedForWh","line":192,"loc":{"start":{"line":192,"column":4},"end":{"line":195,"column":5}}},"10":{"name":"setCO2UsedForCertificate","line":202,"loc":{"start":{"line":202,"column":4},"end":{"line":205,"column":5}}},"11":{"name":"setLastCO2OffsetReading","line":212,"loc":{"start":{"line":212,"column":4},"end":{"line":215,"column":5}}},"12":{"name":"setLastSmartMeterReadFileHash","line":222,"loc":{"start":{"line":222,"column":4},"end":{"line":225,"column":5}}},"13":{"name":"setLastSmartMeterReadWh","line":232,"loc":{"start":{"line":232,"column":4},"end":{"line":235,"column":5}}},"14":{"name":"setLocationCountry","line":242,"loc":{"start":{"line":242,"column":4},"end":{"line":245,"column":5}}},"15":{"name":"setLocationRegion","line":252,"loc":{"start":{"line":252,"column":4},"end":{"line":255,"column":5}}},"16":{"name":"setOperationalSince","line":262,"loc":{"start":{"line":262,"column":4},"end":{"line":265,"column":5}}},"17":{"name":"setOwner","line":272,"loc":{"start":{"line":272,"column":4},"end":{"line":275,"column":5}}},"18":{"name":"setSmartMeter","line":282,"loc":{"start":{"line":282,"column":4},"end":{"line":285,"column":5}}},"19":{"name":"getActive","line":292,"loc":{"start":{"line":292,"column":4},"end":{"line":297,"column":5}}},"20":{"name":"getAssetGeneral","line":304,"loc":{"start":{"line":304,"column":4},"end":{"line":322,"column":5}}},"21":{"name":"getAssetListLength","line":340,"loc":{"start":{"line":340,"column":4},"end":{"line":345,"column":5}}},"22":{"name":"getAssetLocation","line":352,"loc":{"start":{"line":352,"column":4},"end":{"line":366,"column":5}}},"23":{"name":"getAssetType","line":376,"loc":{"start":{"line":376,"column":4},"end":{"line":381,"column":5}}},"24":{"name":"getCapacityWh","line":388,"loc":{"start":{"line":388,"column":4},"end":{"line":393,"column":5}}},"25":{"name":"getCertificatesCreatedForWh","line":400,"loc":{"start":{"line":400,"column":4},"end":{"line":405,"column":5}}},"26":{"name":"getCo2UsedForCertificate","line":413,"loc":{"start":{"line":413,"column":4},"end":{"line":418,"column":5}}},"27":{"name":"getExistStatus","line":425,"loc":{"start":{"line":425,"column":4},"end":{"line":430,"column":5}}},"28":{"name":"getlastSmartMeterCO2OffsetRead","line":438,"loc":{"start":{"line":438,"column":4},"end":{"line":443,"column":5}}},"29":{"name":"getLastSmartMeterReadFileHash","line":450,"loc":{"start":{"line":450,"column":4},"end":{"line":455,"column":5}}},"30":{"name":"getLastSmartMeterReadWh","line":462,"loc":{"start":{"line":462,"column":4},"end":{"line":467,"column":5}}},"31":{"name":"getLocationCountry","line":474,"loc":{"start":{"line":474,"column":4},"end":{"line":479,"column":5}}},"32":{"name":"getLocationRegion","line":486,"loc":{"start":{"line":486,"column":4},"end":{"line":491,"column":5}}},"33":{"name":"getOperationalSince","line":497,"loc":{"start":{"line":497,"column":4},"end":{"line":502,"column":5}}},"34":{"name":"getOwner","line":509,"loc":{"start":{"line":509,"column":4},"end":{"line":514,"column":5}}},"35":{"name":"getSmartMeter","line":521,"loc":{"start":{"line":521,"column":4},"end":{"line":526,"column":5}}}},"statementMap":{"1":{"start":{"line":68,"column":8},"end":{"line":68,"column":2371}},"2":{"start":{"line":107,"column":8},"end":{"line":107,"column":39}},"3":{"start":{"line":109,"column":8},"end":{"line":109,"column":147}},"4":{"start":{"line":111,"column":8},"end":{"line":111,"column":46}},"5":{"start":{"line":112,"column":8},"end":{"line":112,"column":82}},"6":{"start":{"line":113,"column":8},"end":{"line":113,"column":70}},"7":{"start":{"line":114,"column":8},"end":{"line":114,"column":76}},"8":{"start":{"line":115,"column":8},"end":{"line":115,"column":48}},"9":{"start":{"line":116,"column":8},"end":{"line":116,"column":64}},"10":{"start":{"line":144,"column":7},"end":{"line":144,"column":71}},"11":{"start":{"line":145,"column":8},"end":{"line":145,"column":108}},"12":{"start":{"line":155,"column":8},"end":{"line":155,"column":48}},"13":{"start":{"line":165,"column":8},"end":{"line":165,"column":39}},"14":{"start":{"line":166,"column":8},"end":{"line":166,"column":24}},"15":{"start":{"line":176,"column":8},"end":{"line":176,"column":61}},"16":{"start":{"line":186,"column":8},"end":{"line":186,"column":63}},"17":{"start":{"line":196,"column":8},"end":{"line":196,"column":91}},"18":{"start":{"line":206,"column":8},"end":{"line":206,"column":68}},"19":{"start":{"line":216,"column":8},"end":{"line":216,"column":90}},"20":{"start":{"line":226,"column":8},"end":{"line":226,"column":88}},"21":{"start":{"line":236,"column":8},"end":{"line":236,"column":76}},"22":{"start":{"line":246,"column":8},"end":{"line":246,"column":51}},"23":{"start":{"line":256,"column":8},"end":{"line":256,"column":49}},"24":{"start":{"line":266,"column":8},"end":{"line":266,"column":68}},"25":{"start":{"line":276,"column":8},"end":{"line":276,"column":46}},"26":{"start":{"line":286,"column":8},"end":{"line":286,"column":56}},"27":{"start":{"line":298,"column":8},"end":{"line":298,"column":46}},"28":{"start":{"line":323,"column":8},"end":{"line":323,"column":45}},"29":{"start":{"line":324,"column":8},"end":{"line":324,"column":45}},"30":{"start":{"line":325,"column":8},"end":{"line":325,"column":35}},"31":{"start":{"line":326,"column":8},"end":{"line":326,"column":50}},"32":{"start":{"line":327,"column":8},"end":{"line":327,"column":68}},"33":{"start":{"line":328,"column":8},"end":{"line":328,"column":57}},"34":{"start":{"line":329,"column":8},"end":{"line":329,"column":52}},"35":{"start":{"line":330,"column":8},"end":{"line":330,"column":65}},"36":{"start":{"line":331,"column":8},"end":{"line":331,"column":80}},"37":{"start":{"line":332,"column":8},"end":{"line":332,"column":37}},"38":{"start":{"line":333,"column":8},"end":{"line":333,"column":77}},"39":{"start":{"line":334,"column":8},"end":{"line":334,"column":79}},"40":{"start":{"line":335,"column":8},"end":{"line":335,"column":74}},"41":{"start":{"line":346,"column":8},"end":{"line":346,"column":28}},"42":{"start":{"line":367,"column":8},"end":{"line":367,"column":74}},"43":{"start":{"line":368,"column":8},"end":{"line":368,"column":44}},"44":{"start":{"line":382,"column":8},"end":{"line":382,"column":56}},"45":{"start":{"line":394,"column":8},"end":{"line":394,"column":57}},"46":{"start":{"line":406,"column":8},"end":{"line":406,"column":71}},"47":{"start":{"line":419,"column":8},"end":{"line":419,"column":68}},"48":{"start":{"line":431,"column":8},"end":{"line":431,"column":39}},"49":{"start":{"line":432,"column":8},"end":{"line":432,"column":61}},"50":{"start":{"line":444,"column":8},"end":{"line":444,"column":74}},"51":{"start":{"line":456,"column":8},"end":{"line":456,"column":66}},"52":{"start":{"line":468,"column":8},"end":{"line":468,"column":60}},"53":{"start":{"line":480,"column":8},"end":{"line":480,"column":48}},"54":{"start":{"line":492,"column":8},"end":{"line":492,"column":47}},"55":{"start":{"line":503,"column":8},"end":{"line":503,"column":56}},"56":{"start":{"line":515,"column":8},"end":{"line":515,"column":45}},"57":{"start":{"line":527,"column":8},"end":{"line":527,"column":50}}},"branchMap":{}},"contracts/AssetProducingRegistryLogic.sol":{"l":{"38":30,"39":30,"73":7,"74":7,"83":1,"84":1,"111":7,"112":7,"140":7,"141":7,"154":3,"155":3,"157":3,"158":3,"159":3,"169":2,"177":4,"179":4,"180":4,"181":4,"182":4,"191":1,"202":1,"214":4,"215":4,"216":4,"217":4,"225":4,"257":8,"267":0,"286":5,"299":6,"309":0,"317":8,"318":8,"319":8,"320":8,"321":8,"322":8,"324":8,"333":14,"335":14,"337":7,"338":7},"path":"/Users/jbentke/Documents/EWF_Origin/ewf-coo/contracts/AssetProducingRegistryLogic.sol","s":{"1":30,"2":7,"3":7,"4":1,"5":1,"6":7,"7":7,"8":3,"9":3,"10":4,"11":4,"12":4,"13":4,"14":4,"15":4,"16":4,"17":4,"18":8,"19":0,"20":5,"21":6,"22":0,"23":8,"24":8,"25":8,"26":8,"27":8,"28":8,"29":8,"30":14,"31":14,"32":7},"b":{"1":[30,0],"2":[1,0],"3":[3,0],"4":[4,0],"5":[4,0],"6":[7,7]},"f":{"1":30,"2":1,"3":7,"4":1,"5":7,"6":7,"7":3,"8":2,"9":4,"10":1,"11":1,"12":4,"13":4,"14":8,"15":0,"16":5,"17":6,"18":0,"19":8,"20":14},"fnMap":{"1":{"name":"isInitialized","line":37,"loc":{"start":{"line":37,"column":4},"end":{"line":37,"column":24}}},"2":{"name":"AssetProducingRegistryLogic","line":60,"loc":{"start":{"line":60,"column":4},"end":{"line":63,"column":5}}},"3":{"name":"createAsset","line":69,"loc":{"start":{"line":69,"column":4},"end":{"line":72,"column":6}}},"4":{"name":"init","line":79,"loc":{"start":{"line":79,"column":4},"end":{"line":82,"column":5}}},"5":{"name":"initGeneral","line":95,"loc":{"start":{"line":95,"column":4},"end":{"line":110,"column":5}}},"6":{"name":"initLocation","line":125,"loc":{"start":{"line":125,"column":4},"end":{"line":139,"column":5}}},"7":{"name":"saveSmartMeterRead","line":149,"loc":{"start":{"line":149,"column":4},"end":{"line":153,"column":5}}},"8":{"name":"setActive","line":164,"loc":{"start":{"line":164,"column":4},"end":{"line":168,"column":5}}},"9":{"name":"setCO2UsedForCertificate","line":172,"loc":{"start":{"line":172,"column":4},"end":{"line":176,"column":5}}},"10":{"name":"update","line":187,"loc":{"start":{"line":187,"column":4},"end":{"line":190,"column":5}}},"11":{"name":"updateSmartMeter","line":197,"loc":{"start":{"line":197,"column":4},"end":{"line":201,"column":5}}},"12":{"name":"useWhForCertificate","line":208,"loc":{"start":{"line":208,"column":4},"end":{"line":213,"column":5}}},"13":{"name":"getAssetDataLog","line":221,"loc":{"start":{"line":221,"column":4},"end":{"line":225,"column":5}}},"14":{"name":"getAssetGeneral","line":241,"loc":{"start":{"line":241,"column":4},"end":{"line":258,"column":5}}},"15":{"name":"getAssetListLength","line":265,"loc":{"start":{"line":265,"column":4},"end":{"line":269,"column":5}}},"16":{"name":"getAssetLocation","line":276,"loc":{"start":{"line":276,"column":4},"end":{"line":289,"column":5}}},"17":{"name":"getAssetType","line":297,"loc":{"start":{"line":297,"column":4},"end":{"line":303,"column":5}}},"18":{"name":"getCo2UsedForCertificate","line":310,"loc":{"start":{"line":310,"column":4},"end":{"line":314,"column":5}}},"19":{"name":"getCoSaved","line":322,"loc":{"start":{"line":322,"column":4},"end":{"line":322,"column":74}}},"20":{"name":"checkForFullAsset","line":336,"loc":{"start":{"line":336,"column":4},"end":{"line":338,"column":5}}}},"statementMap":{"1":{"start":{"line":38,"column":8},"end":{"line":38,"column":34}},"2":{"start":{"line":73,"column":8},"end":{"line":73,"column":38}},"3":{"start":{"line":74,"column":8},"end":{"line":74,"column":43}},"4":{"start":{"line":83,"column":8},"end":{"line":83,"column":34}},"5":{"start":{"line":84,"column":8},"end":{"line":84,"column":22}},"6":{"start":{"line":112,"column":8},"end":{"line":112,"column":32}},"7":{"start":{"line":141,"column":9},"end":{"line":141,"column":33}},"8":{"start":{"line":154,"column":8},"end":{"line":154,"column":38}},"9":{"start":{"line":155,"column":8},"end":{"line":155,"column":216}},"10":{"start":{"line":177,"column":8},"end":{"line":177,"column":61}},"11":{"start":{"line":179,"column":8},"end":{"line":179,"column":64}},"12":{"start":{"line":180,"column":8},"end":{"line":180,"column":35}},"13":{"start":{"line":181,"column":8},"end":{"line":181,"column":30}},"14":{"start":{"line":214,"column":8},"end":{"line":214,"column":69}},"15":{"start":{"line":215,"column":8},"end":{"line":215,"column":60}},"16":{"start":{"line":217,"column":8},"end":{"line":217,"column":19}},"17":{"start":{"line":226,"column":8},"end":{"line":226,"column":57}},"18":{"start":{"line":259,"column":8},"end":{"line":259,"column":43}},"19":{"start":{"line":270,"column":8},"end":{"line":270,"column":38}},"20":{"start":{"line":290,"column":8},"end":{"line":290,"column":44}},"21":{"start":{"line":304,"column":8},"end":{"line":304,"column":51}},"22":{"start":{"line":315,"column":8},"end":{"line":315,"column":52}},"23":{"start":{"line":323,"column":8},"end":{"line":323,"column":59}},"24":{"start":{"line":324,"column":8},"end":{"line":324,"column":65}},"25":{"start":{"line":325,"column":8},"end":{"line":325,"column":47}},"26":{"start":{"line":326,"column":8},"end":{"line":326,"column":64}},"27":{"start":{"line":327,"column":8},"end":{"line":327,"column":58}},"28":{"start":{"line":328,"column":8},"end":{"line":328,"column":41}},"29":{"start":{"line":330,"column":8},"end":{"line":330,"column":64}},"30":{"start":{"line":339,"column":8},"end":{"line":339,"column":66}},"31":{"start":{"line":341,"column":8},"end":{"line":341,"column":12848}},"32":{"start":{"line":344,"column":12},"end":{"line":344,"column":43}}},"branchMap":{"1":{"line":38,"type":"if","locations":[{"start":{"line":38,"column":8},"end":{"line":38,"column":8}},{"start":{"line":38,"column":8},"end":{"line":38,"column":8}}]},"2":{"line":83,"type":"if","locations":[{"start":{"line":83,"column":8},"end":{"line":83,"column":8}},{"start":{"line":83,"column":8},"end":{"line":83,"column":8}}]},"3":{"line":154,"type":"if","locations":[{"start":{"line":154,"column":8},"end":{"line":154,"column":8}},{"start":{"line":154,"column":8},"end":{"line":154,"column":8}}]},"4":{"line":181,"type":"if","locations":[{"start":{"line":181,"column":8},"end":{"line":181,"column":8}},{"start":{"line":181,"column":8},"end":{"line":181,"column":8}}]},"5":{"line":215,"type":"if","locations":[{"start":{"line":215,"column":8},"end":{"line":215,"column":8}},{"start":{"line":215,"column":8},"end":{"line":215,"column":8}}]},"6":{"line":341,"type":"if","locations":[{"start":{"line":341,"column":8},"end":{"line":341,"column":8}},{"start":{"line":341,"column":8},"end":{"line":341,"column":8}}]}}},"contracts/CertificateDB.sol":{"l":{"54":4,"62":2,"68":1,"75":5,"82":3,"89":2,"93":10},"path":"/Users/jbentke/Documents/EWF_Origin/ewf-coo/contracts/CertificateDB.sol","s":{"1":4,"2":2,"3":1,"4":5,"5":3,"6":2,"7":10},"b":{},"f":{"1":1,"2":4,"3":2,"4":1,"5":5,"6":3,"7":2,"8":10},"fnMap":{"1":{"name":"CertificateDB","line":45,"loc":{"start":{"line":45,"column":4},"end":{"line":45,"column":83}}},"2":{"name":"createCertificate","line":53,"loc":{"start":{"line":53,"column":4},"end":{"line":53,"column":140}}},"3":{"name":"setCertificateOwner","line":61,"loc":{"start":{"line":61,"column":4},"end":{"line":61,"column":84}}},"4":{"name":"retireCertificate","line":67,"loc":{"start":{"line":67,"column":4},"end":{"line":67,"column":66}}},"5":{"name":"getCertificate","line":74,"loc":{"start":{"line":74,"column":4},"end":{"line":74,"column":109}}},"6":{"name":"getCertificateOwner","line":81,"loc":{"start":{"line":81,"column":4},"end":{"line":81,"column":91}}},"7":{"name":"isRetired","line":88,"loc":{"start":{"line":88,"column":4},"end":{"line":88,"column":78}}},"8":{"name":"getCertificateListLength","line":92,"loc":{"start":{"line":92,"column":4},"end":{"line":92,"column":74}}}},"statementMap":{"1":{"start":{"line":54,"column":8},"end":{"line":54,"column":108}},"2":{"start":{"line":62,"column":8},"end":{"line":62,"column":53}},"3":{"start":{"line":68,"column":8},"end":{"line":68,"column":53}},"4":{"start":{"line":75,"column":8},"end":{"line":75,"column":260}},"5":{"start":{"line":82,"column":8},"end":{"line":82,"column":52}},"6":{"start":{"line":89,"column":8},"end":{"line":89,"column":54}},"7":{"start":{"line":93,"column":8},"end":{"line":93,"column":37}}},"branchMap":{}},"contracts/CertificateLogic.sol":{"l":{"50":2,"51":1,"65":3,"77":4,"78":4,"79":4,"80":4,"81":4,"82":4,"83":4,"96":1,"98":1,"104":2,"105":2,"106":2,"107":1,"108":1,"115":2,"122":3,"129":3,"136":2,"142":10,"147":12,"148":12,"158":1},"path":"/Users/jbentke/Documents/EWF_Origin/ewf-coo/contracts/CertificateLogic.sol","s":{"1":2,"2":1,"3":3,"4":4,"5":4,"6":4,"7":4,"8":4,"9":4,"10":4,"11":1,"12":1,"13":2,"14":2,"15":1,"16":3,"17":3,"18":2,"19":10,"20":12},"b":{"1":[1,1],"2":[4,0],"3":[1,1],"4":[12,0]},"f":{"1":1,"2":2,"3":3,"4":4,"5":1,"6":2,"7":2,"8":3,"9":3,"10":2,"11":10,"12":12,"13":1},"fnMap":{"1":{"name":"CertificateLogic","line":43,"loc":{"start":{"line":43,"column":4},"end":{"line":43,"column":65}}},"2":{"name":"init","line":49,"loc":{"start":{"line":49,"column":4},"end":{"line":49,"column":80}}},"3":{"name":"createCertificate","line":58,"loc":{"start":{"line":58,"column":4},"end":{"line":63,"column":5}}},"4":{"name":"createCertificateIntern","line":72,"loc":{"start":{"line":72,"column":4},"end":{"line":76,"column":5}}},"5":{"name":"createCertificateForAssetOwner","line":89,"loc":{"start":{"line":89,"column":4},"end":{"line":94,"column":5}}},"6":{"name":"retireCertificate","line":103,"loc":{"start":{"line":103,"column":4},"end":{"line":103,"column":61}}},"7":{"name":"changeCertificateOwner","line":114,"loc":{"start":{"line":114,"column":4},"end":{"line":114,"column":148}}},"8":{"name":"getCertificate","line":121,"loc":{"start":{"line":121,"column":4},"end":{"line":121,"column":109}}},"9":{"name":"getCertificateOwner","line":128,"loc":{"start":{"line":128,"column":4},"end":{"line":128,"column":81}}},"10":{"name":"isRetired","line":135,"loc":{"start":{"line":135,"column":4},"end":{"line":135,"column":68}}},"11":{"name":"getCertificateListLength","line":141,"loc":{"start":{"line":141,"column":4},"end":{"line":141,"column":64}}},"12":{"name":"isInitialized","line":146,"loc":{"start":{"line":146,"column":4},"end":{"line":146,"column":26}}},"13":{"name":"update","line":154,"loc":{"start":{"line":154,"column":4},"end":{"line":157,"column":5}}}},"statementMap":{"1":{"start":{"line":50,"column":8},"end":{"line":50,"column":51}},"2":{"start":{"line":51,"column":8},"end":{"line":51,"column":47}},"3":{"start":{"line":65,"column":8},"end":{"line":65,"column":68}},"4":{"start":{"line":77,"column":8},"end":{"line":77,"column":123}},"5":{"start":{"line":78,"column":8},"end":{"line":78,"column":131}},"6":{"start":{"line":79,"column":8},"end":{"line":79,"column":125}},"7":{"start":{"line":80,"column":8},"end":{"line":80,"column":91}},"8":{"start":{"line":81,"column":8},"end":{"line":81,"column":44}},"9":{"start":{"line":82,"column":8},"end":{"line":82,"column":81}},"10":{"start":{"line":83,"column":8},"end":{"line":83,"column":18}},"11":{"start":{"line":96,"column":8},"end":{"line":96,"column":150}},"12":{"start":{"line":98,"column":8},"end":{"line":98,"column":73}},"13":{"start":{"line":105,"column":8},"end":{"line":105,"column":108}},"14":{"start":{"line":106,"column":8},"end":{"line":106,"column":37}},"15":{"start":{"line":108,"column":8},"end":{"line":108,"column":34}},"16":{"start":{"line":122,"column":8},"end":{"line":122,"column":59}},"17":{"start":{"line":129,"column":8},"end":{"line":129,"column":64}},"18":{"start":{"line":136,"column":8},"end":{"line":136,"column":54}},"19":{"start":{"line":142,"column":8},"end":{"line":142,"column":55}},"20":{"start":{"line":147,"column":8},"end":{"line":147,"column":51}}},"branchMap":{"1":{"line":50,"type":"if","locations":[{"start":{"line":50,"column":8},"end":{"line":50,"column":8}},{"start":{"line":50,"column":8},"end":{"line":50,"column":8}}]},"2":{"line":78,"type":"if","locations":[{"start":{"line":78,"column":8},"end":{"line":78,"column":8}},{"start":{"line":78,"column":8},"end":{"line":78,"column":8}}]},"3":{"line":106,"type":"if","locations":[{"start":{"line":106,"column":8},"end":{"line":106,"column":8}},{"start":{"line":106,"column":8},"end":{"line":106,"column":8}}]},"4":{"line":147,"type":"if","locations":[{"start":{"line":147,"column":8},"end":{"line":147,"column":8}},{"start":{"line":147,"column":8},"end":{"line":147,"column":8}}]}}},"contracts/CoO.sol":{"l":{"47":1,"51":1,"52":1,"53":1,"54":1,"55":1,"67":2,"68":2,"69":2,"72":2,"73":1,"74":1,"77":2,"78":1,"79":1,"82":2,"83":1,"84":1,"87":2,"88":1,"89":1,"96":0},"path":"/Users/jbentke/Documents/EWF_Origin/ewf-coo/contracts/CoO.sol","s":{"1":1,"2":1,"3":1,"4":1,"5":1,"6":1,"7":2,"8":2,"9":2,"10":1,"11":2,"12":1,"13":2,"14":1,"15":2,"16":1,"17":0},"b":{"1":[1,0],"2":[2,0],"3":[1,1],"4":[1,1],"5":[1,1],"6":[1,1]},"f":{"1":1,"2":1,"3":2,"4":0},"fnMap":{"1":{"name":"CoO","line":32,"loc":{"start":{"line":32,"column":4},"end":{"line":35,"column":5}}},"2":{"name":"init","line":43,"loc":{"start":{"line":43,"column":4},"end":{"line":46,"column":5}}},"3":{"name":"update","line":63,"loc":{"start":{"line":63,"column":4},"end":{"line":66,"column":5}}},"4":{"name":null,"line":95,"loc":{"start":{"line":95,"column":4},"end":{"line":95,"column":22}}}},"statementMap":{"1":{"start":{"line":47,"column":8},"end":{"line":47,"column":1959}},"2":{"start":{"line":51,"column":8},"end":{"line":51,"column":35}},"3":{"start":{"line":52,"column":8},"end":{"line":52,"column":55}},"4":{"start":{"line":53,"column":8},"end":{"line":53,"column":49}},"5":{"start":{"line":54,"column":8},"end":{"line":54,"column":39}},"6":{"start":{"line":55,"column":8},"end":{"line":55,"column":55}},"7":{"start":{"line":67,"column":8},"end":{"line":67,"column":3174}},"8":{"start":{"line":69,"column":12},"end":{"line":69,"column":39}},"9":{"start":{"line":72,"column":8},"end":{"line":72,"column":3317}},"10":{"start":{"line":74,"column":12},"end":{"line":74,"column":59}},"11":{"start":{"line":77,"column":8},"end":{"line":77,"column":3511}},"12":{"start":{"line":79,"column":12},"end":{"line":79,"column":53}},"13":{"start":{"line":82,"column":8},"end":{"line":82,"column":3690}},"14":{"start":{"line":84,"column":12},"end":{"line":84,"column":43}},"15":{"start":{"line":87,"column":8},"end":{"line":87,"column":3844}},"16":{"start":{"line":89,"column":12},"end":{"line":89,"column":59}},"17":{"start":{"line":96,"column":8},"end":{"line":96,"column":15}}},"branchMap":{"1":{"line":47,"type":"if","locations":[{"start":{"line":47,"column":8},"end":{"line":47,"column":8}},{"start":{"line":47,"column":8},"end":{"line":47,"column":8}}]},"2":{"line":67,"type":"if","locations":[{"start":{"line":67,"column":8},"end":{"line":67,"column":8}},{"start":{"line":67,"column":8},"end":{"line":67,"column":8}}]},"3":{"line":72,"type":"if","locations":[{"start":{"line":72,"column":8},"end":{"line":72,"column":8}},{"start":{"line":72,"column":8},"end":{"line":72,"column":8}}]},"4":{"line":77,"type":"if","locations":[{"start":{"line":77,"column":8},"end":{"line":77,"column":8}},{"start":{"line":77,"column":8},"end":{"line":77,"column":8}}]},"5":{"line":82,"type":"if","locations":[{"start":{"line":82,"column":8},"end":{"line":82,"column":8}},{"start":{"line":82,"column":8},"end":{"line":82,"column":8}}]},"6":{"line":87,"type":"if","locations":[{"start":{"line":87,"column":8},"end":{"line":87,"column":8}},{"start":{"line":87,"column":8},"end":{"line":87,"column":8}}]}}},"contracts/DemandDB.sol":{"l":{"105":3,"120":3,"122":3,"123":3,"124":3,"134":3,"168":3,"170":3,"171":3,"172":3,"173":3,"174":3,"175":3,"176":3,"177":3,"178":3,"201":3,"203":3,"204":3,"205":3,"206":3,"207":3,"208":3,"233":3,"235":3,"237":3,"238":3,"239":3,"240":3,"242":3,"243":3,"244":3,"245":3,"246":3,"247":3,"248":3,"249":3,"250":3,"251":3,"252":3,"263":1,"264":1,"265":1,"266":1,"278":3,"288":3,"289":3,"306":3,"308":3,"309":3,"310":3,"311":3,"321":9,"332":3,"342":10,"352":5,"367":5,"368":5,"369":5,"390":24,"391":24,"392":24,"409":29,"410":29,"411":29,"430":23,"431":23,"432":23,"443":4,"454":4},"path":"/Users/jbentke/Documents/EWF_Origin/ewf-coo/contracts/DemandDB.sol","s":{"1":3,"2":3,"3":3,"4":3,"5":3,"6":3,"7":3,"8":3,"9":3,"10":3,"11":3,"12":3,"13":3,"14":3,"15":3,"16":3,"17":3,"18":3,"19":3,"20":3,"21":3,"22":3,"23":3,"24":3,"25":3,"26":3,"27":3,"28":3,"29":3,"30":3,"31":3,"32":3,"33":3,"34":3,"35":3,"36":3,"37":3,"38":3,"39":3,"40":1,"41":1,"42":1,"43":3,"44":3,"45":3,"46":3,"47":3,"48":3,"49":3,"50":3,"51":9,"52":3,"53":10,"54":5,"55":5,"56":5,"57":5,"58":24,"59":24,"60":24,"61":29,"62":29,"63":29,"64":23,"65":23,"66":23,"67":4,"68":4},"b":{"1":[1,0]},"f":{"1":1,"2":3,"3":3,"4":3,"5":3,"6":3,"7":3,"8":1,"9":3,"10":3,"11":3,"12":9,"13":3,"14":10,"15":5,"16":5,"17":24,"18":29,"19":23,"20":4,"21":4},"fnMap":{"1":{"name":"DemandDB","line":92,"loc":{"start":{"line":92,"column":4},"end":{"line":95,"column":5}}},"2":{"name":"addActiveDemand","line":101,"loc":{"start":{"line":101,"column":4},"end":{"line":104,"column":5}}},"3":{"name":"createCoupling","line":112,"loc":{"start":{"line":112,"column":4},"end":{"line":119,"column":5}}},"4":{"name":"createEmptyDemand","line":129,"loc":{"start":{"line":129,"column":4},"end":{"line":133,"column":5}}},"5":{"name":"createGeneralDemand","line":153,"loc":{"start":{"line":153,"column":4},"end":{"line":166,"column":5}}},"6":{"name":"createMatchProperties","line":189,"loc":{"start":{"line":189,"column":4},"end":{"line":199,"column":5}}},"7":{"name":"createPriceDriving","line":216,"loc":{"start":{"line":216,"column":4},"end":{"line":232,"column":5}}},"8":{"name":"removeActiveDemand","line":259,"loc":{"start":{"line":259,"column":4},"end":{"line":262,"column":5}}},"9":{"name":"setDemandCreationTime","line":274,"loc":{"start":{"line":274,"column":4},"end":{"line":277,"column":5}}},"10":{"name":"setEnabled","line":284,"loc":{"start":{"line":284,"column":4},"end":{"line":287,"column":5}}},"11":{"name":"updateMatchProperties","line":297,"loc":{"start":{"line":297,"column":4},"end":{"line":305,"column":5}}},"12":{"name":"demandExists","line":317,"loc":{"start":{"line":317,"column":4},"end":{"line":321,"column":5}}},"13":{"name":"getActiveDemandIdAt","line":328,"loc":{"start":{"line":328,"column":4},"end":{"line":333,"column":5}}},"14":{"name":"getActiveDemandListLength","line":339,"loc":{"start":{"line":339,"column":4},"end":{"line":344,"column":5}}},"15":{"name":"getAllDemandListLength","line":350,"loc":{"start":{"line":350,"column":4},"end":{"line":355,"column":5}}},"16":{"name":"getDemandCoupling","line":363,"loc":{"start":{"line":363,"column":4},"end":{"line":371,"column":5}}},"17":{"name":"getDemandGeneral","line":381,"loc":{"start":{"line":381,"column":4},"end":{"line":395,"column":5}}},"18":{"name":"getDemandMatcherProperties","line":404,"loc":{"start":{"line":404,"column":4},"end":{"line":415,"column":5}}},"19":{"name":"getDemandPriceDriving","line":425,"loc":{"start":{"line":425,"column":4},"end":{"line":437,"column":5}}},"20":{"name":"getStartEpoche","line":446,"loc":{"start":{"line":446,"column":4},"end":{"line":451,"column":5}}},"21":{"name":"getTimeFrame","line":458,"loc":{"start":{"line":458,"column":4},"end":{"line":463,"column":5}}}},"statementMap":{"1":{"start":{"line":120,"column":8},"end":{"line":120,"column":44}},"2":{"start":{"line":122,"column":8},"end":{"line":122,"column":36}},"3":{"start":{"line":123,"column":8},"end":{"line":123,"column":38}},"4":{"start":{"line":124,"column":8},"end":{"line":124,"column":38}},"5":{"start":{"line":134,"column":4},"end":{"line":134,"column":4309}},"6":{"start":{"line":168,"column":8},"end":{"line":168,"column":44}},"7":{"start":{"line":170,"column":8},"end":{"line":170,"column":40}},"8":{"start":{"line":171,"column":8},"end":{"line":171,"column":33}},"9":{"start":{"line":172,"column":8},"end":{"line":172,"column":23}},"10":{"start":{"line":173,"column":8},"end":{"line":173,"column":31}},"11":{"start":{"line":174,"column":8},"end":{"line":174,"column":27}},"12":{"start":{"line":175,"column":8},"end":{"line":175,"column":31}},"13":{"start":{"line":176,"column":8},"end":{"line":176,"column":53}},"14":{"start":{"line":177,"column":8},"end":{"line":177,"column":29}},"15":{"start":{"line":178,"column":8},"end":{"line":178,"column":27}},"16":{"start":{"line":201,"column":8},"end":{"line":201,"column":44}},"17":{"start":{"line":203,"column":8},"end":{"line":203,"column":48}},"18":{"start":{"line":204,"column":8},"end":{"line":204,"column":47}},"19":{"start":{"line":205,"column":8},"end":{"line":205,"column":49}},"20":{"start":{"line":206,"column":8},"end":{"line":206,"column":51}},"21":{"start":{"line":207,"column":8},"end":{"line":207,"column":65}},"22":{"start":{"line":208,"column":8},"end":{"line":208,"column":27}},"23":{"start":{"line":233,"column":8},"end":{"line":233,"column":44}},"24":{"start":{"line":235,"column":8},"end":{"line":235,"column":46}},"25":{"start":{"line":237,"column":8},"end":{"line":237,"column":33}},"26":{"start":{"line":238,"column":8},"end":{"line":238,"column":26}},"27":{"start":{"line":239,"column":8},"end":{"line":239,"column":37}},"28":{"start":{"line":240,"column":8},"end":{"line":240,"column":49}},"29":{"start":{"line":242,"column":8},"end":{"line":242,"column":64}},"30":{"start":{"line":243,"column":12},"end":{"line":243,"column":38}},"31":{"start":{"line":244,"column":12},"end":{"line":244,"column":36}},"32":{"start":{"line":245,"column":12},"end":{"line":245,"column":30}},"33":{"start":{"line":246,"column":12},"end":{"line":246,"column":32}},"34":{"start":{"line":247,"column":12},"end":{"line":247,"column":36}},"35":{"start":{"line":248,"column":12},"end":{"line":248,"column":46}},"36":{"start":{"line":249,"column":12},"end":{"line":249,"column":46}},"37":{"start":{"line":250,"column":12},"end":{"line":250,"column":48}},"38":{"start":{"line":251,"column":12},"end":{"line":251,"column":33}},"39":{"start":{"line":252,"column":8},"end":{"line":252,"column":29}},"40":{"start":{"line":263,"column":8},"end":{"line":263,"column":8716}},"41":{"start":{"line":264,"column":12},"end":{"line":264,"column":8782}},"42":{"start":{"line":265,"column":16},"end":{"line":265,"column":71}},"43":{"start":{"line":278,"column":8},"end":{"line":278,"column":41}},"44":{"start":{"line":288,"column":8},"end":{"line":288,"column":44}},"45":{"start":{"line":289,"column":8},"end":{"line":289,"column":27}},"46":{"start":{"line":306,"column":8},"end":{"line":306,"column":44}},"47":{"start":{"line":308,"column":8},"end":{"line":308,"column":48}},"48":{"start":{"line":309,"column":8},"end":{"line":309,"column":49}},"49":{"start":{"line":310,"column":8},"end":{"line":310,"column":51}},"50":{"start":{"line":311,"column":8},"end":{"line":311,"column":65}},"51":{"start":{"line":322,"column":8},"end":{"line":322,"column":41}},"52":{"start":{"line":334,"column":8},"end":{"line":334,"column":36}},"53":{"start":{"line":345,"column":8},"end":{"line":345,"column":35}},"54":{"start":{"line":356,"column":8},"end":{"line":356,"column":32}},"55":{"start":{"line":372,"column":8},"end":{"line":372,"column":44}},"56":{"start":{"line":373,"column":8},"end":{"line":373,"column":36}},"57":{"start":{"line":374,"column":8},"end":{"line":374,"column":52}},"58":{"start":{"line":396,"column":8},"end":{"line":396,"column":44}},"59":{"start":{"line":397,"column":8},"end":{"line":397,"column":40}},"60":{"start":{"line":398,"column":8},"end":{"line":398,"column":122}},"61":{"start":{"line":416,"column":8},"end":{"line":416,"column":44}},"62":{"start":{"line":417,"column":8},"end":{"line":417,"column":48}},"63":{"start":{"line":418,"column":8},"end":{"line":418,"column":122}},"64":{"start":{"line":438,"column":8},"end":{"line":438,"column":44}},"65":{"start":{"line":439,"column":8},"end":{"line":439,"column":46}},"66":{"start":{"line":440,"column":8},"end":{"line":440,"column":122}},"67":{"start":{"line":452,"column":8},"end":{"line":452,"column":38}},"68":{"start":{"line":464,"column":12},"end":{"line":464,"column":55}}},"branchMap":{"1":{"line":264,"type":"if","locations":[{"start":{"line":264,"column":12},"end":{"line":264,"column":12}},{"start":{"line":264,"column":12},"end":{"line":264,"column":12}}]}}},"contracts/DemandLogic.sol":{"l":{"50":48,"51":48,"55":9,"56":9,"76":3,"77":3,"86":1,"87":1,"119":3,"120":3,"121":3,"141":3,"142":3,"165":3,"166":3,"178":4,"179":4,"182":4,"183":4,"185":4,"186":4,"189":3,"190":3,"191":3,"192":3,"193":3,"195":3,"198":3,"200":3,"209":1,"216":3,"222":10,"228":5,"242":1,"262":1,"279":7,"297":1,"307":16,"308":16,"309":16,"310":16,"311":16,"319":2,"320":2,"321":1,"332":5,"333":5,"335":5,"337":5,"345":4,"349":4,"351":4,"352":0,"353":0,"356":4,"367":6,"370":6,"371":4,"373":4,"375":4,"376":4,"378":0,"379":0,"380":0,"381":0,"383":4,"384":4,"385":4,"396":6,"398":6,"399":1,"401":5,"402":5,"404":5,"405":1,"407":4,"408":4,"409":0,"414":4,"415":4,"417":4,"418":1,"420":3,"432":4,"434":4,"436":0,"437":0,"439":0,"440":0,"442":0,"443":0,"452":9,"454":9,"455":3,"456":3,"457":3,"458":3},"path":"/Users/jbentke/Documents/EWF_Origin/ewf-coo/contracts/DemandLogic.sol","s":{"1":48,"2":9,"3":3,"4":3,"5":1,"6":1,"7":3,"8":3,"9":3,"10":4,"11":4,"12":4,"13":4,"14":4,"15":4,"16":3,"17":3,"18":3,"19":3,"20":3,"21":10,"22":5,"23":1,"24":1,"25":7,"26":1,"27":16,"28":16,"29":16,"30":16,"31":16,"32":2,"33":2,"34":5,"35":5,"36":5,"37":0,"38":5,"39":1,"40":4,"41":4,"42":4,"43":0,"44":0,"45":4,"46":6,"47":6,"48":2,"49":4,"50":4,"51":4,"52":4,"53":0,"54":0,"55":0,"56":0,"57":0,"58":0,"59":4,"60":4,"61":4,"62":6,"63":6,"64":1,"65":5,"66":5,"67":5,"68":1,"69":4,"70":4,"71":0,"72":4,"73":4,"74":4,"75":1,"76":3,"77":4,"78":4,"79":0,"80":0,"81":0,"82":0,"83":0,"84":0,"85":9,"86":9,"87":3},"b":{"1":[48,0],"2":[9,0],"3":[1,0],"4":[4,0],"5":[4,0],"6":[3,1],"7":[3,0],"8":[1,1],"9":[0,5],"10":[0,0],"11":[1,4],"12":[0,4],"13":[0,4],"14":[0,0],"15":[2,4],"16":[4,0],"17":[0,4],"18":[0,0],"19":[1,5],"20":[5,0],"21":[1,4],"22":[4,0],"23":[0,4],"24":[1,3],"25":[4,0],"26":[0,0],"27":[0,0],"28":[0,0],"29":[3,6]},"f":{"1":48,"2":9,"3":1,"4":3,"5":1,"6":3,"7":3,"8":3,"9":4,"10":1,"11":3,"12":10,"13":5,"14":1,"15":1,"16":7,"17":1,"18":16,"19":2,"20":5,"21":6,"22":6,"23":4,"24":9},"fnMap":{"1":{"name":"isInitialized","line":49,"loc":{"start":{"line":49,"column":4},"end":{"line":49,"column":24}}},"2":{"name":"doesNotExist","line":54,"loc":{"start":{"line":54,"column":4},"end":{"line":54,"column":36}}},"3":{"name":"DemandLogic","line":61,"loc":{"start":{"line":61,"column":4},"end":{"line":64,"column":5}}},"4":{"name":"createDemand","line":70,"loc":{"start":{"line":70,"column":4},"end":{"line":74,"column":6}}},"5":{"name":"init","line":82,"loc":{"start":{"line":82,"column":4},"end":{"line":85,"column":5}}},"6":{"name":"initGeneralAndCoupling","line":100,"loc":{"start":{"line":100,"column":4},"end":{"line":117,"column":5}}},"7":{"name":"initMatchProperties","line":130,"loc":{"start":{"line":130,"column":4},"end":{"line":140,"column":5}}},"8":{"name":"initPriceDriving","line":151,"loc":{"start":{"line":151,"column":4},"end":{"line":164,"column":5}}},"9":{"name":"matchDemand","line":173,"loc":{"start":{"line":173,"column":4},"end":{"line":176,"column":5}}},"10":{"name":"update","line":205,"loc":{"start":{"line":205,"column":4},"end":{"line":208,"column":5}}},"11":{"name":"getActiveDemandIdAt","line":215,"loc":{"start":{"line":215,"column":4},"end":{"line":215,"column":86}}},"12":{"name":"getActiveDemandListLength","line":221,"loc":{"start":{"line":221,"column":4},"end":{"line":221,"column":81}}},"13":{"name":"getAllDemandListLength","line":227,"loc":{"start":{"line":227,"column":4},"end":{"line":227,"column":78}}},"14":{"name":"getDemandCoupling","line":234,"loc":{"start":{"line":234,"column":4},"end":{"line":242,"column":5}}},"15":{"name":"getDemandGeneral","line":249,"loc":{"start":{"line":249,"column":4},"end":{"line":263,"column":5}}},"16":{"name":"getDemandMatcherProperties","line":270,"loc":{"start":{"line":270,"column":4},"end":{"line":281,"column":5}}},"17":{"name":"getDemandPriceDriving","line":288,"loc":{"start":{"line":288,"column":4},"end":{"line":300,"column":5}}},"18":{"name":"getExistStatus","line":307,"loc":{"start":{"line":307,"column":4},"end":{"line":311,"column":5}}},"19":{"name":"removeActiveDemand","line":321,"loc":{"start":{"line":321,"column":4},"end":{"line":323,"column":5}}},"20":{"name":"checkDemandGeneral","line":333,"loc":{"start":{"line":333,"column":4},"end":{"line":337,"column":5}}},"21":{"name":"checkMatcher","line":369,"loc":{"start":{"line":369,"column":4},"end":{"line":373,"column":5}}},"22":{"name":"checkPriceDriving","line":399,"loc":{"start":{"line":399,"column":4},"end":{"line":403,"column":5}}},"23":{"name":"getCurrentPeriod","line":435,"loc":{"start":{"line":435,"column":4},"end":{"line":440,"column":5}}},"24":{"name":"checkForFullDemand","line":458,"loc":{"start":{"line":458,"column":4},"end":{"line":460,"column":5}}}},"statementMap":{"1":{"start":{"line":50,"column":8},"end":{"line":50,"column":34}},"2":{"start":{"line":55,"column":8},"end":{"line":55,"column":40}},"3":{"start":{"line":76,"column":8},"end":{"line":76,"column":45}},"4":{"start":{"line":77,"column":8},"end":{"line":77,"column":47}},"5":{"start":{"line":86,"column":8},"end":{"line":86,"column":34}},"6":{"start":{"line":87,"column":8},"end":{"line":87,"column":22}},"7":{"start":{"line":121,"column":8},"end":{"line":121,"column":30}},"8":{"start":{"line":142,"column":8},"end":{"line":142,"column":30}},"9":{"start":{"line":166,"column":8},"end":{"line":166,"column":30}},"10":{"start":{"line":178,"column":8},"end":{"line":178,"column":87}},"11":{"start":{"line":179,"column":8},"end":{"line":179,"column":68}},"12":{"start":{"line":182,"column":8},"end":{"line":182,"column":72}},"13":{"start":{"line":183,"column":8},"end":{"line":183,"column":25}},"14":{"start":{"line":185,"column":8},"end":{"line":185,"column":72}},"15":{"start":{"line":186,"column":8},"end":{"line":186,"column":25}},"16":{"start":{"line":192,"column":8},"end":{"line":192,"column":106}},"17":{"start":{"line":193,"column":8},"end":{"line":193,"column":25}},"18":{"start":{"line":195,"column":8},"end":{"line":195,"column":131}},"19":{"start":{"line":200,"column":8},"end":{"line":200,"column":105}},"20":{"start":{"line":216,"column":8},"end":{"line":216,"column":45}},"21":{"start":{"line":222,"column":8},"end":{"line":222,"column":45}},"22":{"start":{"line":228,"column":8},"end":{"line":228,"column":42}},"23":{"start":{"line":243,"column":7},"end":{"line":243,"column":42}},"24":{"start":{"line":264,"column":8},"end":{"line":264,"column":42}},"25":{"start":{"line":282,"column":7},"end":{"line":282,"column":51}},"26":{"start":{"line":301,"column":6},"end":{"line":301,"column":45}},"27":{"start":{"line":312,"column":7},"end":{"line":312,"column":54}},"28":{"start":{"line":313,"column":7},"end":{"line":313,"column":37}},"29":{"start":{"line":314,"column":7},"end":{"line":314,"column":63}},"30":{"start":{"line":315,"column":7},"end":{"line":315,"column":41}},"31":{"start":{"line":316,"column":7},"end":{"line":316,"column":59}},"32":{"start":{"line":324,"column":8},"end":{"line":324,"column":66}},"33":{"start":{"line":325,"column":8},"end":{"line":325,"column":29}},"34":{"start":{"line":338,"column":8},"end":{"line":338,"column":99}},"35":{"start":{"line":339,"column":8},"end":{"line":339,"column":147}},"36":{"start":{"line":341,"column":8},"end":{"line":341,"column":67}},"37":{"start":{"line":341,"column":39},"end":{"line":341,"column":66}},"38":{"start":{"line":343,"column":8},"end":{"line":343,"column":12768}},"39":{"start":{"line":349,"column":11},"end":{"line":349,"column":56}},"40":{"start":{"line":351,"column":8},"end":{"line":351,"column":13027}},"41":{"start":{"line":355,"column":8},"end":{"line":355,"column":56}},"42":{"start":{"line":357,"column":8},"end":{"line":357,"column":13124}},"43":{"start":{"line":358,"column":11},"end":{"line":358,"column":13200}},"44":{"start":{"line":359,"column":12},"end":{"line":359,"column":52}},"45":{"start":{"line":362,"column":8},"end":{"line":362,"column":45}},"46":{"start":{"line":374,"column":8},"end":{"line":374,"column":133}},"47":{"start":{"line":377,"column":8},"end":{"line":377,"column":73}},"48":{"start":{"line":377,"column":35},"end":{"line":377,"column":73}},"49":{"start":{"line":378,"column":8},"end":{"line":378,"column":56}},"50":{"start":{"line":380,"column":12},"end":{"line":380,"column":60}},"51":{"start":{"line":382,"column":12},"end":{"line":382,"column":14069}},"52":{"start":{"line":383,"column":16},"end":{"line":383,"column":115}},"53":{"start":{"line":383,"column":69},"end":{"line":383,"column":115}},"54":{"start":{"line":385,"column":16},"end":{"line":385,"column":96}},"55":{"start":{"line":385,"column":50},"end":{"line":385,"column":96}},"56":{"start":{"line":386,"column":16},"end":{"line":386,"column":41}},"57":{"start":{"line":387,"column":16},"end":{"line":387,"column":37}},"58":{"start":{"line":388,"column":16},"end":{"line":388,"column":37}},"59":{"start":{"line":390,"column":8},"end":{"line":390,"column":38}},"60":{"start":{"line":391,"column":8},"end":{"line":391,"column":31}},"61":{"start":{"line":392,"column":8},"end":{"line":392,"column":94}},"62":{"start":{"line":404,"column":8},"end":{"line":404,"column":130}},"63":{"start":{"line":406,"column":8},"end":{"line":406,"column":15181}},"64":{"start":{"line":407,"column":12},"end":{"line":407,"column":46}},"65":{"start":{"line":409,"column":9},"end":{"line":409,"column":15357}},"66":{"start":{"line":410,"column":12},"end":{"line":410,"column":153}},"67":{"start":{"line":412,"column":12},"end":{"line":412,"column":15609}},"68":{"start":{"line":413,"column":16},"end":{"line":413,"column":47}},"69":{"start":{"line":415,"column":12},"end":{"line":415,"column":15678}},"70":{"start":{"line":416,"column":16},"end":{"line":416,"column":15765}},"71":{"start":{"line":417,"column":20},"end":{"line":417,"column":50}},"72":{"start":{"line":422,"column":9},"end":{"line":422,"column":125}},"73":{"start":{"line":423,"column":9},"end":{"line":423,"column":58}},"74":{"start":{"line":425,"column":9},"end":{"line":425,"column":16084}},"75":{"start":{"line":426,"column":12},"end":{"line":426,"column":39}},"76":{"start":{"line":428,"column":8},"end":{"line":428,"column":37}},"77":{"start":{"line":441,"column":8},"end":{"line":441,"column":16482}},"78":{"start":{"line":443,"column":12},"end":{"line":443,"column":63}},"79":{"start":{"line":445,"column":8},"end":{"line":445,"column":16606}},"80":{"start":{"line":446,"column":12},"end":{"line":446,"column":63}},"81":{"start":{"line":448,"column":8},"end":{"line":448,"column":16722}},"82":{"start":{"line":449,"column":12},"end":{"line":449,"column":62}},"83":{"start":{"line":451,"column":8},"end":{"line":451,"column":16837}},"84":{"start":{"line":452,"column":12},"end":{"line":452,"column":63}},"85":{"start":{"line":461,"column":8},"end":{"line":461,"column":87}},"86":{"start":{"line":463,"column":8},"end":{"line":463,"column":17230}},"87":{"start":{"line":467,"column":12},"end":{"line":467,"column":40}}},"branchMap":{"1":{"line":50,"type":"if","locations":[{"start":{"line":50,"column":8},"end":{"line":50,"column":8}},{"start":{"line":50,"column":8},"end":{"line":50,"column":8}}]},"2":{"line":55,"type":"if","locations":[{"start":{"line":55,"column":8},"end":{"line":55,"column":8}},{"start":{"line":55,"column":8},"end":{"line":55,"column":8}}]},"3":{"line":86,"type":"if","locations":[{"start":{"line":86,"column":8},"end":{"line":86,"column":8}},{"start":{"line":86,"column":8},"end":{"line":86,"column":8}}]},"4":{"line":179,"type":"if","locations":[{"start":{"line":179,"column":8},"end":{"line":179,"column":8}},{"start":{"line":179,"column":8},"end":{"line":179,"column":8}}]},"5":{"line":183,"type":"if","locations":[{"start":{"line":183,"column":8},"end":{"line":183,"column":8}},{"start":{"line":183,"column":8},"end":{"line":183,"column":8}}]},"6":{"line":186,"type":"if","locations":[{"start":{"line":186,"column":8},"end":{"line":186,"column":8}},{"start":{"line":186,"column":8},"end":{"line":186,"column":8}}]},"7":{"line":193,"type":"if","locations":[{"start":{"line":193,"column":8},"end":{"line":193,"column":8}},{"start":{"line":193,"column":8},"end":{"line":193,"column":8}}]},"8":{"line":325,"type":"if","locations":[{"start":{"line":325,"column":8},"end":{"line":325,"column":8}},{"start":{"line":325,"column":8},"end":{"line":325,"column":8}}]},"9":{"line":341,"type":"if","locations":[{"start":{"line":341,"column":8},"end":{"line":341,"column":8}},{"start":{"line":341,"column":8},"end":{"line":341,"column":8}}]},"10":{"line":341,"type":"if","locations":[{"start":{"line":341,"column":39},"end":{"line":341,"column":39}},{"start":{"line":341,"column":39},"end":{"line":341,"column":39}}]},"11":{"line":343,"type":"if","locations":[{"start":{"line":343,"column":8},"end":{"line":343,"column":8}},{"start":{"line":343,"column":8},"end":{"line":343,"column":8}}]},"12":{"line":351,"type":"if","locations":[{"start":{"line":351,"column":8},"end":{"line":351,"column":8}},{"start":{"line":351,"column":8},"end":{"line":351,"column":8}}]},"13":{"line":357,"type":"if","locations":[{"start":{"line":357,"column":8},"end":{"line":357,"column":8}},{"start":{"line":357,"column":8},"end":{"line":357,"column":8}}]},"14":{"line":358,"type":"if","locations":[{"start":{"line":358,"column":11},"end":{"line":358,"column":11}},{"start":{"line":358,"column":11},"end":{"line":358,"column":11}}]},"15":{"line":377,"type":"if","locations":[{"start":{"line":377,"column":8},"end":{"line":377,"column":8}},{"start":{"line":377,"column":8},"end":{"line":377,"column":8}}]},"16":{"line":382,"type":"if","locations":[{"start":{"line":382,"column":12},"end":{"line":382,"column":12}},{"start":{"line":382,"column":12},"end":{"line":382,"column":12}}]},"17":{"line":383,"type":"if","locations":[{"start":{"line":383,"column":16},"end":{"line":383,"column":16}},{"start":{"line":383,"column":16},"end":{"line":383,"column":16}}]},"18":{"line":385,"type":"if","locations":[{"start":{"line":385,"column":16},"end":{"line":385,"column":16}},{"start":{"line":385,"column":16},"end":{"line":385,"column":16}}]},"19":{"line":406,"type":"if","locations":[{"start":{"line":406,"column":8},"end":{"line":406,"column":8}},{"start":{"line":406,"column":8},"end":{"line":406,"column":8}}]},"20":{"line":409,"type":"if","locations":[{"start":{"line":409,"column":9},"end":{"line":409,"column":9}},{"start":{"line":409,"column":9},"end":{"line":409,"column":9}}]},"21":{"line":412,"type":"if","locations":[{"start":{"line":412,"column":12},"end":{"line":412,"column":12}},{"start":{"line":412,"column":12},"end":{"line":412,"column":12}}]},"22":{"line":415,"type":"if","locations":[{"start":{"line":415,"column":12},"end":{"line":415,"column":12}},{"start":{"line":415,"column":12},"end":{"line":415,"column":12}}]},"23":{"line":416,"type":"if","locations":[{"start":{"line":416,"column":16},"end":{"line":416,"column":16}},{"start":{"line":416,"column":16},"end":{"line":416,"column":16}}]},"24":{"line":425,"type":"if","locations":[{"start":{"line":425,"column":9},"end":{"line":425,"column":9}},{"start":{"line":425,"column":9},"end":{"line":425,"column":9}}]},"25":{"line":441,"type":"if","locations":[{"start":{"line":441,"column":8},"end":{"line":441,"column":8}},{"start":{"line":441,"column":8},"end":{"line":441,"column":8}}]},"26":{"line":445,"type":"if","locations":[{"start":{"line":445,"column":8},"end":{"line":445,"column":8}},{"start":{"line":445,"column":8},"end":{"line":445,"column":8}}]},"27":{"line":448,"type":"if","locations":[{"start":{"line":448,"column":8},"end":{"line":448,"column":8}},{"start":{"line":448,"column":8},"end":{"line":448,"column":8}}]},"28":{"line":451,"type":"if","locations":[{"start":{"line":451,"column":8},"end":{"line":451,"column":8}},{"start":{"line":451,"column":8},"end":{"line":451,"column":8}}]},"29":{"line":463,"type":"if","locations":[{"start":{"line":463,"column":8},"end":{"line":463,"column":8}},{"start":{"line":463,"column":8},"end":{"line":463,"column":8}}]}}},"contracts/LocationDefinition.sol":{"l":{},"path":"/Users/jbentke/Documents/EWF_Origin/ewf-coo/contracts/LocationDefinition.sol","s":{},"b":{},"f":{},"fnMap":{},"statementMap":{},"branchMap":{}},"contracts/Owned.sol":{"l":{"35":8,"36":8,"37":8},"path":"/Users/jbentke/Documents/EWF_Origin/ewf-coo/contracts/Owned.sol","s":{"1":622,"2":6,"3":8,"4":8,"5":8},"b":{"1":[615,7],"2":[8,0]},"f":{"1":622,"2":6,"3":8},"fnMap":{"1":{"name":"onlyOwner","line":22,"loc":{"start":{"line":22,"column":4},"end":{"line":22,"column":20}}},"2":{"name":"Owned","line":29,"loc":{"start":{"line":29,"column":4},"end":{"line":29,"column":43}}},"3":{"name":"changeOwner","line":34,"loc":{"start":{"line":34,"column":4},"end":{"line":34,"column":59}}}},"statementMap":{"1":{"start":{"line":22,"column":25},"end":{"line":22,"column":53}},"2":{"start":{"line":29,"column":48},"end":{"line":29,"column":65}},"3":{"start":{"line":35,"column":8},"end":{"line":35,"column":39}},"4":{"start":{"line":36,"column":8},"end":{"line":36,"column":24}},"5":{"start":{"line":37,"column":8},"end":{"line":37,"column":32}}},"branchMap":{"1":{"line":22,"type":"if","locations":[{"start":{"line":22,"column":25},"end":{"line":22,"column":25}},{"start":{"line":22,"column":25},"end":{"line":22,"column":25}}]},"2":{"line":35,"type":"if","locations":[{"start":{"line":35,"column":8},"end":{"line":35,"column":8}},{"start":{"line":35,"column":8},"end":{"line":35,"column":8}}]}}},"contracts/RoleManagement.sol":{"l":{"51":119,"52":109,"56":24,"57":20,"61":30,"62":29,"66":7,"67":7,"73":5,"81":249,"82":128,"85":121,"87":121,"90":120},"path":"/Users/jbentke/Documents/EWF_Origin/ewf-coo/contracts/RoleManagement.sol","s":{"1":119,"2":24,"3":30,"4":7,"5":5,"6":249,"7":128,"8":121,"9":121,"10":120},"b":{"1":[109,10],"2":[20,4],"3":[29,1],"4":[7,0],"5":[128,121]},"f":{"1":119,"2":24,"3":30,"4":7,"5":5,"6":249},"fnMap":{"1":{"name":"onlyRole","line":50,"loc":{"start":{"line":50,"column":4},"end":{"line":50,"column":47}}},"2":{"name":"onlyAccount","line":55,"loc":{"start":{"line":55,"column":4},"end":{"line":55,"column":46}}},"3":{"name":"userExists","line":60,"loc":{"start":{"line":60,"column":4},"end":{"line":60,"column":35}}},"4":{"name":"userHasRole","line":65,"loc":{"start":{"line":65,"column":4},"end":{"line":65,"column":63}}},"5":{"name":"RoleManagement","line":72,"loc":{"start":{"line":72,"column":4},"end":{"line":72,"column":51}}},"6":{"name":"isRole","line":79,"loc":{"start":{"line":79,"column":4},"end":{"line":79,"column":92}}}},"statementMap":{"1":{"start":{"line":51,"column":8},"end":{"line":51,"column":42}},"2":{"start":{"line":56,"column":8},"end":{"line":56,"column":44}},"3":{"start":{"line":61,"column":8},"end":{"line":61,"column":79}},"4":{"start":{"line":66,"column":8},"end":{"line":66,"column":37}},"5":{"start":{"line":73,"column":8},"end":{"line":73,"column":33}},"6":{"start":{"line":81,"column":8},"end":{"line":81,"column":2639}},"7":{"start":{"line":82,"column":12},"end":{"line":82,"column":23}},"8":{"start":{"line":85,"column":8},"end":{"line":85,"column":87}},"9":{"start":{"line":87,"column":8},"end":{"line":87,"column":41}},"10":{"start":{"line":90,"column":8},"end":{"line":90,"column":35}}},"branchMap":{"1":{"line":51,"type":"if","locations":[{"start":{"line":51,"column":8},"end":{"line":51,"column":8}},{"start":{"line":51,"column":8},"end":{"line":51,"column":8}}]},"2":{"line":56,"type":"if","locations":[{"start":{"line":56,"column":8},"end":{"line":56,"column":8}},{"start":{"line":56,"column":8},"end":{"line":56,"column":8}}]},"3":{"line":61,"type":"if","locations":[{"start":{"line":61,"column":8},"end":{"line":61,"column":8}},{"start":{"line":61,"column":8},"end":{"line":61,"column":8}}]},"4":{"line":66,"type":"if","locations":[{"start":{"line":66,"column":8},"end":{"line":66,"column":8}},{"start":{"line":66,"column":8},"end":{"line":66,"column":8}}]},"5":{"line":81,"type":"if","locations":[{"start":{"line":81,"column":8},"end":{"line":81,"column":8}},{"start":{"line":81,"column":8},"end":{"line":81,"column":8}}]}}},"contracts/UserDB.sol":{"l":{"42":6,"43":3,"52":0,"69":1,"70":1,"71":1,"72":1,"73":1,"74":1,"75":1,"76":1,"83":1,"84":1,"85":1,"116":15,"118":15,"120":15,"121":15,"122":15,"123":15,"125":15,"126":15,"127":15,"128":15,"129":15,"130":15,"131":15,"132":15,"133":15,"134":15,"135":15,"143":2,"144":2,"157":1,"158":1,"159":1,"160":1,"168":20,"169":20,"180":40,"204":61,"205":61,"218":155},"path":"/Users/jbentke/Documents/EWF_Origin/ewf-coo/contracts/UserDB.sol","s":{"1":6,"2":0,"3":1,"4":1,"5":1,"6":1,"7":1,"8":1,"9":1,"10":1,"11":1,"12":1,"13":1,"14":15,"15":15,"16":15,"17":15,"18":15,"19":15,"20":15,"21":15,"22":15,"23":15,"24":15,"25":15,"26":15,"27":15,"28":15,"29":15,"30":15,"31":2,"32":2,"33":1,"34":1,"35":1,"36":1,"37":20,"38":20,"39":40,"40":61,"41":61,"42":155},"b":{"1":[3,3]},"f":{"1":6,"2":1,"3":0,"4":1,"5":1,"6":15,"7":2,"8":1,"9":20,"10":40,"11":61,"12":155},"fnMap":{"1":{"name":"userExists","line":41,"loc":{"start":{"line":41,"column":4},"end":{"line":41,"column":36}}},"2":{"name":"UserDB","line":48,"loc":{"start":{"line":48,"column":4},"end":{"line":48,"column":54}}},"3":{"name":null,"line":51,"loc":{"start":{"line":51,"column":4},"end":{"line":51,"column":22}}},"4":{"name":"setAddress","line":64,"loc":{"start":{"line":64,"column":4},"end":{"line":68,"column":5}}},"5":{"name":"setOrganization","line":82,"loc":{"start":{"line":82,"column":4},"end":{"line":82,"column":100}}},"6":{"name":"setUser","line":101,"loc":{"start":{"line":101,"column":4},"end":{"line":115,"column":5}}},"7":{"name":"setUserActive","line":142,"loc":{"start":{"line":142,"column":4},"end":{"line":142,"column":72}}},"8":{"name":"setUserName","line":152,"loc":{"start":{"line":152,"column":4},"end":{"line":156,"column":5}}},"9":{"name":"setRoles","line":167,"loc":{"start":{"line":167,"column":4},"end":{"line":167,"column":66}}},"10":{"name":"doesUserExist","line":176,"loc":{"start":{"line":176,"column":4},"end":{"line":180,"column":20}}},"11":{"name":"getFullUser","line":188,"loc":{"start":{"line":188,"column":4},"end":{"line":205,"column":5}}},"12":{"name":"getRolesRights","line":215,"loc":{"start":{"line":215,"column":4},"end":{"line":220,"column":5}}}},"statementMap":{"1":{"start":{"line":42,"column":8},"end":{"line":42,"column":82}},"2":{"start":{"line":52,"column":8},"end":{"line":52,"column":15}},"3":{"start":{"line":69,"column":8},"end":{"line":69,"column":39}},"4":{"start":{"line":70,"column":8},"end":{"line":70,"column":34}},"5":{"start":{"line":71,"column":8},"end":{"line":71,"column":39}},"6":{"start":{"line":72,"column":8},"end":{"line":72,"column":28}},"7":{"start":{"line":73,"column":8},"end":{"line":73,"column":30}},"8":{"start":{"line":74,"column":8},"end":{"line":74,"column":36}},"9":{"start":{"line":75,"column":8},"end":{"line":75,"column":33}},"10":{"start":{"line":76,"column":8},"end":{"line":76,"column":22}},"11":{"start":{"line":83,"column":8},"end":{"line":83,"column":39}},"12":{"start":{"line":84,"column":8},"end":{"line":84,"column":37}},"13":{"start":{"line":85,"column":8},"end":{"line":85,"column":22}},"14":{"start":{"line":116,"column":8},"end":{"line":116,"column":39}},"15":{"start":{"line":118,"column":8},"end":{"line":118,"column":59}},"16":{"start":{"line":120,"column":8},"end":{"line":120,"column":31}},"17":{"start":{"line":121,"column":8},"end":{"line":121,"column":27}},"18":{"start":{"line":122,"column":8},"end":{"line":122,"column":37}},"19":{"start":{"line":123,"column":8},"end":{"line":123,"column":23}},"20":{"start":{"line":125,"column":8},"end":{"line":125,"column":23}},"21":{"start":{"line":126,"column":8},"end":{"line":126,"column":29}},"22":{"start":{"line":127,"column":8},"end":{"line":127,"column":26}},"23":{"start":{"line":128,"column":8},"end":{"line":128,"column":23}},"24":{"start":{"line":129,"column":8},"end":{"line":129,"column":27}},"25":{"start":{"line":130,"column":8},"end":{"line":130,"column":21}},"26":{"start":{"line":131,"column":8},"end":{"line":131,"column":32}},"27":{"start":{"line":132,"column":8},"end":{"line":132,"column":28}},"28":{"start":{"line":133,"column":8},"end":{"line":133,"column":29}},"29":{"start":{"line":134,"column":8},"end":{"line":134,"column":24}},"30":{"start":{"line":135,"column":8},"end":{"line":135,"column":22}},"31":{"start":{"line":143,"column":8},"end":{"line":143,"column":39}},"32":{"start":{"line":144,"column":8},"end":{"line":144,"column":25}},"33":{"start":{"line":157,"column":8},"end":{"line":157,"column":39}},"34":{"start":{"line":158,"column":8},"end":{"line":158,"column":31}},"35":{"start":{"line":159,"column":8},"end":{"line":159,"column":27}},"36":{"start":{"line":160,"column":8},"end":{"line":160,"column":22}},"37":{"start":{"line":168,"column":8},"end":{"line":168,"column":39}},"38":{"start":{"line":169,"column":8},"end":{"line":169,"column":23}},"39":{"start":{"line":181,"column":8},"end":{"line":181,"column":37}},"40":{"start":{"line":206,"column":8},"end":{"line":206,"column":39}},"41":{"start":{"line":207,"column":8},"end":{"line":207,"column":189}},"42":{"start":{"line":221,"column":8},"end":{"line":221,"column":36}}},"branchMap":{"1":{"line":42,"type":"if","locations":[{"start":{"line":42,"column":8},"end":{"line":42,"column":8}},{"start":{"line":42,"column":8},"end":{"line":42,"column":8}}]}}},"contracts/UserLogic.sol":{"l":{"32":36,"33":36,"44":0,"55":1,"60":1,"61":1,"62":1,"74":3,"75":2,"76":2,"86":1,"87":1,"88":1,"99":6,"100":3,"101":3,"107":2,"108":1,"118":5,"124":2,"135":2,"138":2,"139":1,"140":1,"152":2,"153":1,"154":1,"165":2,"166":1,"167":1,"178":3,"179":2,"194":7,"195":2,"226":18,"231":15,"243":4,"244":2,"257":10,"268":2,"278":40,"300":61,"311":145},"path":"/Users/jbentke/Documents/EWF_Origin/ewf-coo/contracts/UserLogic.sol","s":{"1":36,"2":0,"3":1,"4":1,"5":1,"6":3,"7":2,"8":1,"9":1,"10":6,"11":3,"12":2,"13":1,"14":5,"15":2,"16":2,"17":1,"18":2,"19":1,"20":2,"21":1,"22":3,"23":7,"24":18,"25":4,"26":40,"27":61,"28":145},"b":{"1":[36,0],"2":[1,0],"3":[1,0],"4":[2,1],"5":[1,0],"6":[3,3],"7":[1,1],"8":[2,3],"9":[2,0],"10":[1,1],"11":[1,1],"12":[1,1],"13":[2,1],"14":[2,5],"15":[15,3],"16":[2,2]},"f":{"1":36,"2":1,"3":0,"4":1,"5":3,"6":1,"7":6,"8":2,"9":5,"10":2,"11":2,"12":2,"13":3,"14":7,"15":18,"16":4,"17":10,"18":2,"19":40,"20":61,"21":145},"fnMap":{"1":{"name":"isInitialized","line":31,"loc":{"start":{"line":31,"column":4},"end":{"line":31,"column":24}}},"2":{"name":"UserLogic","line":39,"loc":{"start":{"line":39,"column":4},"end":{"line":39,"column":58}}},"3":{"name":null,"line":43,"loc":{"start":{"line":43,"column":4},"end":{"line":43,"column":22}}},"4":{"name":"addAdminRole","line":50,"loc":{"start":{"line":50,"column":4},"end":{"line":54,"column":5}}},"5":{"name":"addAssetManagerRole","line":69,"loc":{"start":{"line":69,"column":4},"end":{"line":73,"column":5}}},"6":{"name":"addMatcherRole","line":82,"loc":{"start":{"line":82,"column":4},"end":{"line":85,"column":5}}},"7":{"name":"addTraderRole","line":94,"loc":{"start":{"line":94,"column":4},"end":{"line":98,"column":5}}},"8":{"name":"init","line":106,"loc":{"start":{"line":106,"column":4},"end":{"line":106,"column":43}}},"9":{"name":"deactivateUser","line":113,"loc":{"start":{"line":113,"column":4},"end":{"line":117,"column":5}}},"10":{"name":"removeAdminRole","line":130,"loc":{"start":{"line":130,"column":4},"end":{"line":134,"column":5}}},"11":{"name":"removeAssetManagerRole","line":147,"loc":{"start":{"line":147,"column":4},"end":{"line":151,"column":5}}},"12":{"name":"removeTraderRole","line":160,"loc":{"start":{"line":160,"column":4},"end":{"line":164,"column":5}}},"13":{"name":"setOrganization","line":173,"loc":{"start":{"line":173,"column":4},"end":{"line":177,"column":5}}},"14":{"name":"setOrganizationAddress","line":190,"loc":{"start":{"line":190,"column":4},"end":{"line":193,"column":5}}},"15":{"name":"setUser","line":210,"loc":{"start":{"line":210,"column":4},"end":{"line":225,"column":5}}},"16":{"name":"setUserName","line":239,"loc":{"start":{"line":239,"column":4},"end":{"line":242,"column":5}}},"17":{"name":"setRoles","line":251,"loc":{"start":{"line":251,"column":4},"end":{"line":256,"column":5}}},"18":{"name":"update","line":263,"loc":{"start":{"line":263,"column":4},"end":{"line":267,"column":5}}},"19":{"name":"doesUserExist","line":274,"loc":{"start":{"line":274,"column":4},"end":{"line":278,"column":5}}},"20":{"name":"getFullUser","line":285,"loc":{"start":{"line":285,"column":4},"end":{"line":301,"column":5}}},"21":{"name":"getRolesRights","line":309,"loc":{"start":{"line":309,"column":4},"end":{"line":313,"column":5}}}},"statementMap":{"1":{"start":{"line":32,"column":8},"end":{"line":32,"column":34}},"2":{"start":{"line":44,"column":8},"end":{"line":44,"column":15}},"3":{"start":{"line":55,"column":8},"end":{"line":55,"column":2066}},"4":{"start":{"line":60,"column":12},"end":{"line":60,"column":2371}},"5":{"start":{"line":61,"column":16},"end":{"line":61,"column":52}},"6":{"start":{"line":74,"column":8},"end":{"line":74,"column":2781}},"7":{"start":{"line":75,"column":12},"end":{"line":75,"column":48}},"8":{"start":{"line":86,"column":12},"end":{"line":86,"column":3220}},"9":{"start":{"line":87,"column":12},"end":{"line":87,"column":48}},"10":{"start":{"line":99,"column":8},"end":{"line":99,"column":3649}},"11":{"start":{"line":100,"column":12},"end":{"line":100,"column":48}},"12":{"start":{"line":107,"column":8},"end":{"line":107,"column":70}},"13":{"start":{"line":108,"column":8},"end":{"line":108,"column":29}},"14":{"start":{"line":118,"column":8},"end":{"line":118,"column":4412}},"15":{"start":{"line":135,"column":8},"end":{"line":135,"column":5014}},"16":{"start":{"line":138,"column":12},"end":{"line":138,"column":5221}},"17":{"start":{"line":139,"column":16},"end":{"line":139,"column":52}},"18":{"start":{"line":152,"column":8},"end":{"line":152,"column":5637}},"19":{"start":{"line":153,"column":12},"end":{"line":153,"column":48}},"20":{"start":{"line":165,"column":8},"end":{"line":165,"column":6083}},"21":{"start":{"line":166,"column":12},"end":{"line":166,"column":48}},"22":{"start":{"line":178,"column":8},"end":{"line":178,"column":36}},"23":{"start":{"line":194,"column":8},"end":{"line":194,"column":95}},"24":{"start":{"line":226,"column":8},"end":{"line":226,"column":8423}},"25":{"start":{"line":243,"column":8},"end":{"line":243,"column":52}},"26":{"start":{"line":279,"column":8},"end":{"line":279,"column":38}},"27":{"start":{"line":302,"column":8},"end":{"line":302,"column":36}},"28":{"start":{"line":314,"column":8},"end":{"line":314,"column":39}}},"branchMap":{"1":{"line":32,"type":"if","locations":[{"start":{"line":32,"column":8},"end":{"line":32,"column":8}},{"start":{"line":32,"column":8},"end":{"line":32,"column":8}}]},"2":{"line":55,"type":"if","locations":[{"start":{"line":55,"column":8},"end":{"line":55,"column":8}},{"start":{"line":55,"column":8},"end":{"line":55,"column":8}}]},"3":{"line":60,"type":"if","locations":[{"start":{"line":60,"column":12},"end":{"line":60,"column":12}},{"start":{"line":60,"column":12},"end":{"line":60,"column":12}}]},"4":{"line":74,"type":"if","locations":[{"start":{"line":74,"column":8},"end":{"line":74,"column":8}},{"start":{"line":74,"column":8},"end":{"line":74,"column":8}}]},"5":{"line":86,"type":"if","locations":[{"start":{"line":86,"column":12},"end":{"line":86,"column":12}},{"start":{"line":86,"column":12},"end":{"line":86,"column":12}}]},"6":{"line":99,"type":"if","locations":[{"start":{"line":99,"column":8},"end":{"line":99,"column":8}},{"start":{"line":99,"column":8},"end":{"line":99,"column":8}}]},"7":{"line":107,"type":"if","locations":[{"start":{"line":107,"column":8},"end":{"line":107,"column":8}},{"start":{"line":107,"column":8},"end":{"line":107,"column":8}}]},"8":{"line":118,"type":"if","locations":[{"start":{"line":118,"column":8},"end":{"line":118,"column":8}},{"start":{"line":118,"column":8},"end":{"line":118,"column":8}}]},"9":{"line":135,"type":"if","locations":[{"start":{"line":135,"column":8},"end":{"line":135,"column":8}},{"start":{"line":135,"column":8},"end":{"line":135,"column":8}}]},"10":{"line":138,"type":"if","locations":[{"start":{"line":138,"column":12},"end":{"line":138,"column":12}},{"start":{"line":138,"column":12},"end":{"line":138,"column":12}}]},"11":{"line":152,"type":"if","locations":[{"start":{"line":152,"column":8},"end":{"line":152,"column":8}},{"start":{"line":152,"column":8},"end":{"line":152,"column":8}}]},"12":{"line":165,"type":"if","locations":[{"start":{"line":165,"column":8},"end":{"line":165,"column":8}},{"start":{"line":165,"column":8},"end":{"line":165,"column":8}}]},"13":{"line":178,"type":"if","locations":[{"start":{"line":178,"column":8},"end":{"line":178,"column":8}},{"start":{"line":178,"column":8},"end":{"line":178,"column":8}}]},"14":{"line":194,"type":"if","locations":[{"start":{"line":194,"column":8},"end":{"line":194,"column":8}},{"start":{"line":194,"column":8},"end":{"line":194,"column":8}}]},"15":{"line":226,"type":"if","locations":[{"start":{"line":226,"column":8},"end":{"line":226,"column":8}},{"start":{"line":226,"column":8},"end":{"line":226,"column":8}}]},"16":{"line":243,"type":"if","locations":[{"start":{"line":243,"column":8},"end":{"line":243,"column":8}},{"start":{"line":243,"column":8},"end":{"line":243,"column":8}}]}}}}