{"contracts/AssetRegistryDB.sol":{"l":{"73":3,"74":3,"75":3,"89":1,"100":0,"111":0,"122":0,"133":2,"144":2,"150":3,"157":2,"167":0,"178":3,"189":2,"200":0,"210":0,"242":3,"244":3,"245":3,"246":3,"247":3,"248":3,"249":3,"250":3,"251":3,"252":3,"253":3,"254":3,"255":3,"256":3,"273":3,"274":3,"276":3,"277":3,"278":3,"279":3,"280":3,"281":3,"282":3,"283":3,"284":3,"292":6,"294":6,"301":0,"302":0,"313":2,"325":0,"337":5,"348":0,"360":13,"369":10,"373":11,"384":0,"396":13,"408":0,"420":2,"432":0,"443":0,"474":6,"475":6,"476":6,"505":5,"507":5,"508":5,"509":5,"510":5,"511":5,"512":5,"513":5,"514":5,"516":5},"path":"/Users/heikoburkhardt/Documents/ewf-coo/contracts/AssetRegistryDB.sol","s":{"1":3,"2":1,"3":0,"4":0,"5":0,"6":2,"7":2,"8":3,"9":2,"10":0,"11":3,"12":2,"13":0,"14":0,"15":3,"16":3,"17":3,"18":3,"19":3,"20":3,"21":3,"22":3,"23":3,"24":3,"25":3,"26":3,"27":3,"28":3,"29":3,"30":3,"31":3,"32":3,"33":3,"34":3,"35":3,"36":3,"37":3,"38":3,"39":3,"40":6,"41":6,"42":0,"43":0,"44":2,"45":0,"46":5,"47":0,"48":13,"49":10,"50":11,"51":0,"52":13,"53":0,"54":2,"55":0,"56":0,"57":6,"58":6,"59":6,"60":5,"61":5,"62":5,"63":5,"64":5,"65":5,"66":5,"67":5,"68":5,"69":5},"b":{},"f":{"1":1,"2":3,"3":1,"4":0,"5":0,"6":0,"7":2,"8":2,"9":3,"10":2,"11":0,"12":3,"13":2,"14":0,"15":0,"16":3,"17":3,"18":6,"19":0,"20":2,"21":0,"22":5,"23":0,"24":13,"25":10,"26":11,"27":0,"28":13,"29":0,"30":2,"31":0,"32":0,"33":6,"34":5},"fnMap":{"1":{"name":"AssetRegistryDB","line":61,"loc":{"start":{"line":61,"column":4},"end":{"line":64,"column":5}}},"2":{"name":"createAsset","line":68,"loc":{"start":{"line":68,"column":4},"end":{"line":72,"column":5}}},"3":{"name":"setSmartMeter","line":85,"loc":{"start":{"line":85,"column":4},"end":{"line":88,"column":5}}},"4":{"name":"setOwner","line":96,"loc":{"start":{"line":96,"column":4},"end":{"line":99,"column":5}}},"5":{"name":"setFuelType","line":107,"loc":{"start":{"line":107,"column":4},"end":{"line":110,"column":5}}},"6":{"name":"setOperationalSince","line":118,"loc":{"start":{"line":118,"column":4},"end":{"line":121,"column":5}}},"7":{"name":"setLastSmartMeterReadFileHash","line":129,"loc":{"start":{"line":129,"column":4},"end":{"line":132,"column":5}}},"8":{"name":"setLastSmartMeterReadWh","line":140,"loc":{"start":{"line":140,"column":4},"end":{"line":143,"column":5}}},"9":{"name":"setCO2UsedForCertificate","line":149,"loc":{"start":{"line":149,"column":4},"end":{"line":149,"column":79}}},"10":{"name":"setLastCO2OffsetReading","line":153,"loc":{"start":{"line":153,"column":4},"end":{"line":156,"column":5}}},"11":{"name":"setCapacityWh","line":163,"loc":{"start":{"line":163,"column":4},"end":{"line":166,"column":5}}},"12":{"name":"setCertificatesCreatedForWh","line":174,"loc":{"start":{"line":174,"column":4},"end":{"line":177,"column":5}}},"13":{"name":"setActive","line":185,"loc":{"start":{"line":185,"column":4},"end":{"line":188,"column":5}}},"14":{"name":"setLocationCountry","line":196,"loc":{"start":{"line":196,"column":4},"end":{"line":199,"column":5}}},"15":{"name":"setLocationRegion","line":206,"loc":{"start":{"line":206,"column":4},"end":{"line":209,"column":5}}},"16":{"name":"initGeneral","line":224,"loc":{"start":{"line":224,"column":4},"end":{"line":240,"column":5}}},"17":{"name":"initLocation","line":259,"loc":{"start":{"line":259,"column":4},"end":{"line":272,"column":5}}},"18":{"name":"getExistStatus","line":287,"loc":{"start":{"line":287,"column":4},"end":{"line":292,"column":5}}},"19":{"name":"setAssetExistStatus","line":298,"loc":{"start":{"line":298,"column":4},"end":{"line":301,"column":5}}},"20":{"name":"getSmartMeter","line":309,"loc":{"start":{"line":309,"column":4},"end":{"line":314,"column":5}}},"21":{"name":"getOwner","line":322,"loc":{"start":{"line":322,"column":4},"end":{"line":327,"column":5}}},"22":{"name":"getAssetType","line":335,"loc":{"start":{"line":335,"column":4},"end":{"line":340,"column":5}}},"23":{"name":"getOperationalSince","line":347,"loc":{"start":{"line":347,"column":4},"end":{"line":352,"column":5}}},"24":{"name":"getLastSmartMeterReadWh","line":360,"loc":{"start":{"line":360,"column":4},"end":{"line":365,"column":5}}},"25":{"name":"getlastSmartMeterCO2OffsetRead","line":370,"loc":{"start":{"line":370,"column":4},"end":{"line":375,"column":5}}},"26":{"name":"getCo2UsedForCertificate","line":379,"loc":{"start":{"line":379,"column":4},"end":{"line":379,"column":91}}},"27":{"name":"getCapacityWh","line":386,"loc":{"start":{"line":386,"column":4},"end":{"line":391,"column":5}}},"28":{"name":"getCertificatesCreatedForWh","line":399,"loc":{"start":{"line":399,"column":4},"end":{"line":404,"column":5}}},"29":{"name":"getLastSmartMeterReadFileHash","line":412,"loc":{"start":{"line":412,"column":4},"end":{"line":417,"column":5}}},"30":{"name":"getActive","line":425,"loc":{"start":{"line":425,"column":4},"end":{"line":430,"column":5}}},"31":{"name":"getLocationCountry","line":438,"loc":{"start":{"line":438,"column":4},"end":{"line":443,"column":5}}},"32":{"name":"getLocationRegion","line":450,"loc":{"start":{"line":450,"column":4},"end":{"line":455,"column":5}}},"33":{"name":"getAssetGeneral","line":470,"loc":{"start":{"line":470,"column":4},"end":{"line":487,"column":5}}},"34":{"name":"getAssetLocation","line":505,"loc":{"start":{"line":505,"column":4},"end":{"line":519,"column":5}}}},"statementMap":{"1":{"start":{"line":75,"column":10},"end":{"line":75,"column":2250}},"2":{"start":{"line":89,"column":8},"end":{"line":89,"column":56}},"3":{"start":{"line":100,"column":8},"end":{"line":100,"column":46}},"4":{"start":{"line":111,"column":8},"end":{"line":111,"column":54}},"5":{"start":{"line":122,"column":8},"end":{"line":122,"column":68}},"6":{"start":{"line":133,"column":8},"end":{"line":133,"column":88}},"7":{"start":{"line":144,"column":8},"end":{"line":144,"column":76}},"8":{"start":{"line":150,"column":8},"end":{"line":150,"column":62}},"9":{"start":{"line":157,"column":8},"end":{"line":157,"column":77}},"10":{"start":{"line":167,"column":8},"end":{"line":167,"column":56}},"11":{"start":{"line":178,"column":8},"end":{"line":178,"column":84}},"12":{"start":{"line":189,"column":8},"end":{"line":189,"column":48}},"13":{"start":{"line":200,"column":8},"end":{"line":200,"column":51}},"14":{"start":{"line":210,"column":8},"end":{"line":210,"column":49}},"15":{"start":{"line":242,"column":8},"end":{"line":242,"column":39}},"16":{"start":{"line":244,"column":8},"end":{"line":244,"column":48}},"17":{"start":{"line":245,"column":8},"end":{"line":245,"column":34}},"18":{"start":{"line":246,"column":8},"end":{"line":246,"column":24}},"19":{"start":{"line":247,"column":8},"end":{"line":247,"column":32}},"20":{"start":{"line":248,"column":8},"end":{"line":248,"column":46}},"21":{"start":{"line":249,"column":8},"end":{"line":249,"column":34}},"22":{"start":{"line":250,"column":8},"end":{"line":250,"column":54}},"23":{"start":{"line":251,"column":8},"end":{"line":251,"column":62}},"24":{"start":{"line":252,"column":8},"end":{"line":252,"column":26}},"25":{"start":{"line":253,"column":8},"end":{"line":253,"column":66}},"26":{"start":{"line":254,"column":8},"end":{"line":254,"column":68}},"27":{"start":{"line":255,"column":8},"end":{"line":255,"column":56}},"28":{"start":{"line":256,"column":8},"end":{"line":256,"column":23}},"29":{"start":{"line":273,"column":8},"end":{"line":273,"column":39}},"30":{"start":{"line":274,"column":7},"end":{"line":274,"column":56}},"31":{"start":{"line":276,"column":14},"end":{"line":276,"column":33}},"32":{"start":{"line":277,"column":8},"end":{"line":277,"column":25}},"33":{"start":{"line":278,"column":8},"end":{"line":278,"column":19}},"34":{"start":{"line":279,"column":8},"end":{"line":279,"column":21}},"35":{"start":{"line":280,"column":8},"end":{"line":280,"column":25}},"36":{"start":{"line":281,"column":8},"end":{"line":281,"column":35}},"37":{"start":{"line":282,"column":8},"end":{"line":282,"column":35}},"38":{"start":{"line":283,"column":8},"end":{"line":283,"column":37}},"39":{"start":{"line":284,"column":8},"end":{"line":284,"column":22}},"40":{"start":{"line":293,"column":8},"end":{"line":293,"column":39}},"41":{"start":{"line":295,"column":8},"end":{"line":295,"column":61}},"42":{"start":{"line":302,"column":8},"end":{"line":302,"column":39}},"43":{"start":{"line":303,"column":8},"end":{"line":303,"column":24}},"44":{"start":{"line":315,"column":8},"end":{"line":315,"column":50}},"45":{"start":{"line":328,"column":8},"end":{"line":328,"column":45}},"46":{"start":{"line":341,"column":8},"end":{"line":341,"column":49}},"47":{"start":{"line":353,"column":8},"end":{"line":353,"column":56}},"48":{"start":{"line":366,"column":8},"end":{"line":366,"column":60}},"49":{"start":{"line":376,"column":8},"end":{"line":376,"column":67}},"50":{"start":{"line":380,"column":8},"end":{"line":380,"column":61}},"51":{"start":{"line":392,"column":8},"end":{"line":392,"column":50}},"52":{"start":{"line":405,"column":8},"end":{"line":405,"column":64}},"53":{"start":{"line":418,"column":8},"end":{"line":418,"column":66}},"54":{"start":{"line":431,"column":8},"end":{"line":431,"column":46}},"55":{"start":{"line":444,"column":8},"end":{"line":444,"column":48}},"56":{"start":{"line":456,"column":8},"end":{"line":456,"column":47}},"57":{"start":{"line":488,"column":8},"end":{"line":488,"column":45}},"58":{"start":{"line":489,"column":8},"end":{"line":489,"column":52}},"59":{"start":{"line":490,"column":8},"end":{"line":490,"column":15815}},"60":{"start":{"line":520,"column":8},"end":{"line":520,"column":72}},"61":{"start":{"line":522,"column":8},"end":{"line":522,"column":26}},"62":{"start":{"line":523,"column":8},"end":{"line":523,"column":24}},"63":{"start":{"line":524,"column":8},"end":{"line":524,"column":18}},"64":{"start":{"line":525,"column":8},"end":{"line":525,"column":20}},"65":{"start":{"line":526,"column":8},"end":{"line":526,"column":24}},"66":{"start":{"line":527,"column":8},"end":{"line":527,"column":34}},"67":{"start":{"line":528,"column":8},"end":{"line":528,"column":34}},"68":{"start":{"line":529,"column":8},"end":{"line":529,"column":36}},"69":{"start":{"line":531,"column":8},"end":{"line":531,"column":91}}},"branchMap":{}},"contracts/AssetRegistryLogic.sol":{"l":{"37":13,"38":13,"58":1,"59":1,"63":3,"64":3,"90":3,"91":3,"108":3,"109":3,"115":6,"117":6,"118":0,"130":1,"140":2,"153":2,"154":2,"156":2,"157":2,"158":2,"170":3,"171":3,"172":3,"173":3,"174":3,"175":3,"184":1,"189":8,"190":8,"191":8,"192":8,"193":8,"194":8,"196":8,"227":6,"243":5,"247":0,"256":5},"path":"/Users/heikoburkhardt/Documents/ewf-coo/contracts/AssetRegistryLogic.sol","s":{"1":13,"2":1,"3":1,"4":3,"5":3,"6":3,"7":3,"8":6,"9":6,"10":2,"11":2,"12":3,"13":3,"14":3,"15":3,"16":8,"17":8,"18":8,"19":8,"20":8,"21":8,"22":8,"23":6,"24":5,"25":0,"26":5},"b":{"1":[13,0],"2":[1,0],"3":[0,6],"4":[2,0],"5":[3,0]},"f":{"1":13,"2":1,"3":1,"4":3,"5":3,"6":3,"7":6,"8":1,"9":2,"10":2,"11":3,"12":1,"13":8,"14":6,"15":5,"16":0,"17":5},"fnMap":{"1":{"name":"isInitialized","line":36,"loc":{"start":{"line":36,"column":4},"end":{"line":36,"column":24}}},"2":{"name":"AssetRegistryLogic","line":45,"loc":{"start":{"line":45,"column":4},"end":{"line":48,"column":5}}},"3":{"name":"init","line":54,"loc":{"start":{"line":54,"column":4},"end":{"line":57,"column":5}}},"4":{"name":"createAsset","line":62,"loc":{"start":{"line":62,"column":4},"end":{"line":62,"column":24}}},"5":{"name":"initGeneral","line":75,"loc":{"start":{"line":75,"column":4},"end":{"line":89,"column":5}}},"6":{"name":"initLocation","line":94,"loc":{"start":{"line":94,"column":4},"end":{"line":107,"column":5}}},"7":{"name":"checkForFullAsset","line":112,"loc":{"start":{"line":112,"column":4},"end":{"line":114,"column":9}}},"8":{"name":"updateSmartMeter","line":125,"loc":{"start":{"line":125,"column":4},"end":{"line":129,"column":5}}},"9":{"name":"setActive","line":135,"loc":{"start":{"line":135,"column":4},"end":{"line":139,"column":5}}},"10":{"name":"saveSmartMeterRead","line":148,"loc":{"start":{"line":148,"column":4},"end":{"line":152,"column":5}}},"11":{"name":"useWhForCertificate","line":164,"loc":{"start":{"line":164,"column":4},"end":{"line":169,"column":5}}},"12":{"name":"update","line":180,"loc":{"start":{"line":180,"column":4},"end":{"line":183,"column":5}}},"13":{"name":"getCoSaved","line":188,"loc":{"start":{"line":188,"column":4},"end":{"line":188,"column":72}}},"14":{"name":"getAssetGeneral","line":211,"loc":{"start":{"line":211,"column":4},"end":{"line":227,"column":5}}},"15":{"name":"getAssetLocation","line":231,"loc":{"start":{"line":231,"column":5},"end":{"line":244,"column":5}}},"16":{"name":"getCo2UsedForCertificate","line":248,"loc":{"start":{"line":248,"column":4},"end":{"line":248,"column":81}}},"17":{"name":"getAssetType","line":252,"loc":{"start":{"line":252,"column":4},"end":{"line":258,"column":5}}}},"statementMap":{"1":{"start":{"line":37,"column":8},"end":{"line":37,"column":34}},"2":{"start":{"line":58,"column":8},"end":{"line":58,"column":34}},"3":{"start":{"line":59,"column":8},"end":{"line":59,"column":22}},"4":{"start":{"line":63,"column":8},"end":{"line":63,"column":38}},"5":{"start":{"line":64,"column":8},"end":{"line":64,"column":43}},"6":{"start":{"line":91,"column":8},"end":{"line":91,"column":32}},"7":{"start":{"line":109,"column":9},"end":{"line":109,"column":33}},"8":{"start":{"line":115,"column":12},"end":{"line":115,"column":70}},"9":{"start":{"line":117,"column":12},"end":{"line":117,"column":4070}},"10":{"start":{"line":153,"column":8},"end":{"line":153,"column":38}},"11":{"start":{"line":154,"column":8},"end":{"line":154,"column":216}},"12":{"start":{"line":170,"column":8},"end":{"line":170,"column":69}},"13":{"start":{"line":171,"column":8},"end":{"line":171,"column":60}},"14":{"start":{"line":173,"column":8},"end":{"line":173,"column":51}},"15":{"start":{"line":175,"column":8},"end":{"line":175,"column":19}},"16":{"start":{"line":189,"column":8},"end":{"line":189,"column":59}},"17":{"start":{"line":190,"column":8},"end":{"line":190,"column":65}},"18":{"start":{"line":191,"column":8},"end":{"line":191,"column":47}},"19":{"start":{"line":192,"column":8},"end":{"line":192,"column":64}},"20":{"start":{"line":193,"column":8},"end":{"line":193,"column":58}},"21":{"start":{"line":194,"column":8},"end":{"line":194,"column":41}},"22":{"start":{"line":196,"column":8},"end":{"line":196,"column":58}},"23":{"start":{"line":228,"column":8},"end":{"line":228,"column":43}},"24":{"start":{"line":245,"column":8},"end":{"line":245,"column":44}},"25":{"start":{"line":249,"column":8},"end":{"line":249,"column":52}},"26":{"start":{"line":259,"column":8},"end":{"line":259,"column":40}}},"branchMap":{"1":{"line":37,"type":"if","locations":[{"start":{"line":37,"column":8},"end":{"line":37,"column":8}},{"start":{"line":37,"column":8},"end":{"line":37,"column":8}}]},"2":{"line":58,"type":"if","locations":[{"start":{"line":58,"column":8},"end":{"line":58,"column":8}},{"start":{"line":58,"column":8},"end":{"line":58,"column":8}}]},"3":{"line":117,"type":"if","locations":[{"start":{"line":117,"column":12},"end":{"line":117,"column":12}},{"start":{"line":117,"column":12},"end":{"line":117,"column":12}}]},"4":{"line":153,"type":"if","locations":[{"start":{"line":153,"column":8},"end":{"line":153,"column":8}},{"start":{"line":153,"column":8},"end":{"line":153,"column":8}}]},"5":{"line":171,"type":"if","locations":[{"start":{"line":171,"column":8},"end":{"line":171,"column":8}},{"start":{"line":171,"column":8},"end":{"line":171,"column":8}}]}}},"contracts/CertificateDB.sol":{"l":{"56":3,"64":0,"71":0,"78":0,"84":0,"91":0,"95":6},"path":"/Users/heikoburkhardt/Documents/ewf-coo/contracts/CertificateDB.sol","s":{"1":3,"2":0,"3":0,"4":0,"5":0,"6":0,"7":6},"b":{},"f":{"1":1,"2":3,"3":0,"4":0,"5":0,"6":0,"7":0,"8":6},"fnMap":{"1":{"name":"CertificateDB","line":47,"loc":{"start":{"line":47,"column":4},"end":{"line":47,"column":83}}},"2":{"name":"createCertificate","line":55,"loc":{"start":{"line":55,"column":4},"end":{"line":55,"column":140}}},"3":{"name":"setCertificateOwner","line":63,"loc":{"start":{"line":63,"column":4},"end":{"line":63,"column":84}}},"4":{"name":"setRetireRequest","line":70,"loc":{"start":{"line":70,"column":4},"end":{"line":70,"column":76}}},"5":{"name":"isRetired","line":77,"loc":{"start":{"line":77,"column":4},"end":{"line":77,"column":78}}},"6":{"name":"retireCertificate","line":83,"loc":{"start":{"line":83,"column":4},"end":{"line":83,"column":66}}},"7":{"name":"getCertificate","line":90,"loc":{"start":{"line":90,"column":4},"end":{"line":90,"column":119}}},"8":{"name":"getCertificateListLength","line":94,"loc":{"start":{"line":94,"column":4},"end":{"line":94,"column":74}}}},"statementMap":{"1":{"start":{"line":56,"column":8},"end":{"line":56,"column":115}},"2":{"start":{"line":64,"column":8},"end":{"line":64,"column":53}},"3":{"start":{"line":71,"column":8},"end":{"line":71,"column":62}},"4":{"start":{"line":78,"column":8},"end":{"line":78,"column":63}},"5":{"start":{"line":84,"column":8},"end":{"line":84,"column":53}},"6":{"start":{"line":91,"column":8},"end":{"line":91,"column":269}},"7":{"start":{"line":95,"column":8},"end":{"line":95,"column":37}}},"branchMap":{}},"contracts/CertificateLogic.sol":{"l":{"50":1,"51":1,"59":3,"60":3,"61":3,"62":3,"63":3,"70":0,"71":0,"77":0,"78":0,"79":0,"80":0,"81":0,"88":0,"95":0,"101":6,"106":3,"107":3,"112":3,"113":3,"122":1},"path":"/Users/heikoburkhardt/Documents/ewf-coo/contracts/CertificateLogic.sol","s":{"1":1,"2":1,"3":3,"4":3,"5":3,"6":3,"7":3,"8":0,"9":0,"10":0,"11":0,"12":0,"13":6,"14":3,"15":3},"b":{"1":[1,0],"2":[3,0],"3":[0,0],"4":[0,0],"5":[3,0],"6":[3,0]},"f":{"1":1,"2":1,"3":3,"4":0,"5":0,"6":0,"7":0,"8":6,"9":3,"10":3,"11":1},"fnMap":{"1":{"name":"CertificateLogic","line":43,"loc":{"start":{"line":43,"column":4},"end":{"line":43,"column":65}}},"2":{"name":"init","line":49,"loc":{"start":{"line":49,"column":4},"end":{"line":49,"column":80}}},"3":{"name":"createCertificate","line":58,"loc":{"start":{"line":58,"column":4},"end":{"line":58,"column":148}}},"4":{"name":"retireCertificate","line":68,"loc":{"start":{"line":68,"column":4},"end":{"line":68,"column":102}}},"5":{"name":"retireCertificateRequest","line":76,"loc":{"start":{"line":76,"column":4},"end":{"line":76,"column":68}}},"6":{"name":"changeCertificateOwner","line":87,"loc":{"start":{"line":87,"column":4},"end":{"line":87,"column":148}}},"7":{"name":"getCertificate","line":94,"loc":{"start":{"line":94,"column":4},"end":{"line":94,"column":109}}},"8":{"name":"getCertificateListLength","line":100,"loc":{"start":{"line":100,"column":4},"end":{"line":100,"column":64}}},"9":{"name":"isInitialized","line":105,"loc":{"start":{"line":105,"column":4},"end":{"line":105,"column":26}}},"10":{"name":"isMatcherOrDemand","line":111,"loc":{"start":{"line":111,"column":4},"end":{"line":111,"column":30}}},"11":{"name":"update","line":118,"loc":{"start":{"line":118,"column":4},"end":{"line":121,"column":5}}}},"statementMap":{"1":{"start":{"line":50,"column":8},"end":{"line":50,"column":51}},"2":{"start":{"line":51,"column":8},"end":{"line":51,"column":47}},"3":{"start":{"line":59,"column":8},"end":{"line":59,"column":113}},"4":{"start":{"line":60,"column":8},"end":{"line":60,"column":105}},"5":{"start":{"line":61,"column":8},"end":{"line":61,"column":92}},"6":{"start":{"line":62,"column":8},"end":{"line":62,"column":44}},"7":{"start":{"line":63,"column":8},"end":{"line":63,"column":18}},"8":{"start":{"line":70,"column":8},"end":{"line":70,"column":3301}},"9":{"start":{"line":78,"column":8},"end":{"line":78,"column":117}},"10":{"start":{"line":79,"column":8},"end":{"line":79,"column":37}},"11":{"start":{"line":81,"column":8},"end":{"line":81,"column":34}},"12":{"start":{"line":95,"column":8},"end":{"line":95,"column":59}},"13":{"start":{"line":101,"column":8},"end":{"line":101,"column":55}},"14":{"start":{"line":106,"column":8},"end":{"line":106,"column":51}},"15":{"start":{"line":112,"column":8},"end":{"line":112,"column":118}}},"branchMap":{"1":{"line":50,"type":"if","locations":[{"start":{"line":50,"column":8},"end":{"line":50,"column":8}},{"start":{"line":50,"column":8},"end":{"line":50,"column":8}}]},"2":{"line":59,"type":"if","locations":[{"start":{"line":59,"column":8},"end":{"line":59,"column":8}},{"start":{"line":59,"column":8},"end":{"line":59,"column":8}}]},"3":{"line":70,"type":"if","locations":[{"start":{"line":70,"column":8},"end":{"line":70,"column":8}},{"start":{"line":70,"column":8},"end":{"line":70,"column":8}}]},"4":{"line":79,"type":"if","locations":[{"start":{"line":79,"column":8},"end":{"line":79,"column":8}},{"start":{"line":79,"column":8},"end":{"line":79,"column":8}}]},"5":{"line":106,"type":"if","locations":[{"start":{"line":106,"column":8},"end":{"line":106,"column":8}},{"start":{"line":106,"column":8},"end":{"line":106,"column":8}}]},"6":{"line":112,"type":"if","locations":[{"start":{"line":112,"column":8},"end":{"line":112,"column":8}},{"start":{"line":112,"column":8},"end":{"line":112,"column":8}}]}}},"contracts/CoO.sol":{"l":{"46":1,"50":1,"51":1,"52":1,"53":1,"65":2,"66":2,"67":2,"70":2,"71":1,"72":1,"75":2,"76":1,"77":1,"80":2,"81":1,"82":1,"90":0},"path":"/Users/heikoburkhardt/Documents/ewf-coo/contracts/CoO.sol","s":{"1":1,"2":1,"3":1,"4":1,"5":1,"6":2,"7":2,"8":2,"9":1,"10":2,"11":1,"12":2,"13":1,"14":0},"b":{"1":[1,0],"2":[2,0],"3":[1,1],"4":[1,1],"5":[1,1]},"f":{"1":1,"2":1,"3":2,"4":0},"fnMap":{"1":{"name":"CoO","line":31,"loc":{"start":{"line":31,"column":4},"end":{"line":34,"column":5}}},"2":{"name":"init","line":42,"loc":{"start":{"line":42,"column":4},"end":{"line":45,"column":5}}},"3":{"name":"update","line":61,"loc":{"start":{"line":61,"column":4},"end":{"line":64,"column":5}}},"4":{"name":null,"line":89,"loc":{"start":{"line":89,"column":4},"end":{"line":89,"column":20}}}},"statementMap":{"1":{"start":{"line":46,"column":8},"end":{"line":46,"column":1850}},"2":{"start":{"line":50,"column":8},"end":{"line":50,"column":35}},"3":{"start":{"line":51,"column":8},"end":{"line":51,"column":37}},"4":{"start":{"line":52,"column":8},"end":{"line":52,"column":49}},"5":{"start":{"line":53,"column":8},"end":{"line":53,"column":39}},"6":{"start":{"line":65,"column":8},"end":{"line":65,"column":2835}},"7":{"start":{"line":67,"column":12},"end":{"line":67,"column":39}},"8":{"start":{"line":70,"column":8},"end":{"line":70,"column":2978}},"9":{"start":{"line":72,"column":12},"end":{"line":72,"column":41}},"10":{"start":{"line":75,"column":8},"end":{"line":75,"column":3127}},"11":{"start":{"line":77,"column":12},"end":{"line":77,"column":53}},"12":{"start":{"line":80,"column":8},"end":{"line":80,"column":3306}},"13":{"start":{"line":82,"column":12},"end":{"line":82,"column":43}},"14":{"start":{"line":90,"column":8},"end":{"line":90,"column":15}}},"branchMap":{"1":{"line":46,"type":"if","locations":[{"start":{"line":46,"column":8},"end":{"line":46,"column":8}},{"start":{"line":46,"column":8},"end":{"line":46,"column":8}}]},"2":{"line":65,"type":"if","locations":[{"start":{"line":65,"column":8},"end":{"line":65,"column":8}},{"start":{"line":65,"column":8},"end":{"line":65,"column":8}}]},"3":{"line":70,"type":"if","locations":[{"start":{"line":70,"column":8},"end":{"line":70,"column":8}},{"start":{"line":70,"column":8},"end":{"line":70,"column":8}}]},"4":{"line":75,"type":"if","locations":[{"start":{"line":75,"column":8},"end":{"line":75,"column":8}},{"start":{"line":75,"column":8},"end":{"line":75,"column":8}}]},"5":{"line":80,"type":"if","locations":[{"start":{"line":80,"column":8},"end":{"line":80,"column":8}},{"start":{"line":80,"column":8},"end":{"line":80,"column":8}}]}}},"contracts/DemandDB.sol":{"l":{"100":4,"110":6,"120":5,"131":0,"139":2,"140":2,"141":2,"142":2,"144":2,"174":2,"183":0,"184":0,"185":0,"186":0,"211":5,"212":5,"213":5,"240":2,"242":2,"243":2,"244":2,"245":2,"246":2,"247":2,"248":2,"249":2,"250":2,"251":2,"269":2,"271":2,"272":2,"273":2,"297":2,"299":2,"301":2,"302":2,"303":2,"304":2,"305":2,"307":2,"308":2,"309":2,"310":2,"311":2,"312":2,"313":2,"314":2,"315":2,"316":2,"338":2,"340":2,"341":2,"342":2,"343":2,"344":2,"345":2,"346":2,"363":3,"365":3,"366":3,"367":3,"368":3,"383":4,"384":4,"385":4,"401":5,"402":5,"403":5,"413":2,"414":2,"431":10,"432":10,"433":10,"444":10,"445":10,"453":4,"473":6,"483":2},"path":"/Users/heikoburkhardt/Documents/ewf-coo/contracts/DemandDB.sol","s":{"1":4,"2":6,"3":5,"4":0,"5":2,"6":0,"7":0,"8":0,"9":5,"10":5,"11":5,"12":2,"13":2,"14":2,"15":2,"16":2,"17":2,"18":2,"19":2,"20":2,"21":2,"22":2,"23":2,"24":2,"25":2,"26":2,"27":2,"28":2,"29":2,"30":2,"31":2,"32":2,"33":2,"34":2,"35":2,"36":2,"37":2,"38":2,"39":2,"40":2,"41":2,"42":2,"43":2,"44":2,"45":2,"46":2,"47":2,"48":2,"49":2,"50":2,"51":3,"52":3,"53":3,"54":3,"55":3,"56":4,"57":4,"58":4,"59":5,"60":5,"61":5,"62":2,"63":2,"64":10,"65":10,"66":10,"67":10,"68":10,"69":4,"70":6,"71":2},"b":{"1":[0,0]},"f":{"1":1,"2":4,"3":6,"4":5,"5":0,"6":2,"7":2,"8":0,"9":5,"10":2,"11":2,"12":2,"13":2,"14":3,"15":4,"16":5,"17":2,"18":10,"19":10,"20":4,"21":6,"22":2},"fnMap":{"1":{"name":"DemandDB","line":85,"loc":{"start":{"line":85,"column":4},"end":{"line":88,"column":5}}},"2":{"name":"getStartEpoche","line":95,"loc":{"start":{"line":95,"column":4},"end":{"line":100,"column":5}}},"3":{"name":"getActiveDemandListLength","line":106,"loc":{"start":{"line":106,"column":4},"end":{"line":111,"column":5}}},"4":{"name":"getAllDemandListLength","line":117,"loc":{"start":{"line":117,"column":4},"end":{"line":122,"column":5}}},"5":{"name":"getActiveDemandIdAt","line":129,"loc":{"start":{"line":129,"column":4},"end":{"line":134,"column":5}}},"6":{"name":"createEmptyDemand","line":138,"loc":{"start":{"line":138,"column":4},"end":{"line":142,"column":5}}},"7":{"name":"addActiveDemand","line":174,"loc":{"start":{"line":174,"column":4},"end":{"line":177,"column":5}}},"8":{"name":"removeActiveDemand","line":183,"loc":{"start":{"line":183,"column":4},"end":{"line":186,"column":5}}},"9":{"name":"getDemandGeneral","line":201,"loc":{"start":{"line":201,"column":4},"end":{"line":215,"column":5}}},"10":{"name":"createGeneralDemand","line":230,"loc":{"start":{"line":230,"column":4},"end":{"line":243,"column":5}}},"11":{"name":"createCoupling","line":265,"loc":{"start":{"line":265,"column":4},"end":{"line":272,"column":5}}},"12":{"name":"createPriceDriving","line":286,"loc":{"start":{"line":286,"column":4},"end":{"line":301,"column":5}}},"13":{"name":"createMatchProperties","line":331,"loc":{"start":{"line":331,"column":4},"end":{"line":341,"column":5}}},"14":{"name":"updateMatchProperties","line":359,"loc":{"start":{"line":359,"column":4},"end":{"line":367,"column":5}}},"15":{"name":"getDemandCoupling","line":380,"loc":{"start":{"line":380,"column":4},"end":{"line":388,"column":5}}},"16":{"name":"getDemandPriceDriving","line":397,"loc":{"start":{"line":397,"column":4},"end":{"line":407,"column":5}}},"17":{"name":"setEnabled","line":416,"loc":{"start":{"line":416,"column":4},"end":{"line":419,"column":5}}},"18":{"name":"getDemandMatcherProperties","line":427,"loc":{"start":{"line":427,"column":4},"end":{"line":438,"column":5}}},"19":{"name":"getExistStatus","line":447,"loc":{"start":{"line":447,"column":4},"end":{"line":452,"column":5}}},"20":{"name":"getTimeFrame","line":457,"loc":{"start":{"line":457,"column":4},"end":{"line":462,"column":9}}},"21":{"name":"demandExists","line":479,"loc":{"start":{"line":479,"column":4},"end":{"line":483,"column":5}}},"22":{"name":"setDemandCreationTime","line":490,"loc":{"start":{"line":490,"column":4},"end":{"line":493,"column":5}}}},"statementMap":{"1":{"start":{"line":101,"column":8},"end":{"line":101,"column":38}},"2":{"start":{"line":112,"column":8},"end":{"line":112,"column":35}},"3":{"start":{"line":123,"column":8},"end":{"line":123,"column":32}},"4":{"start":{"line":135,"column":8},"end":{"line":135,"column":36}},"5":{"start":{"line":148,"column":8},"end":{"line":148,"column":4602}},"6":{"start":{"line":187,"column":8},"end":{"line":187,"column":5743}},"7":{"start":{"line":188,"column":12},"end":{"line":188,"column":5809}},"8":{"start":{"line":189,"column":16},"end":{"line":189,"column":71}},"9":{"start":{"line":216,"column":8},"end":{"line":216,"column":44}},"10":{"start":{"line":217,"column":8},"end":{"line":217,"column":40}},"11":{"start":{"line":218,"column":8},"end":{"line":218,"column":122}},"12":{"start":{"line":245,"column":8},"end":{"line":245,"column":44}},"13":{"start":{"line":247,"column":8},"end":{"line":247,"column":40}},"14":{"start":{"line":248,"column":8},"end":{"line":248,"column":33}},"15":{"start":{"line":249,"column":8},"end":{"line":249,"column":23}},"16":{"start":{"line":250,"column":8},"end":{"line":250,"column":31}},"17":{"start":{"line":251,"column":8},"end":{"line":251,"column":27}},"18":{"start":{"line":252,"column":8},"end":{"line":252,"column":31}},"19":{"start":{"line":253,"column":8},"end":{"line":253,"column":53}},"20":{"start":{"line":254,"column":8},"end":{"line":254,"column":29}},"21":{"start":{"line":255,"column":8},"end":{"line":255,"column":27}},"22":{"start":{"line":256,"column":8},"end":{"line":256,"column":22}},"23":{"start":{"line":274,"column":8},"end":{"line":274,"column":44}},"24":{"start":{"line":276,"column":8},"end":{"line":276,"column":36}},"25":{"start":{"line":277,"column":8},"end":{"line":277,"column":38}},"26":{"start":{"line":278,"column":8},"end":{"line":278,"column":38}},"27":{"start":{"line":302,"column":8},"end":{"line":302,"column":44}},"28":{"start":{"line":304,"column":8},"end":{"line":304,"column":46}},"29":{"start":{"line":307,"column":8},"end":{"line":307,"column":25}},"30":{"start":{"line":308,"column":8},"end":{"line":308,"column":26}},"31":{"start":{"line":309,"column":8},"end":{"line":309,"column":37}},"32":{"start":{"line":310,"column":8},"end":{"line":310,"column":22}},"33":{"start":{"line":312,"column":8},"end":{"line":312,"column":57}},"34":{"start":{"line":313,"column":12},"end":{"line":313,"column":31}},"35":{"start":{"line":314,"column":12},"end":{"line":314,"column":29}},"36":{"start":{"line":315,"column":12},"end":{"line":315,"column":23}},"37":{"start":{"line":316,"column":12},"end":{"line":316,"column":25}},"38":{"start":{"line":317,"column":12},"end":{"line":317,"column":29}},"39":{"start":{"line":318,"column":12},"end":{"line":318,"column":39}},"40":{"start":{"line":319,"column":12},"end":{"line":319,"column":39}},"41":{"start":{"line":320,"column":12},"end":{"line":320,"column":41}},"42":{"start":{"line":321,"column":12},"end":{"line":321,"column":26}},"43":{"start":{"line":343,"column":8},"end":{"line":343,"column":44}},"44":{"start":{"line":345,"column":8},"end":{"line":345,"column":48}},"45":{"start":{"line":346,"column":8},"end":{"line":346,"column":47}},"46":{"start":{"line":347,"column":8},"end":{"line":347,"column":49}},"47":{"start":{"line":348,"column":8},"end":{"line":348,"column":51}},"48":{"start":{"line":349,"column":8},"end":{"line":349,"column":65}},"49":{"start":{"line":350,"column":8},"end":{"line":350,"column":27}},"50":{"start":{"line":351,"column":8},"end":{"line":351,"column":22}},"51":{"start":{"line":368,"column":8},"end":{"line":368,"column":44}},"52":{"start":{"line":370,"column":8},"end":{"line":370,"column":48}},"53":{"start":{"line":371,"column":8},"end":{"line":371,"column":49}},"54":{"start":{"line":372,"column":8},"end":{"line":372,"column":51}},"55":{"start":{"line":373,"column":8},"end":{"line":373,"column":65}},"56":{"start":{"line":389,"column":8},"end":{"line":389,"column":44}},"57":{"start":{"line":390,"column":8},"end":{"line":390,"column":36}},"58":{"start":{"line":391,"column":8},"end":{"line":391,"column":52}},"59":{"start":{"line":408,"column":8},"end":{"line":408,"column":44}},"60":{"start":{"line":409,"column":8},"end":{"line":409,"column":46}},"61":{"start":{"line":410,"column":8},"end":{"line":410,"column":83}},"62":{"start":{"line":420,"column":8},"end":{"line":420,"column":44}},"63":{"start":{"line":421,"column":8},"end":{"line":421,"column":27}},"64":{"start":{"line":439,"column":8},"end":{"line":439,"column":44}},"65":{"start":{"line":440,"column":8},"end":{"line":440,"column":48}},"66":{"start":{"line":441,"column":8},"end":{"line":441,"column":122}},"67":{"start":{"line":453,"column":8},"end":{"line":453,"column":44}},"68":{"start":{"line":454,"column":8},"end":{"line":454,"column":76}},"69":{"start":{"line":463,"column":12},"end":{"line":463,"column":55}},"70":{"start":{"line":484,"column":8},"end":{"line":484,"column":41}},"71":{"start":{"line":494,"column":8},"end":{"line":494,"column":41}}},"branchMap":{"1":{"line":188,"type":"if","locations":[{"start":{"line":188,"column":12},"end":{"line":188,"column":12}},{"start":{"line":188,"column":12},"end":{"line":188,"column":12}}]}}},"contracts/DemandDefinitions.sol":{"l":{},"path":"/Users/heikoburkhardt/Documents/ewf-coo/contracts/DemandDefinitions.sol","s":{},"b":{},"f":{},"fnMap":{},"statementMap":{},"branchMap":{}},"contracts/DemandLogic.sol":{"l":{"37":18,"38":18,"42":6,"43":6,"61":1,"62":1,"70":4,"71":4,"73":0,"74":0,"76":0,"77":0,"79":0,"80":0,"87":5,"93":6,"100":0,"105":2,"106":2,"138":2,"139":2,"140":2,"164":0,"166":0,"167":0,"181":0,"203":2,"214":2,"233":2,"234":2,"254":1,"269":0,"282":0,"300":6,"309":1,"317":6,"319":6,"320":2,"321":2,"322":2,"335":4,"336":4,"339":4,"342":4,"346":4,"349":3,"352":3,"353":3,"365":4,"366":4,"368":4,"370":4,"375":4,"379":4,"381":4,"383":4,"392":5,"394":5,"396":5,"397":5,"401":5,"402":0,"407":5,"408":5,"410":5,"422":4,"425":4,"426":4,"428":4,"430":4,"431":4,"433":0,"435":3,"436":3,"437":3,"448":0},"path":"/Users/heikoburkhardt/Documents/ewf-coo/contracts/DemandLogic.sol","s":{"1":18,"2":6,"3":1,"4":1,"5":4,"6":4,"7":0,"8":0,"9":0,"10":0,"11":0,"12":0,"13":5,"14":6,"15":0,"16":2,"17":2,"18":2,"19":0,"20":0,"21":2,"22":2,"23":1,"24":0,"25":0,"26":6,"27":6,"28":6,"29":4,"30":4,"31":4,"32":4,"33":4,"34":3,"35":3,"36":4,"37":4,"38":4,"39":0,"40":4,"41":4,"42":4,"43":4,"44":0,"45":4,"46":5,"47":5,"48":5,"49":5,"50":5,"51":0,"52":5,"53":5,"54":5,"55":4,"56":4,"57":4,"58":4,"59":4,"60":4,"61":0,"62":3,"63":3,"64":3,"65":0},"b":{"1":[18,0],"2":[6,0],"3":[1,0],"4":[4,0],"5":[0,0],"6":[0,0],"7":[0,0],"8":[0,0],"9":[2,4],"10":[4,0],"11":[0,4],"12":[0,0],"13":[4,0],"14":[0,4],"15":[0,4],"16":[0,0],"17":[5,0],"18":[5,0],"19":[0,5],"20":[0,0],"21":[5,0],"22":[4,0],"23":[4,0],"24":[3,1],"25":[0,0]},"f":{"1":18,"2":6,"3":1,"4":1,"5":4,"6":5,"7":6,"8":0,"9":2,"10":2,"11":0,"12":0,"13":2,"14":2,"15":1,"16":0,"17":0,"18":6,"19":1,"20":6,"21":4,"22":4,"23":5,"24":4,"25":0},"fnMap":{"1":{"name":"isInitialized","line":36,"loc":{"start":{"line":36,"column":4},"end":{"line":36,"column":24}}},"2":{"name":"doesNotExist","line":41,"loc":{"start":{"line":41,"column":4},"end":{"line":41,"column":36}}},"3":{"name":"DemandLogic","line":48,"loc":{"start":{"line":48,"column":4},"end":{"line":51,"column":5}}},"4":{"name":"init","line":57,"loc":{"start":{"line":57,"column":4},"end":{"line":60,"column":5}}},"5":{"name":"getCurrentPeriod","line":69,"loc":{"start":{"line":69,"column":4},"end":{"line":69,"column":97}}},"6":{"name":"getAllDemandListLength","line":86,"loc":{"start":{"line":86,"column":4},"end":{"line":86,"column":76}}},"7":{"name":"getActiveDemandListLength","line":92,"loc":{"start":{"line":92,"column":4},"end":{"line":92,"column":79}}},"8":{"name":"getActiveDemandIdAt","line":99,"loc":{"start":{"line":99,"column":4},"end":{"line":99,"column":84}}},"9":{"name":"createDemand","line":103,"loc":{"start":{"line":103,"column":4},"end":{"line":103,"column":25}}},"10":{"name":"initGeneralAndCoupling","line":119,"loc":{"start":{"line":119,"column":4},"end":{"line":136,"column":5}}},"11":{"name":"createGeneralDemand","line":151,"loc":{"start":{"line":151,"column":4},"end":{"line":163,"column":5}}},"12":{"name":"createCoupling","line":174,"loc":{"start":{"line":174,"column":4},"end":{"line":180,"column":5}}},"13":{"name":"initPriceDriving","line":190,"loc":{"start":{"line":190,"column":4},"end":{"line":201,"column":5}}},"14":{"name":"initMatchProperties","line":222,"loc":{"start":{"line":222,"column":4},"end":{"line":232,"column":5}}},"15":{"name":"getDemandGeneral","line":240,"loc":{"start":{"line":240,"column":4},"end":{"line":254,"column":5}}},"16":{"name":"getDemandPriceDriving","line":261,"loc":{"start":{"line":261,"column":4},"end":{"line":270,"column":5}}},"17":{"name":"getDemandCoupling","line":277,"loc":{"start":{"line":277,"column":4},"end":{"line":284,"column":5}}},"18":{"name":"getDemandMatcherProperties","line":293,"loc":{"start":{"line":293,"column":4},"end":{"line":303,"column":5}}},"19":{"name":"update","line":309,"loc":{"start":{"line":309,"column":4},"end":{"line":312,"column":5}}},"20":{"name":"checkForFullDemand","line":318,"loc":{"start":{"line":318,"column":4},"end":{"line":320,"column":5}}},"21":{"name":"matchDemand","line":335,"loc":{"start":{"line":335,"column":4},"end":{"line":337,"column":5}}},"22":{"name":"checkDemandGeneral","line":365,"loc":{"start":{"line":365,"column":4},"end":{"line":369,"column":5}}},"23":{"name":"checkPriceDriving","line":394,"loc":{"start":{"line":394,"column":4},"end":{"line":397,"column":5}}},"24":{"name":"checkMatcher","line":424,"loc":{"start":{"line":424,"column":4},"end":{"line":428,"column":5}}},"25":{"name":"getExistsStatus","line":451,"loc":{"start":{"line":451,"column":4},"end":{"line":455,"column":9}}}},"statementMap":{"1":{"start":{"line":37,"column":8},"end":{"line":37,"column":34}},"2":{"start":{"line":42,"column":8},"end":{"line":42,"column":40}},"3":{"start":{"line":61,"column":8},"end":{"line":61,"column":34}},"4":{"start":{"line":62,"column":8},"end":{"line":62,"column":22}},"5":{"start":{"line":70,"column":8},"end":{"line":70,"column":2498}},"6":{"start":{"line":71,"column":12},"end":{"line":71,"column":63}},"7":{"start":{"line":73,"column":8},"end":{"line":73,"column":2631}},"8":{"start":{"line":74,"column":12},"end":{"line":74,"column":63}},"9":{"start":{"line":76,"column":8},"end":{"line":76,"column":2765}},"10":{"start":{"line":77,"column":12},"end":{"line":77,"column":62}},"11":{"start":{"line":79,"column":8},"end":{"line":79,"column":2898}},"12":{"start":{"line":80,"column":12},"end":{"line":80,"column":63}},"13":{"start":{"line":87,"column":8},"end":{"line":87,"column":42}},"14":{"start":{"line":93,"column":8},"end":{"line":93,"column":45}},"15":{"start":{"line":100,"column":8},"end":{"line":100,"column":45}},"16":{"start":{"line":105,"column":8},"end":{"line":105,"column":45}},"17":{"start":{"line":106,"column":8},"end":{"line":106,"column":47}},"18":{"start":{"line":140,"column":8},"end":{"line":140,"column":30}},"19":{"start":{"line":164,"column":8},"end":{"line":164,"column":101}},"20":{"start":{"line":167,"column":8},"end":{"line":167,"column":30}},"21":{"start":{"line":214,"column":8},"end":{"line":214,"column":30}},"22":{"start":{"line":234,"column":8},"end":{"line":234,"column":30}},"23":{"start":{"line":255,"column":8},"end":{"line":255,"column":42}},"24":{"start":{"line":271,"column":6},"end":{"line":271,"column":45}},"25":{"start":{"line":285,"column":7},"end":{"line":285,"column":42}},"26":{"start":{"line":304,"column":7},"end":{"line":304,"column":51}},"27":{"start":{"line":321,"column":8},"end":{"line":321,"column":90}},"28":{"start":{"line":323,"column":8},"end":{"line":323,"column":11045}},"29":{"start":{"line":339,"column":8},"end":{"line":339,"column":90}},"30":{"start":{"line":340,"column":8},"end":{"line":340,"column":68}},"31":{"start":{"line":343,"column":8},"end":{"line":343,"column":70}},"32":{"start":{"line":346,"column":8},"end":{"line":346,"column":57}},"33":{"start":{"line":350,"column":8},"end":{"line":350,"column":109}},"34":{"start":{"line":353,"column":8},"end":{"line":353,"column":141}},"35":{"start":{"line":357,"column":8},"end":{"line":357,"column":105}},"36":{"start":{"line":370,"column":8},"end":{"line":370,"column":94}},"37":{"start":{"line":371,"column":8},"end":{"line":371,"column":143}},"38":{"start":{"line":373,"column":8},"end":{"line":373,"column":67}},"39":{"start":{"line":373,"column":39},"end":{"line":373,"column":66}},"40":{"start":{"line":375,"column":8},"end":{"line":375,"column":13689}},"41":{"start":{"line":380,"column":8},"end":{"line":380,"column":13778}},"42":{"start":{"line":384,"column":8},"end":{"line":384,"column":56}},"43":{"start":{"line":386,"column":8},"end":{"line":386,"column":65}},"44":{"start":{"line":386,"column":26},"end":{"line":386,"column":64}},"45":{"start":{"line":388,"column":8},"end":{"line":388,"column":35}},"46":{"start":{"line":398,"column":8},"end":{"line":398,"column":129}},"47":{"start":{"line":400,"column":8},"end":{"line":400,"column":110}},"48":{"start":{"line":402,"column":8},"end":{"line":402,"column":14551}},"49":{"start":{"line":403,"column":12},"end":{"line":403,"column":135}},"50":{"start":{"line":407,"column":12},"end":{"line":407,"column":14812}},"51":{"start":{"line":408,"column":16},"end":{"line":408,"column":59}},"52":{"start":{"line":413,"column":9},"end":{"line":413,"column":107}},"53":{"start":{"line":414,"column":9},"end":{"line":414,"column":58}},"54":{"start":{"line":416,"column":9},"end":{"line":416,"column":47}},"55":{"start":{"line":429,"column":8},"end":{"line":429,"column":133}},"56":{"start":{"line":432,"column":8},"end":{"line":432,"column":38}},"57":{"start":{"line":433,"column":8},"end":{"line":433,"column":63}},"58":{"start":{"line":435,"column":12},"end":{"line":435,"column":60}},"59":{"start":{"line":437,"column":12},"end":{"line":437,"column":15940}},"60":{"start":{"line":438,"column":16},"end":{"line":438,"column":73}},"61":{"start":{"line":440,"column":16},"end":{"line":440,"column":54}},"62":{"start":{"line":442,"column":8},"end":{"line":442,"column":38}},"63":{"start":{"line":443,"column":8},"end":{"line":443,"column":31}},"64":{"start":{"line":444,"column":8},"end":{"line":444,"column":71}},"65":{"start":{"line":456,"column":12},"end":{"line":456,"column":44}}},"branchMap":{"1":{"line":37,"type":"if","locations":[{"start":{"line":37,"column":8},"end":{"line":37,"column":8}},{"start":{"line":37,"column":8},"end":{"line":37,"column":8}}]},"2":{"line":42,"type":"if","locations":[{"start":{"line":42,"column":8},"end":{"line":42,"column":8}},{"start":{"line":42,"column":8},"end":{"line":42,"column":8}}]},"3":{"line":61,"type":"if","locations":[{"start":{"line":61,"column":8},"end":{"line":61,"column":8}},{"start":{"line":61,"column":8},"end":{"line":61,"column":8}}]},"4":{"line":70,"type":"if","locations":[{"start":{"line":70,"column":8},"end":{"line":70,"column":8}},{"start":{"line":70,"column":8},"end":{"line":70,"column":8}}]},"5":{"line":73,"type":"if","locations":[{"start":{"line":73,"column":8},"end":{"line":73,"column":8}},{"start":{"line":73,"column":8},"end":{"line":73,"column":8}}]},"6":{"line":76,"type":"if","locations":[{"start":{"line":76,"column":8},"end":{"line":76,"column":8}},{"start":{"line":76,"column":8},"end":{"line":76,"column":8}}]},"7":{"line":79,"type":"if","locations":[{"start":{"line":79,"column":8},"end":{"line":79,"column":8}},{"start":{"line":79,"column":8},"end":{"line":79,"column":8}}]},"8":{"line":164,"type":"if","locations":[{"start":{"line":164,"column":8},"end":{"line":164,"column":8}},{"start":{"line":164,"column":8},"end":{"line":164,"column":8}}]},"9":{"line":323,"type":"if","locations":[{"start":{"line":323,"column":8},"end":{"line":323,"column":8}},{"start":{"line":323,"column":8},"end":{"line":323,"column":8}}]},"10":{"line":340,"type":"if","locations":[{"start":{"line":340,"column":8},"end":{"line":340,"column":8}},{"start":{"line":340,"column":8},"end":{"line":340,"column":8}}]},"11":{"line":373,"type":"if","locations":[{"start":{"line":373,"column":8},"end":{"line":373,"column":8}},{"start":{"line":373,"column":8},"end":{"line":373,"column":8}}]},"12":{"line":373,"type":"if","locations":[{"start":{"line":373,"column":39},"end":{"line":373,"column":39}},{"start":{"line":373,"column":39},"end":{"line":373,"column":39}}]},"13":{"line":375,"type":"if","locations":[{"start":{"line":375,"column":8},"end":{"line":375,"column":8}},{"start":{"line":375,"column":8},"end":{"line":375,"column":8}}]},"14":{"line":380,"type":"if","locations":[{"start":{"line":380,"column":8},"end":{"line":380,"column":8}},{"start":{"line":380,"column":8},"end":{"line":380,"column":8}}]},"15":{"line":386,"type":"if","locations":[{"start":{"line":386,"column":8},"end":{"line":386,"column":8}},{"start":{"line":386,"column":8},"end":{"line":386,"column":8}}]},"16":{"line":386,"type":"if","locations":[{"start":{"line":386,"column":26},"end":{"line":386,"column":26}},{"start":{"line":386,"column":26},"end":{"line":386,"column":26}}]},"17":{"line":400,"type":"if","locations":[{"start":{"line":400,"column":8},"end":{"line":400,"column":8}},{"start":{"line":400,"column":8},"end":{"line":400,"column":8}}]},"18":{"line":402,"type":"if","locations":[{"start":{"line":402,"column":8},"end":{"line":402,"column":8}},{"start":{"line":402,"column":8},"end":{"line":402,"column":8}}]},"19":{"line":407,"type":"if","locations":[{"start":{"line":407,"column":12},"end":{"line":407,"column":12}},{"start":{"line":407,"column":12},"end":{"line":407,"column":12}}]},"20":{"line":408,"type":"if","locations":[{"start":{"line":408,"column":16},"end":{"line":408,"column":16}},{"start":{"line":408,"column":16},"end":{"line":408,"column":16}}]},"21":{"line":416,"type":"if","locations":[{"start":{"line":416,"column":9},"end":{"line":416,"column":9}},{"start":{"line":416,"column":9},"end":{"line":416,"column":9}}]},"22":{"line":432,"type":"if","locations":[{"start":{"line":432,"column":8},"end":{"line":432,"column":8}},{"start":{"line":432,"column":8},"end":{"line":432,"column":8}}]},"23":{"line":437,"type":"if","locations":[{"start":{"line":437,"column":12},"end":{"line":437,"column":12}},{"start":{"line":437,"column":12},"end":{"line":437,"column":12}}]},"24":{"line":438,"type":"if","locations":[{"start":{"line":438,"column":16},"end":{"line":438,"column":16}},{"start":{"line":438,"column":16},"end":{"line":438,"column":16}}]},"25":{"line":440,"type":"if","locations":[{"start":{"line":440,"column":16},"end":{"line":440,"column":16}},{"start":{"line":440,"column":16},"end":{"line":440,"column":16}}]}}},"contracts/LocationDefinition.sol":{"l":{},"path":"/Users/heikoburkhardt/Documents/ewf-coo/contracts/LocationDefinition.sol","s":{},"b":{},"f":{},"fnMap":{},"statementMap":{},"branchMap":{}},"contracts/Owned.sol":{"l":{"35":7,"36":7},"path":"/Users/heikoburkhardt/Documents/ewf-coo/contracts/Owned.sol","s":{"1":414,"2":5,"3":7,"4":7},"b":{"1":[407,7]},"f":{"1":414,"2":5,"3":7},"fnMap":{"1":{"name":"onlyOwner","line":22,"loc":{"start":{"line":22,"column":4},"end":{"line":22,"column":20}}},"2":{"name":"Owned","line":29,"loc":{"start":{"line":29,"column":4},"end":{"line":29,"column":43}}},"3":{"name":"changeOwner","line":34,"loc":{"start":{"line":34,"column":4},"end":{"line":34,"column":59}}}},"statementMap":{"1":{"start":{"line":22,"column":25},"end":{"line":22,"column":53}},"2":{"start":{"line":29,"column":48},"end":{"line":29,"column":65}},"3":{"start":{"line":35,"column":8},"end":{"line":35,"column":24}},"4":{"start":{"line":36,"column":8},"end":{"line":36,"column":32}}},"branchMap":{"1":{"line":22,"type":"if","locations":[{"start":{"line":22,"column":25},"end":{"line":22,"column":25}},{"start":{"line":22,"column":25},"end":{"line":22,"column":25}}]}}},"contracts/RoleManagement.sol":{"l":{"51":76,"52":67,"56":14,"57":10,"61":12,"62":11,"66":3,"67":3,"73":4,"81":174,"82":79,"85":95,"87":95,"90":94},"path":"/Users/heikoburkhardt/Documents/ewf-coo/contracts/RoleManagement.sol","s":{"1":76,"2":14,"3":12,"4":3,"5":4,"6":174,"7":79,"8":95,"9":95,"10":94},"b":{"1":[67,9],"2":[10,4],"3":[11,1],"4":[3,0],"5":[79,95]},"f":{"1":76,"2":14,"3":12,"4":3,"5":4,"6":174},"fnMap":{"1":{"name":"onlyRole","line":50,"loc":{"start":{"line":50,"column":4},"end":{"line":50,"column":47}}},"2":{"name":"onlyAccount","line":55,"loc":{"start":{"line":55,"column":4},"end":{"line":55,"column":46}}},"3":{"name":"userExists","line":60,"loc":{"start":{"line":60,"column":4},"end":{"line":60,"column":35}}},"4":{"name":"userHasRole","line":65,"loc":{"start":{"line":65,"column":4},"end":{"line":65,"column":63}}},"5":{"name":"RoleManagement","line":72,"loc":{"start":{"line":72,"column":4},"end":{"line":72,"column":51}}},"6":{"name":"isRole","line":79,"loc":{"start":{"line":79,"column":4},"end":{"line":79,"column":92}}}},"statementMap":{"1":{"start":{"line":51,"column":8},"end":{"line":51,"column":42}},"2":{"start":{"line":56,"column":8},"end":{"line":56,"column":44}},"3":{"start":{"line":61,"column":8},"end":{"line":61,"column":79}},"4":{"start":{"line":66,"column":8},"end":{"line":66,"column":37}},"5":{"start":{"line":73,"column":8},"end":{"line":73,"column":33}},"6":{"start":{"line":81,"column":8},"end":{"line":81,"column":2639}},"7":{"start":{"line":82,"column":12},"end":{"line":82,"column":23}},"8":{"start":{"line":85,"column":8},"end":{"line":85,"column":87}},"9":{"start":{"line":87,"column":8},"end":{"line":87,"column":41}},"10":{"start":{"line":90,"column":8},"end":{"line":90,"column":35}}},"branchMap":{"1":{"line":51,"type":"if","locations":[{"start":{"line":51,"column":8},"end":{"line":51,"column":8}},{"start":{"line":51,"column":8},"end":{"line":51,"column":8}}]},"2":{"line":56,"type":"if","locations":[{"start":{"line":56,"column":8},"end":{"line":56,"column":8}},{"start":{"line":56,"column":8},"end":{"line":56,"column":8}}]},"3":{"line":61,"type":"if","locations":[{"start":{"line":61,"column":8},"end":{"line":61,"column":8}},{"start":{"line":61,"column":8},"end":{"line":61,"column":8}}]},"4":{"line":66,"type":"if","locations":[{"start":{"line":66,"column":8},"end":{"line":66,"column":8}},{"start":{"line":66,"column":8},"end":{"line":66,"column":8}}]},"5":{"line":81,"type":"if","locations":[{"start":{"line":81,"column":8},"end":{"line":81,"column":8}},{"start":{"line":81,"column":8},"end":{"line":81,"column":8}}]}}},"contracts/UserDB.sol":{"l":{"42":6,"43":3,"52":0,"83":15,"90":15,"92":15,"93":15,"94":15,"95":15,"97":15,"98":15,"99":15,"100":15,"101":15,"102":15,"103":15,"104":15,"105":15,"106":15,"107":15,"120":1,"121":1,"122":1,"123":1,"131":1,"132":1,"133":1,"150":1,"151":1,"152":1,"153":1,"154":1,"155":1,"156":1,"157":1,"165":2,"166":2,"174":11,"175":11,"188":102,"205":22,"229":61,"230":61},"path":"/Users/heikoburkhardt/Documents/ewf-coo/contracts/UserDB.sol","s":{"1":6,"2":0,"3":15,"4":15,"5":15,"6":15,"7":15,"8":15,"9":15,"10":15,"11":15,"12":15,"13":15,"14":15,"15":15,"16":15,"17":15,"18":15,"19":1,"20":1,"21":1,"22":1,"23":1,"24":1,"25":1,"26":1,"27":1,"28":1,"29":1,"30":1,"31":1,"32":1,"33":1,"34":2,"35":2,"36":11,"37":11,"38":102,"39":22,"40":61,"41":61},"b":{"1":[3,3]},"f":{"1":6,"2":1,"3":0,"4":15,"5":1,"6":1,"7":1,"8":2,"9":11,"10":102,"11":22,"12":61},"fnMap":{"1":{"name":"userExists","line":41,"loc":{"start":{"line":41,"column":4},"end":{"line":41,"column":36}}},"2":{"name":"UserDB","line":48,"loc":{"start":{"line":48,"column":4},"end":{"line":48,"column":54}}},"3":{"name":null,"line":51,"loc":{"start":{"line":51,"column":4},"end":{"line":51,"column":20}}},"4":{"name":"setUser","line":68,"loc":{"start":{"line":68,"column":4},"end":{"line":82,"column":5}}},"5":{"name":"setUserName","line":115,"loc":{"start":{"line":115,"column":4},"end":{"line":119,"column":5}}},"6":{"name":"setOrganization","line":130,"loc":{"start":{"line":130,"column":4},"end":{"line":130,"column":100}}},"7":{"name":"setAddress","line":145,"loc":{"start":{"line":145,"column":4},"end":{"line":149,"column":5}}},"8":{"name":"setUserActive","line":164,"loc":{"start":{"line":164,"column":4},"end":{"line":164,"column":72}}},"9":{"name":"setRoles","line":173,"loc":{"start":{"line":173,"column":4},"end":{"line":173,"column":66}}},"10":{"name":"getRolesRights","line":183,"loc":{"start":{"line":183,"column":4},"end":{"line":188,"column":5}}},"11":{"name":"doesUserExist","line":202,"loc":{"start":{"line":202,"column":4},"end":{"line":206,"column":20}}},"12":{"name":"getFullUser","line":214,"loc":{"start":{"line":214,"column":4},"end":{"line":231,"column":5}}}},"statementMap":{"1":{"start":{"line":42,"column":8},"end":{"line":42,"column":82}},"2":{"start":{"line":52,"column":8},"end":{"line":52,"column":15}},"3":{"start":{"line":83,"column":8},"end":{"line":83,"column":39}},"4":{"start":{"line":92,"column":8},"end":{"line":92,"column":31}},"5":{"start":{"line":93,"column":8},"end":{"line":93,"column":27}},"6":{"start":{"line":94,"column":8},"end":{"line":94,"column":37}},"7":{"start":{"line":95,"column":8},"end":{"line":95,"column":23}},"8":{"start":{"line":97,"column":8},"end":{"line":97,"column":23}},"9":{"start":{"line":98,"column":8},"end":{"line":98,"column":29}},"10":{"start":{"line":99,"column":8},"end":{"line":99,"column":26}},"11":{"start":{"line":100,"column":8},"end":{"line":100,"column":23}},"12":{"start":{"line":101,"column":8},"end":{"line":101,"column":27}},"13":{"start":{"line":102,"column":8},"end":{"line":102,"column":21}},"14":{"start":{"line":103,"column":8},"end":{"line":103,"column":32}},"15":{"start":{"line":104,"column":8},"end":{"line":104,"column":28}},"16":{"start":{"line":105,"column":8},"end":{"line":105,"column":29}},"17":{"start":{"line":106,"column":8},"end":{"line":106,"column":24}},"18":{"start":{"line":107,"column":8},"end":{"line":107,"column":22}},"19":{"start":{"line":120,"column":8},"end":{"line":120,"column":39}},"20":{"start":{"line":121,"column":8},"end":{"line":121,"column":31}},"21":{"start":{"line":122,"column":8},"end":{"line":122,"column":27}},"22":{"start":{"line":123,"column":8},"end":{"line":123,"column":22}},"23":{"start":{"line":131,"column":8},"end":{"line":131,"column":39}},"24":{"start":{"line":132,"column":8},"end":{"line":132,"column":37}},"25":{"start":{"line":133,"column":8},"end":{"line":133,"column":22}},"26":{"start":{"line":150,"column":8},"end":{"line":150,"column":39}},"27":{"start":{"line":151,"column":8},"end":{"line":151,"column":34}},"28":{"start":{"line":152,"column":8},"end":{"line":152,"column":39}},"29":{"start":{"line":153,"column":8},"end":{"line":153,"column":28}},"30":{"start":{"line":154,"column":8},"end":{"line":154,"column":30}},"31":{"start":{"line":155,"column":8},"end":{"line":155,"column":36}},"32":{"start":{"line":156,"column":8},"end":{"line":156,"column":33}},"33":{"start":{"line":157,"column":8},"end":{"line":157,"column":22}},"34":{"start":{"line":165,"column":8},"end":{"line":165,"column":39}},"35":{"start":{"line":166,"column":8},"end":{"line":166,"column":25}},"36":{"start":{"line":174,"column":8},"end":{"line":174,"column":39}},"37":{"start":{"line":175,"column":8},"end":{"line":175,"column":23}},"38":{"start":{"line":189,"column":8},"end":{"line":189,"column":36}},"39":{"start":{"line":207,"column":8},"end":{"line":207,"column":37}},"40":{"start":{"line":232,"column":8},"end":{"line":232,"column":39}},"41":{"start":{"line":233,"column":8},"end":{"line":233,"column":189}}},"branchMap":{"1":{"line":42,"type":"if","locations":[{"start":{"line":42,"column":8},"end":{"line":42,"column":8}},{"start":{"line":42,"column":8},"end":{"line":42,"column":8}}]}}},"contracts/UserLogic.sol":{"l":{"32":36,"33":36,"45":2,"46":1,"77":18,"82":15,"93":5,"99":2,"112":10,"117":0,"127":2,"149":61,"160":4,"161":2,"172":3,"173":2,"188":7,"189":2,"199":22,"210":101,"218":1,"223":1,"224":1,"225":1,"235":0,"238":0,"239":0,"240":0,"250":0,"251":0,"252":0,"261":0,"262":0,"263":0,"272":0,"273":0,"274":0,"283":0,"284":0,"285":0},"path":"/Users/heikoburkhardt/Documents/ewf-coo/contracts/UserLogic.sol","s":{"1":36,"2":2,"3":1,"4":18,"5":5,"6":0,"7":61,"8":4,"9":3,"10":7,"11":22,"12":101,"13":1,"14":1,"15":1,"16":0,"17":0,"18":0,"19":0,"20":0,"21":0,"22":0,"23":0,"24":0,"25":0,"26":0},"b":{"1":[36,0],"2":[1,1],"3":[15,3],"4":[2,3],"5":[2,2],"6":[2,1],"7":[2,5],"8":[1,0],"9":[1,0],"10":[0,0],"11":[0,0],"12":[0,0],"13":[0,0],"14":[0,0],"15":[0,0]},"f":{"1":36,"2":1,"3":2,"4":18,"5":5,"6":10,"7":0,"8":2,"9":61,"10":4,"11":3,"12":7,"13":22,"14":101,"15":1,"16":0,"17":0,"18":0,"19":0,"20":0},"fnMap":{"1":{"name":"isInitialized","line":31,"loc":{"start":{"line":31,"column":4},"end":{"line":31,"column":24}}},"2":{"name":"UserLogic","line":39,"loc":{"start":{"line":39,"column":4},"end":{"line":39,"column":58}}},"3":{"name":"init","line":44,"loc":{"start":{"line":44,"column":4},"end":{"line":44,"column":43}}},"4":{"name":"setUser","line":61,"loc":{"start":{"line":61,"column":4},"end":{"line":76,"column":5}}},"5":{"name":"deactivateUser","line":88,"loc":{"start":{"line":88,"column":4},"end":{"line":92,"column":5}}},"6":{"name":"setRoles","line":106,"loc":{"start":{"line":106,"column":4},"end":{"line":111,"column":5}}},"7":{"name":null,"line":116,"loc":{"start":{"line":116,"column":4},"end":{"line":116,"column":20}}},"8":{"name":"update","line":122,"loc":{"start":{"line":122,"column":4},"end":{"line":126,"column":5}}},"9":{"name":"getFullUser","line":133,"loc":{"start":{"line":133,"column":4},"end":{"line":149,"column":5}}},"10":{"name":"setUserName","line":157,"loc":{"start":{"line":157,"column":4},"end":{"line":160,"column":5}}},"11":{"name":"setOrganization","line":168,"loc":{"start":{"line":168,"column":4},"end":{"line":172,"column":5}}},"12":{"name":"setOrganizationAddress","line":185,"loc":{"start":{"line":185,"column":4},"end":{"line":188,"column":5}}},"13":{"name":"doesUserExist","line":196,"loc":{"start":{"line":196,"column":4},"end":{"line":200,"column":5}}},"14":{"name":"getRolesRights","line":208,"loc":{"start":{"line":208,"column":4},"end":{"line":212,"column":5}}},"15":{"name":"addAdminRole","line":216,"loc":{"start":{"line":216,"column":4},"end":{"line":220,"column":5}}},"16":{"name":"removeAdminRole","line":233,"loc":{"start":{"line":233,"column":4},"end":{"line":237,"column":5}}},"17":{"name":"addAssetManagerRole","line":248,"loc":{"start":{"line":248,"column":4},"end":{"line":252,"column":5}}},"18":{"name":"removeAssetManagerRole","line":259,"loc":{"start":{"line":259,"column":4},"end":{"line":263,"column":5}}},"19":{"name":"addTraderRole","line":270,"loc":{"start":{"line":270,"column":4},"end":{"line":274,"column":5}}},"20":{"name":"removeTraderRole","line":281,"loc":{"start":{"line":281,"column":4},"end":{"line":285,"column":5}}}},"statementMap":{"1":{"start":{"line":32,"column":8},"end":{"line":32,"column":34}},"2":{"start":{"line":45,"column":8},"end":{"line":45,"column":70}},"3":{"start":{"line":46,"column":8},"end":{"line":46,"column":29}},"4":{"start":{"line":77,"column":8},"end":{"line":77,"column":2992}},"5":{"start":{"line":93,"column":8},"end":{"line":93,"column":3623}},"6":{"start":{"line":117,"column":8},"end":{"line":117,"column":15}},"7":{"start":{"line":150,"column":8},"end":{"line":150,"column":36}},"8":{"start":{"line":161,"column":8},"end":{"line":161,"column":52}},"9":{"start":{"line":173,"column":8},"end":{"line":173,"column":36}},"10":{"start":{"line":189,"column":8},"end":{"line":189,"column":95}},"11":{"start":{"line":201,"column":8},"end":{"line":201,"column":38}},"12":{"start":{"line":213,"column":8},"end":{"line":213,"column":39}},"13":{"start":{"line":221,"column":8},"end":{"line":221,"column":8100}},"14":{"start":{"line":226,"column":12},"end":{"line":226,"column":8405}},"15":{"start":{"line":227,"column":16},"end":{"line":227,"column":52}},"16":{"start":{"line":238,"column":8},"end":{"line":238,"column":8755}},"17":{"start":{"line":241,"column":12},"end":{"line":241,"column":8954}},"18":{"start":{"line":242,"column":16},"end":{"line":242,"column":52}},"19":{"start":{"line":253,"column":8},"end":{"line":253,"column":9282}},"20":{"start":{"line":254,"column":12},"end":{"line":254,"column":48}},"21":{"start":{"line":264,"column":8},"end":{"line":264,"column":9652}},"22":{"start":{"line":265,"column":12},"end":{"line":265,"column":48}},"23":{"start":{"line":275,"column":8},"end":{"line":275,"column":10016}},"24":{"start":{"line":276,"column":12},"end":{"line":276,"column":48}},"25":{"start":{"line":286,"column":8},"end":{"line":286,"column":10372}},"26":{"start":{"line":287,"column":12},"end":{"line":287,"column":48}}},"branchMap":{"1":{"line":32,"type":"if","locations":[{"start":{"line":32,"column":8},"end":{"line":32,"column":8}},{"start":{"line":32,"column":8},"end":{"line":32,"column":8}}]},"2":{"line":45,"type":"if","locations":[{"start":{"line":45,"column":8},"end":{"line":45,"column":8}},{"start":{"line":45,"column":8},"end":{"line":45,"column":8}}]},"3":{"line":77,"type":"if","locations":[{"start":{"line":77,"column":8},"end":{"line":77,"column":8}},{"start":{"line":77,"column":8},"end":{"line":77,"column":8}}]},"4":{"line":93,"type":"if","locations":[{"start":{"line":93,"column":8},"end":{"line":93,"column":8}},{"start":{"line":93,"column":8},"end":{"line":93,"column":8}}]},"5":{"line":161,"type":"if","locations":[{"start":{"line":161,"column":8},"end":{"line":161,"column":8}},{"start":{"line":161,"column":8},"end":{"line":161,"column":8}}]},"6":{"line":173,"type":"if","locations":[{"start":{"line":173,"column":8},"end":{"line":173,"column":8}},{"start":{"line":173,"column":8},"end":{"line":173,"column":8}}]},"7":{"line":189,"type":"if","locations":[{"start":{"line":189,"column":8},"end":{"line":189,"column":8}},{"start":{"line":189,"column":8},"end":{"line":189,"column":8}}]},"8":{"line":221,"type":"if","locations":[{"start":{"line":221,"column":8},"end":{"line":221,"column":8}},{"start":{"line":221,"column":8},"end":{"line":221,"column":8}}]},"9":{"line":226,"type":"if","locations":[{"start":{"line":226,"column":12},"end":{"line":226,"column":12}},{"start":{"line":226,"column":12},"end":{"line":226,"column":12}}]},"10":{"line":238,"type":"if","locations":[{"start":{"line":238,"column":8},"end":{"line":238,"column":8}},{"start":{"line":238,"column":8},"end":{"line":238,"column":8}}]},"11":{"line":241,"type":"if","locations":[{"start":{"line":241,"column":12},"end":{"line":241,"column":12}},{"start":{"line":241,"column":12},"end":{"line":241,"column":12}}]},"12":{"line":253,"type":"if","locations":[{"start":{"line":253,"column":8},"end":{"line":253,"column":8}},{"start":{"line":253,"column":8},"end":{"line":253,"column":8}}]},"13":{"line":264,"type":"if","locations":[{"start":{"line":264,"column":8},"end":{"line":264,"column":8}},{"start":{"line":264,"column":8},"end":{"line":264,"column":8}}]},"14":{"line":275,"type":"if","locations":[{"start":{"line":275,"column":8},"end":{"line":275,"column":8}},{"start":{"line":275,"column":8},"end":{"line":275,"column":8}}]},"15":{"line":286,"type":"if","locations":[{"start":{"line":286,"column":8},"end":{"line":286,"column":8}},{"start":{"line":286,"column":8},"end":{"line":286,"column":8}}]}}}}