TN:
SF:/Users/jbentke/Documents/EWF_Origin/ewf-coo/contracts/AssetRegistryDB.sol
FN:61,AssetRegistryDB
FN:68,createAsset
FN:85,setSmartMeter
FN:96,setOwner
FN:107,setFuelType
FN:118,setOperationalSince
FN:129,setLastSmartMeterReadFileHash
FN:140,setLastSmartMeterReadWh
FN:149,setCO2UsedForCertificate
FN:153,setLastCO2OffsetReading
FN:163,setCapacityWh
FN:174,setCertificatesCreatedForWh
FN:185,setActive
FN:196,setLocationCountry
FN:206,setLocationRegion
FN:224,initGeneral
FN:259,initLocation
FN:287,getExistStatus
FN:298,setAssetExistStatus
FN:309,getSmartMeter
FN:322,getOwner
FN:335,getAssetType
FN:347,getOperationalSince
FN:360,getLastSmartMeterReadWh
FN:370,getlastSmartMeterCO2OffsetRead
FN:379,getCo2UsedForCertificate
FN:386,getCapacityWh
FN:399,getCertificatesCreatedForWh
FN:412,getLastSmartMeterReadFileHash
FN:425,getActive
FN:438,getLocationCountry
FN:450,getLocationRegion
FN:470,getAssetGeneral
FN:505,getAssetLocation
FNF:34
FNH:21
FNDA:1,AssetRegistryDB
FNDA:3,createAsset
FNDA:1,setSmartMeter
FNDA:0,setOwner
FNDA:0,setFuelType
FNDA:0,setOperationalSince
FNDA:2,setLastSmartMeterReadFileHash
FNDA:2,setLastSmartMeterReadWh
FNDA:3,setCO2UsedForCertificate
FNDA:2,setLastCO2OffsetReading
FNDA:0,setCapacityWh
FNDA:3,setCertificatesCreatedForWh
FNDA:2,setActive
FNDA:0,setLocationCountry
FNDA:0,setLocationRegion
FNDA:3,initGeneral
FNDA:3,initLocation
FNDA:6,getExistStatus
FNDA:0,setAssetExistStatus
FNDA:2,getSmartMeter
FNDA:0,getOwner
FNDA:5,getAssetType
FNDA:0,getOperationalSince
FNDA:13,getLastSmartMeterReadWh
FNDA:10,getlastSmartMeterCO2OffsetRead
FNDA:11,getCo2UsedForCertificate
FNDA:0,getCapacityWh
FNDA:13,getCertificatesCreatedForWh
FNDA:0,getLastSmartMeterReadFileHash
FNDA:2,getActive
FNDA:0,getLocationCountry
FNDA:0,getLocationRegion
FNDA:6,getAssetGeneral
FNDA:5,getAssetLocation
DA:73,3
DA:74,3
DA:75,3
DA:89,1
DA:100,0
DA:111,0
DA:122,0
DA:133,2
DA:144,2
DA:150,3
DA:157,2
DA:167,0
DA:178,3
DA:189,2
DA:200,0
DA:210,0
DA:242,3
DA:244,3
DA:245,3
DA:246,3
DA:247,3
DA:248,3
DA:249,3
DA:250,3
DA:251,3
DA:252,3
DA:253,3
DA:254,3
DA:255,3
DA:256,3
DA:273,3
DA:274,3
DA:276,3
DA:277,3
DA:278,3
DA:279,3
DA:280,3
DA:281,3
DA:282,3
DA:283,3
DA:284,3
DA:292,6
DA:294,6
DA:301,0
DA:302,0
DA:313,2
DA:325,0
DA:337,5
DA:348,0
DA:360,13
DA:369,10
DA:373,11
DA:384,0
DA:396,13
DA:408,0
DA:420,2
DA:432,0
DA:443,0
DA:474,6
DA:475,6
DA:476,6
DA:505,5
DA:507,5
DA:508,5
DA:509,5
DA:510,5
DA:511,5
DA:512,5
DA:513,5
DA:514,5
DA:516,5
LF:71
LH:57
BRF:0
BRH:0
end_of_record
TN:
SF:/Users/jbentke/Documents/EWF_Origin/ewf-coo/contracts/AssetRegistryLogic.sol
FN:36,isInitialized
FN:45,AssetRegistryLogic
FN:54,init
FN:62,createAsset
FN:75,initGeneral
FN:94,initLocation
FN:112,checkForFullAsset
FN:125,updateSmartMeter
FN:135,setActive
FN:148,saveSmartMeterRead
FN:164,useWhForCertificate
FN:180,update
FN:188,getCoSaved
FN:211,getAssetGeneral
FN:231,getAssetLocation
FN:248,getCo2UsedForCertificate
FN:252,getAssetType
FNF:17
FNH:16
FNDA:13,isInitialized
FNDA:1,AssetRegistryLogic
FNDA:1,init
FNDA:3,createAsset
FNDA:3,initGeneral
FNDA:3,initLocation
FNDA:6,checkForFullAsset
FNDA:1,updateSmartMeter
FNDA:2,setActive
FNDA:2,saveSmartMeterRead
FNDA:3,useWhForCertificate
FNDA:1,update
FNDA:8,getCoSaved
FNDA:6,getAssetGeneral
FNDA:5,getAssetLocation
FNDA:0,getCo2UsedForCertificate
FNDA:5,getAssetType
DA:37,13
DA:38,13
DA:58,1
DA:59,1
DA:63,3
DA:64,3
DA:90,3
DA:91,3
DA:108,3
DA:109,3
DA:115,6
DA:117,6
DA:118,0
DA:130,1
DA:140,2
DA:153,2
DA:154,2
DA:156,2
DA:157,2
DA:158,2
DA:170,3
DA:171,3
DA:172,3
DA:173,3
DA:174,3
DA:175,3
DA:184,1
DA:189,8
DA:190,8
DA:191,8
DA:192,8
DA:193,8
DA:194,8
DA:196,8
DA:227,6
DA:243,5
DA:247,0
DA:256,5
LF:38
LH:36
BRDA:37,1,0,13
BRDA:37,1,1,0
BRDA:58,2,0,1
BRDA:58,2,1,0
BRDA:117,3,0,0
BRDA:117,3,1,6
BRDA:153,4,0,2
BRDA:153,4,1,0
BRDA:171,5,0,3
BRDA:171,5,1,0
BRF:10
BRH:5
end_of_record
TN:
SF:/Users/jbentke/Documents/EWF_Origin/ewf-coo/contracts/CertificateDB.sol
FN:47,CertificateDB
FN:55,createCertificate
FN:63,setCertificateOwner
FN:70,setRetireRequest
FN:77,isRetired
FN:83,retireCertificate
FN:90,getCertificate
FN:94,getCertificateListLength
FNF:8
FNH:3
FNDA:1,CertificateDB
FNDA:3,createCertificate
FNDA:0,setCertificateOwner
FNDA:0,setRetireRequest
FNDA:0,isRetired
FNDA:0,retireCertificate
FNDA:0,getCertificate
FNDA:6,getCertificateListLength
DA:56,3
DA:64,0
DA:71,0
DA:78,0
DA:84,0
DA:91,0
DA:95,6
LF:7
LH:2
BRF:0
BRH:0
end_of_record
TN:
SF:/Users/jbentke/Documents/EWF_Origin/ewf-coo/contracts/CertificateLogic.sol
FN:43,CertificateLogic
FN:49,init
FN:58,createCertificate
FN:68,retireCertificate
FN:76,retireCertificateRequest
FN:87,changeCertificateOwner
FN:94,getCertificate
FN:100,getCertificateListLength
FN:105,isInitialized
FN:111,isMatcherOrDemand
FN:118,update
FNF:11
FNH:7
FNDA:1,CertificateLogic
FNDA:1,init
FNDA:3,createCertificate
FNDA:0,retireCertificate
FNDA:0,retireCertificateRequest
FNDA:0,changeCertificateOwner
FNDA:0,getCertificate
FNDA:6,getCertificateListLength
FNDA:3,isInitialized
FNDA:3,isMatcherOrDemand
FNDA:1,update
DA:50,1
DA:51,1
DA:59,3
DA:60,3
DA:61,3
DA:62,3
DA:63,3
DA:70,0
DA:71,0
DA:77,0
DA:78,0
DA:79,0
DA:80,0
DA:81,0
DA:88,0
DA:95,0
DA:101,6
DA:106,3
DA:107,3
DA:112,3
DA:113,3
DA:122,1
LF:22
LH:13
BRDA:50,1,0,1
BRDA:50,1,1,0
BRDA:59,2,0,3
BRDA:59,2,1,0
BRDA:70,3,0,0
BRDA:70,3,1,0
BRDA:79,4,0,0
BRDA:79,4,1,0
BRDA:106,5,0,3
BRDA:106,5,1,0
BRDA:112,6,0,3
BRDA:112,6,1,0
BRF:12
BRH:4
end_of_record
TN:
SF:/Users/jbentke/Documents/EWF_Origin/ewf-coo/contracts/CoO.sol
FN:31,CoO
FN:42,init
FN:61,update
FN:89,
FNF:4
FNH:3
FNDA:1,CoO
FNDA:1,init
FNDA:2,update
FNDA:0,
DA:46,1
DA:50,1
DA:51,1
DA:52,1
DA:53,1
DA:65,2
DA:66,2
DA:67,2
DA:70,2
DA:71,1
DA:72,1
DA:75,2
DA:76,1
DA:77,1
DA:80,2
DA:81,1
DA:82,1
DA:90,0
LF:18
LH:17
BRDA:46,1,0,1
BRDA:46,1,1,0
BRDA:65,2,0,2
BRDA:65,2,1,0
BRDA:70,3,0,1
BRDA:70,3,1,1
BRDA:75,4,0,1
BRDA:75,4,1,1
BRDA:80,5,0,1
BRDA:80,5,1,1
BRF:10
BRH:8
end_of_record
TN:
SF:/Users/jbentke/Documents/EWF_Origin/ewf-coo/contracts/DemandDB.sol
FN:85,DemandDB
FN:95,getStartEpoche
FN:106,getActiveDemandListLength
FN:117,getAllDemandListLength
FN:129,getActiveDemandIdAt
FN:138,createEmptyDemand
FN:174,addActiveDemand
FN:183,removeActiveDemand
FN:201,getDemandGeneral
FN:230,createGeneralDemand
FN:265,createCoupling
FN:286,createPriceDriving
FN:331,createMatchProperties
FN:359,updateMatchProperties
FN:380,getDemandCoupling
FN:397,getDemandPriceDriving
FN:416,setEnabled
FN:427,getDemandMatcherProperties
FN:447,getExistStatus
FN:457,getTimeFrame
FN:479,demandExists
FN:490,setDemandCreationTime
FNF:22
FNH:20
FNDA:1,DemandDB
FNDA:4,getStartEpoche
FNDA:6,getActiveDemandListLength
FNDA:5,getAllDemandListLength
FNDA:0,getActiveDemandIdAt
FNDA:2,createEmptyDemand
FNDA:2,addActiveDemand
FNDA:0,removeActiveDemand
FNDA:5,getDemandGeneral
FNDA:2,createGeneralDemand
FNDA:2,createCoupling
FNDA:2,createPriceDriving
FNDA:2,createMatchProperties
FNDA:3,updateMatchProperties
FNDA:4,getDemandCoupling
FNDA:5,getDemandPriceDriving
FNDA:2,setEnabled
FNDA:10,getDemandMatcherProperties
FNDA:10,getExistStatus
FNDA:4,getTimeFrame
FNDA:6,demandExists
FNDA:2,setDemandCreationTime
DA:100,4
DA:110,6
DA:120,5
DA:131,0
DA:139,2
DA:140,2
DA:141,2
DA:142,2
DA:144,2
DA:174,2
DA:183,0
DA:184,0
DA:185,0
DA:186,0
DA:211,5
DA:212,5
DA:213,5
DA:240,2
DA:242,2
DA:243,2
DA:244,2
DA:245,2
DA:246,2
DA:247,2
DA:248,2
DA:249,2
DA:250,2
DA:251,2
DA:269,2
DA:271,2
DA:272,2
DA:273,2
DA:297,2
DA:299,2
DA:301,2
DA:302,2
DA:303,2
DA:304,2
DA:305,2
DA:307,2
DA:308,2
DA:309,2
DA:310,2
DA:311,2
DA:312,2
DA:313,2
DA:314,2
DA:315,2
DA:316,2
DA:338,2
DA:340,2
DA:341,2
DA:342,2
DA:343,2
DA:344,2
DA:345,2
DA:346,2
DA:363,3
DA:365,3
DA:366,3
DA:367,3
DA:368,3
DA:383,4
DA:384,4
DA:385,4
DA:401,5
DA:402,5
DA:403,5
DA:413,2
DA:414,2
DA:431,10
DA:432,10
DA:433,10
DA:444,10
DA:445,10
DA:453,4
DA:473,6
DA:483,2
LF:78
LH:73
BRDA:188,1,0,0
BRDA:188,1,1,0
BRF:2
BRH:0
end_of_record
TN:
SF:/Users/jbentke/Documents/EWF_Origin/ewf-coo/contracts/DemandDefinitions.sol
FNF:0
FNH:0
LF:0
LH:0
BRF:0
BRH:0
end_of_record
TN:
SF:/Users/jbentke/Documents/EWF_Origin/ewf-coo/contracts/DemandLogic.sol
FN:36,isInitialized
FN:41,doesNotExist
FN:48,DemandLogic
FN:57,init
FN:69,getCurrentPeriod
FN:86,getAllDemandListLength
FN:92,getActiveDemandListLength
FN:99,getActiveDemandIdAt
FN:103,createDemand
FN:119,initGeneralAndCoupling
FN:151,createGeneralDemand
FN:174,createCoupling
FN:190,initPriceDriving
FN:222,initMatchProperties
FN:240,getDemandGeneral
FN:261,getDemandPriceDriving
FN:277,getDemandCoupling
FN:293,getDemandMatcherProperties
FN:309,update
FN:318,checkForFullDemand
FN:335,matchDemand
FN:365,checkDemandGeneral
FN:394,checkPriceDriving
FN:424,checkMatcher
FN:451,getExistsStatus
FNF:25
FNH:19
FNDA:18,isInitialized
FNDA:6,doesNotExist
FNDA:1,DemandLogic
FNDA:1,init
FNDA:4,getCurrentPeriod
FNDA:5,getAllDemandListLength
FNDA:6,getActiveDemandListLength
FNDA:0,getActiveDemandIdAt
FNDA:2,createDemand
FNDA:2,initGeneralAndCoupling
FNDA:0,createGeneralDemand
FNDA:0,createCoupling
FNDA:2,initPriceDriving
FNDA:2,initMatchProperties
FNDA:1,getDemandGeneral
FNDA:0,getDemandPriceDriving
FNDA:0,getDemandCoupling
FNDA:6,getDemandMatcherProperties
FNDA:1,update
FNDA:6,checkForFullDemand
FNDA:4,matchDemand
FNDA:4,checkDemandGeneral
FNDA:5,checkPriceDriving
FNDA:4,checkMatcher
FNDA:0,getExistsStatus
DA:37,18
DA:38,18
DA:42,6
DA:43,6
DA:61,1
DA:62,1
DA:70,4
DA:71,4
DA:73,0
DA:74,0
DA:76,0
DA:77,0
DA:79,0
DA:80,0
DA:87,5
DA:93,6
DA:100,0
DA:105,2
DA:106,2
DA:138,2
DA:139,2
DA:140,2
DA:164,0
DA:166,0
DA:167,0
DA:181,0
DA:203,2
DA:214,2
DA:233,2
DA:234,2
DA:254,1
DA:269,0
DA:282,0
DA:300,6
DA:309,1
DA:317,6
DA:319,6
DA:320,2
DA:321,2
DA:322,2
DA:335,4
DA:336,4
DA:339,4
DA:342,4
DA:346,4
DA:349,3
DA:352,3
DA:353,3
DA:365,4
DA:366,4
DA:368,4
DA:370,4
DA:375,4
DA:379,4
DA:381,4
DA:383,4
DA:392,5
DA:394,5
DA:396,5
DA:397,5
DA:401,5
DA:402,0
DA:407,5
DA:408,5
DA:410,5
DA:422,4
DA:425,4
DA:426,4
DA:428,4
DA:430,4
DA:431,4
DA:433,0
DA:435,3
DA:436,3
DA:437,3
DA:448,0
LF:76
LH:60
BRDA:37,1,0,18
BRDA:37,1,1,0
BRDA:42,2,0,6
BRDA:42,2,1,0
BRDA:61,3,0,1
BRDA:61,3,1,0
BRDA:70,4,0,4
BRDA:70,4,1,0
BRDA:73,5,0,0
BRDA:73,5,1,0
BRDA:76,6,0,0
BRDA:76,6,1,0
BRDA:79,7,0,0
BRDA:79,7,1,0
BRDA:164,8,0,0
BRDA:164,8,1,0
BRDA:323,9,0,2
BRDA:323,9,1,4
BRDA:340,10,0,4
BRDA:340,10,1,0
BRDA:373,11,0,0
BRDA:373,11,1,4
BRDA:373,12,0,0
BRDA:373,12,1,0
BRDA:375,13,0,4
BRDA:375,13,1,0
BRDA:380,14,0,0
BRDA:380,14,1,4
BRDA:386,15,0,0
BRDA:386,15,1,4
BRDA:386,16,0,0
BRDA:386,16,1,0
BRDA:400,17,0,5
BRDA:400,17,1,0
BRDA:402,18,0,5
BRDA:402,18,1,0
BRDA:407,19,0,0
BRDA:407,19,1,5
BRDA:408,20,0,0
BRDA:408,20,1,0
BRDA:416,21,0,5
BRDA:416,21,1,0
BRDA:432,22,0,4
BRDA:432,22,1,0
BRDA:437,23,0,4
BRDA:437,23,1,0
BRDA:438,24,0,3
BRDA:438,24,1,1
BRDA:440,25,0,0
BRDA:440,25,1,0
BRF:50
BRH:19
end_of_record
TN:
SF:/Users/jbentke/Documents/EWF_Origin/ewf-coo/contracts/LocationDefinition.sol
FNF:0
FNH:0
LF:0
LH:0
BRF:0
BRH:0
end_of_record
TN:
SF:/Users/jbentke/Documents/EWF_Origin/ewf-coo/contracts/Owned.sol
FN:22,onlyOwner
FN:29,Owned
FN:34,changeOwner
FNF:3
FNH:3
FNDA:414,onlyOwner
FNDA:5,Owned
FNDA:7,changeOwner
DA:35,7
DA:36,7
LF:2
LH:2
BRDA:22,1,0,407
BRDA:22,1,1,7
BRF:2
BRH:2
end_of_record
TN:
SF:/Users/jbentke/Documents/EWF_Origin/ewf-coo/contracts/RoleManagement.sol
FN:50,onlyRole
FN:55,onlyAccount
FN:60,userExists
FN:65,userHasRole
FN:72,RoleManagement
FN:79,isRole
FNF:6
FNH:6
FNDA:76,onlyRole
FNDA:14,onlyAccount
FNDA:12,userExists
FNDA:3,userHasRole
FNDA:4,RoleManagement
FNDA:174,isRole
DA:51,76
DA:52,67
DA:56,14
DA:57,10
DA:61,12
DA:62,11
DA:66,3
DA:67,3
DA:73,4
DA:81,174
DA:82,79
DA:85,95
DA:87,95
DA:90,94
LF:14
LH:14
BRDA:51,1,0,67
BRDA:51,1,1,9
BRDA:56,2,0,10
BRDA:56,2,1,4
BRDA:61,3,0,11
BRDA:61,3,1,1
BRDA:66,4,0,3
BRDA:66,4,1,0
BRDA:81,5,0,79
BRDA:81,5,1,95
BRF:10
BRH:9
end_of_record
TN:
SF:/Users/jbentke/Documents/EWF_Origin/ewf-coo/contracts/UserDB.sol
FN:41,userExists
FN:48,UserDB
FN:51,
FN:68,setUser
FN:115,setUserName
FN:130,setOrganization
FN:145,setAddress
FN:164,setUserActive
FN:173,setRoles
FN:183,getRolesRights
FN:202,doesUserExist
FN:214,getFullUser
FNF:12
FNH:11
FNDA:6,userExists
FNDA:1,UserDB
FNDA:0,
FNDA:15,setUser
FNDA:1,setUserName
FNDA:1,setOrganization
FNDA:1,setAddress
FNDA:2,setUserActive
FNDA:11,setRoles
FNDA:102,getRolesRights
FNDA:22,doesUserExist
FNDA:61,getFullUser
DA:42,6
DA:43,3
DA:52,0
DA:83,15
DA:90,15
DA:92,15
DA:93,15
DA:94,15
DA:95,15
DA:97,15
DA:98,15
DA:99,15
DA:100,15
DA:101,15
DA:102,15
DA:103,15
DA:104,15
DA:105,15
DA:106,15
DA:107,15
DA:120,1
DA:121,1
DA:122,1
DA:123,1
DA:131,1
DA:132,1
DA:133,1
DA:150,1
DA:151,1
DA:152,1
DA:153,1
DA:154,1
DA:155,1
DA:156,1
DA:157,1
DA:165,2
DA:166,2
DA:174,11
DA:175,11
DA:188,102
DA:205,22
DA:229,61
DA:230,61
LF:43
LH:42
BRDA:42,1,0,3
BRDA:42,1,1,3
BRF:2
BRH:2
end_of_record
TN:
SF:/Users/jbentke/Documents/EWF_Origin/ewf-coo/contracts/UserLogic.sol
FN:31,isInitialized
FN:39,UserLogic
FN:44,init
FN:61,setUser
FN:88,deactivateUser
FN:106,setRoles
FN:116,
FN:122,update
FN:133,getFullUser
FN:157,setUserName
FN:168,setOrganization
FN:185,setOrganizationAddress
FN:196,doesUserExist
FN:208,getRolesRights
FN:216,addAdminRole
FN:233,removeAdminRole
FN:248,addAssetManagerRole
FN:259,removeAssetManagerRole
FN:270,addTraderRole
FN:281,removeTraderRole
FNF:20
FNH:14
FNDA:36,isInitialized
FNDA:1,UserLogic
FNDA:2,init
FNDA:18,setUser
FNDA:5,deactivateUser
FNDA:10,setRoles
FNDA:0,
FNDA:2,update
FNDA:61,getFullUser
FNDA:4,setUserName
FNDA:3,setOrganization
FNDA:7,setOrganizationAddress
FNDA:22,doesUserExist
FNDA:101,getRolesRights
FNDA:1,addAdminRole
FNDA:0,removeAdminRole
FNDA:0,addAssetManagerRole
FNDA:0,removeAssetManagerRole
FNDA:0,addTraderRole
FNDA:0,removeTraderRole
DA:32,36
DA:33,36
DA:45,2
DA:46,1
DA:77,18
DA:82,15
DA:93,5
DA:99,2
DA:112,10
DA:117,0
DA:127,2
DA:149,61
DA:160,4
DA:161,2
DA:172,3
DA:173,2
DA:188,7
DA:189,2
DA:199,22
DA:210,101
DA:218,1
DA:223,1
DA:224,1
DA:225,1
DA:235,0
DA:238,0
DA:239,0
DA:240,0
DA:250,0
DA:251,0
DA:252,0
DA:261,0
DA:262,0
DA:263,0
DA:272,0
DA:273,0
DA:274,0
DA:283,0
DA:284,0
DA:285,0
LF:40
LH:23
BRDA:32,1,0,36
BRDA:32,1,1,0
BRDA:45,2,0,1
BRDA:45,2,1,1
BRDA:77,3,0,15
BRDA:77,3,1,3
BRDA:93,4,0,2
BRDA:93,4,1,3
BRDA:161,5,0,2
BRDA:161,5,1,2
BRDA:173,6,0,2
BRDA:173,6,1,1
BRDA:189,7,0,2
BRDA:189,7,1,5
BRDA:221,8,0,1
BRDA:221,8,1,0
BRDA:226,9,0,1
BRDA:226,9,1,0
BRDA:238,10,0,0
BRDA:238,10,1,0
BRDA:241,11,0,0
BRDA:241,11,1,0
BRDA:253,12,0,0
BRDA:253,12,1,0
BRDA:264,13,0,0
BRDA:264,13,1,0
BRDA:275,14,0,0
BRDA:275,14,1,0
BRDA:286,15,0,0
BRDA:286,15,1,0
BRF:30
BRH:15
end_of_record
