TN:
SF:/Users/mkuechler/ewf/CoO/contracts/AssetConsumingRegistryDB.sol
FN:53,AssetConsumingRegistryDB
FN:62,createAsset
FN:85,initGeneral
FN:122,initLocation
FN:143,setActive
FN:153,setAssetExistStatus
FN:165,setCapacityWh
FN:175,setCertificatesUsedForWh
FN:185,setLastSmartMeterReadFileHash
FN:195,setLastSmartMeterReadWh
FN:205,setLocationCountry
FN:215,setLocationRegion
FN:225,setOperationalSince
FN:235,setOwner
FN:245,setSmartMeter
FN:255,getActive
FN:267,getAssetGeneral
FN:300,getAssetListLength
FN:312,getAssetLocation
FN:334,getCapacityWh
FN:346,getCertificatesUsedForWh
FN:355,getConsumingProperies
FN:374,getExistStatus
FN:387,getLastSmartMeterReadFileHash
FN:399,getLastSmartMeterReadWh
FN:411,getLocationCountry
FN:423,getLocationRegion
FN:434,getOperationalSince
FN:446,getOwner
FN:458,getSmartMeter
FNF:30
FNH:30
FNDA:1,AssetConsumingRegistryDB
FNDA:3,createAsset
FNDA:3,initGeneral
FNDA:3,initLocation
FNDA:1,setActive
FNDA:3,setAssetExistStatus
FNDA:1,setCapacityWh
FNDA:1,setCertificatesUsedForWh
FNDA:1,setLastSmartMeterReadFileHash
FNDA:1,setLastSmartMeterReadWh
FNDA:1,setLocationCountry
FNDA:1,setLocationRegion
FNDA:1,setOperationalSince
FNDA:1,setOwner
FNDA:1,setSmartMeter
FNDA:5,getActive
FNDA:17,getAssetGeneral
FNDA:2,getAssetListLength
FNDA:9,getAssetLocation
FNDA:1,getCapacityWh
FNDA:1,getCertificatesUsedForWh
FNDA:4,getConsumingProperies
FNDA:6,getExistStatus
FNDA:1,getLastSmartMeterReadFileHash
FNDA:1,getLastSmartMeterReadWh
FNDA:1,getLocationCountry
FNDA:1,getLocationRegion
FNDA:1,getOperationalSince
FNDA:1,getOwner
FNDA:1,getSmartMeter
DA:67,3
DA:100,3
DA:102,3
DA:103,3
DA:104,3
DA:106,3
DA:107,3
DA:108,3
DA:136,3
DA:137,3
DA:147,1
DA:157,3
DA:158,3
DA:169,1
DA:179,1
DA:189,1
DA:199,1
DA:209,1
DA:219,1
DA:229,1
DA:239,1
DA:249,1
DA:260,5
DA:281,17
DA:282,17
DA:283,17
DA:285,17
DA:286,17
DA:287,17
DA:288,17
DA:289,17
DA:290,17
DA:291,17
DA:292,17
DA:293,17
DA:303,2
DA:323,9
DA:324,9
DA:335,1
DA:346,1
DA:358,4
DA:359,4
DA:360,4
DA:361,4
DA:372,6
DA:373,6
DA:384,1
DA:395,1
DA:406,1
DA:417,1
DA:427,1
DA:438,1
DA:449,1
LF:53
LH:53
BRF:0
BRH:0
end_of_record
TN:
SF:/Users/mkuechler/ewf/CoO/contracts/AssetConsumingRegistryLogic.sol
FN:38,AssetConsumingRegistryLogic
FN:52,initGeneral
FN:75,saveSmartMeterRead
FN:98,getAssetGeneral
FN:116,getConsumingProperies
FN:128,setConsumptionForPeriode
FNF:6
FNH:5
FNDA:1,AssetConsumingRegistryLogic
FNDA:3,initGeneral
FNDA:1,saveSmartMeterRead
FNDA:1,getAssetGeneral
FNDA:4,getConsumingProperies
FNDA:0,setConsumptionForPeriode
DA:66,3
DA:67,3
DA:80,1
DA:81,1
DA:83,1
DA:84,1
DA:112,1
DA:123,4
DA:130,0
LF:9
LH:8
BRDA:80,1,0,1
BRDA:80,1,1,0
BRF:2
BRH:1
end_of_record
TN:
SF:/Users/mkuechler/ewf/CoO/contracts/AssetGeneralDefinition.sol
FN:43,initLocationInternal
FN:67,setGeneralInformationInternal
FN:89,getAssetLocationInternal
FNF:3
FNH:3
FNDA:12,initLocationInternal
FNDA:12,setGeneralInformationInternal
FNDA:22,getAssetLocationInternal
DA:56,12
DA:57,12
DA:58,12
DA:59,12
DA:60,12
DA:61,12
DA:62,12
DA:63,12
DA:64,12
DA:78,12
DA:79,12
DA:80,12
DA:81,12
DA:82,12
DA:83,12
DA:84,12
DA:102,22
DA:103,22
DA:104,22
DA:105,22
DA:106,22
DA:107,22
DA:108,22
DA:109,22
DA:111,22
LF:25
LH:25
BRF:0
BRH:0
end_of_record
TN:
SF:/Users/mkuechler/ewf/CoO/contracts/AssetLogic.sol
FN:33,isInitialized
FN:39,createAsset
FN:48,init
FN:66,initLocation
FN:87,setActive
FN:103,update
FN:110,getActive
FN:119,getAssetDataLog
FN:130,getAssetListLength
FN:141,getAssetLocation
FN:161,checkForFullAsset
FN:176,updateSmartMeter
FNF:12
FNH:12
FNDA:44,isInitialized
FNDA:12,createAsset
FNDA:3,init
FNDA:12,initLocation
FNDA:4,setActive
FNDA:4,update
FNDA:8,getActive
FNDA:5,getAssetDataLog
FNDA:4,getAssetListLength
FNDA:6,getAssetLocation
FNDA:24,checkForFullAsset
FNDA:2,updateSmartMeter
DA:34,44
DA:35,44
DA:43,12
DA:44,12
DA:52,3
DA:53,2
DA:81,12
DA:82,12
DA:93,4
DA:94,4
DA:95,1
DA:97,3
DA:107,4
DA:114,8
DA:122,5
DA:132,4
DA:151,6
DA:160,24
DA:162,24
DA:163,12
DA:164,12
DA:177,2
LF:22
LH:22
BRDA:34,1,0,44
BRDA:34,1,1,0
BRDA:52,2,0,2
BRDA:52,2,1,1
BRDA:94,3,0,1
BRDA:94,3,1,3
BRDA:166,4,0,12
BRDA:166,4,1,12
BRF:8
BRH:7
end_of_record
TN:
SF:/Users/mkuechler/ewf/CoO/contracts/AssetProducingRegistryDB.sol
FN:55,AssetProducingRegistryDB
FN:64,createAsset
FN:90,initGeneral
FN:131,initLocation
FN:152,setActive
FN:162,setAssetExistStatus
FN:173,setAssetType
FN:183,setCapacityWh
FN:193,setCertificatesCreatedForWh
FN:203,setCO2UsedForCertificate
FN:213,setLastCO2OffsetReading
FN:223,setLastSmartMeterReadFileHash
FN:233,setLastSmartMeterReadWh
FN:243,setLocationCountry
FN:253,setLocationRegion
FN:263,setOperationalSince
FN:273,setOwner
FN:283,setSmartMeter
FN:293,getActive
FN:305,getAssetGeneral
FN:341,getAssetListLength
FN:353,getAssetLocation
FN:377,getAssetType
FN:389,getCapacityWh
FN:401,getCertificatesCreatedForWh
FN:414,getCo2UsedForCertificate
FN:426,getExistStatus
FN:439,getlastSmartMeterCO2OffsetRead
FN:451,getLastSmartMeterReadFileHash
FN:463,getLastSmartMeterReadWh
FN:475,getLocationCountry
FN:487,getLocationRegion
FN:498,getOperationalSince
FN:510,getOwner
FN:522,getSmartMeter
FNF:35
FNH:35
FNDA:1,AssetProducingRegistryDB
FNDA:9,createAsset
FNDA:9,initGeneral
FNDA:9,initLocation
FNDA:3,setActive
FNDA:9,setAssetExistStatus
FNDA:1,setAssetType
FNDA:1,setCapacityWh
FNDA:4,setCertificatesCreatedForWh
FNDA:4,setCO2UsedForCertificate
FNDA:3,setLastCO2OffsetReading
FNDA:3,setLastSmartMeterReadFileHash
FNDA:3,setLastSmartMeterReadWh
FNDA:1,setLocationCountry
FNDA:1,setLocationRegion
FNDA:1,setOperationalSince
FNDA:1,setOwner
FNDA:1,setSmartMeter
FNDA:7,getActive
FNDA:26,getAssetGeneral
FNDA:3,getAssetListLength
FNDA:13,getAssetLocation
FNDA:5,getAssetType
FNDA:1,getCapacityWh
FNDA:13,getCertificatesCreatedForWh
FNDA:10,getCo2UsedForCertificate
FNDA:18,getExistStatus
FNDA:12,getlastSmartMeterCO2OffsetRead
FNDA:4,getLastSmartMeterReadFileHash
FNDA:13,getLastSmartMeterReadWh
FNDA:1,getLocationCountry
FNDA:1,getLocationRegion
FNDA:1,getOperationalSince
FNDA:1,getOwner
FNDA:3,getSmartMeter
DA:69,9
DA:108,9
DA:110,9
DA:112,9
DA:113,9
DA:114,9
DA:115,9
DA:116,9
DA:117,9
DA:145,9
DA:146,9
DA:156,3
DA:166,9
DA:167,9
DA:177,1
DA:187,1
DA:197,4
DA:207,4
DA:217,3
DA:227,3
DA:237,3
DA:247,1
DA:257,1
DA:267,1
DA:277,1
DA:287,1
DA:298,7
DA:322,26
DA:323,26
DA:324,26
DA:325,26
DA:326,26
DA:327,26
DA:328,26
DA:329,26
DA:330,26
DA:331,26
DA:332,26
DA:333,26
DA:334,26
DA:344,3
DA:364,13
DA:365,13
DA:378,5
DA:389,1
DA:400,13
DA:412,10
DA:423,18
DA:424,18
DA:435,12
DA:446,4
DA:457,13
DA:468,1
DA:479,1
DA:489,1
DA:500,1
DA:511,3
LF:57
LH:57
BRF:0
BRH:0
end_of_record
TN:
SF:/Users/mkuechler/ewf/CoO/contracts/AssetProducingRegistryLogic.sol
FN:54,AssetProducingRegistryLogic
FN:69,initGeneral
FN:94,saveSmartMeterRead
FN:107,setCO2UsedForCertificate
FN:124,useWhForCertificate
FN:148,getAssetGeneral
FN:173,getAssetType
FN:183,getCompliance
FN:197,getCo2UsedForCertificate
FN:209,getCoSaved
FNF:10
FNH:10
FNDA:1,AssetProducingRegistryLogic
FNDA:9,initGeneral
FNDA:3,saveSmartMeterRead
FNDA:4,setCO2UsedForCertificate
FNDA:4,useWhForCertificate
FNDA:9,getAssetGeneral
FNDA:5,getAssetType
FNDA:1,getCompliance
FNDA:1,getCo2UsedForCertificate
FNDA:6,getCoSaved
DA:85,9
DA:86,9
DA:99,3
DA:100,3
DA:102,3
DA:103,3
DA:104,3
DA:112,4
DA:114,4
DA:115,4
DA:116,4
DA:117,4
DA:130,4
DA:131,4
DA:132,4
DA:133,4
DA:165,9
DA:178,5
DA:185,1
DA:187,1
DA:198,1
DA:206,6
DA:207,6
DA:208,6
DA:209,6
DA:211,5
DA:212,5
DA:213,5
DA:216,5
LF:29
LH:29
BRDA:99,1,0,3
BRDA:99,1,1,0
BRDA:116,2,0,4
BRDA:116,2,1,0
BRDA:131,3,0,4
BRDA:131,3,1,0
BRDA:213,4,0,1
BRDA:213,4,1,5
BRF:8
BRH:5
end_of_record
TN:
SF:/Users/mkuechler/ewf/CoO/contracts/CertificateDB.sol
FN:47,CertificateDB
FN:55,createCertificate
FN:60,setCertificateEscrow
FN:70,setCertificateOwner
FN:77,retireCertificate
FN:84,getCertificate
FN:113,getCertificateOwner
FN:120,isRetired
FN:124,getCertificateListLength
FN:128,getCertificateEscrow
FNF:10
FNH:9
FNDA:1,CertificateDB
FNDA:4,createCertificate
FNDA:0,setCertificateEscrow
FNDA:2,setCertificateOwner
FNDA:1,retireCertificate
FNDA:5,getCertificate
FNDA:7,getCertificateOwner
FNDA:2,isRetired
FNDA:10,getCertificateListLength
FNDA:2,getCertificateEscrow
DA:56,4
DA:64,0
DA:71,2
DA:78,1
DA:97,5
DA:99,5
DA:100,5
DA:101,5
DA:102,5
DA:103,5
DA:104,5
DA:105,5
DA:106,5
DA:113,7
DA:120,2
DA:124,10
DA:132,2
LF:17
LH:16
BRF:0
BRH:0
end_of_record
TN:
SF:/Users/mkuechler/ewf/CoO/contracts/CertificateLogic.sol
FN:45,CertificateLogic
FN:51,init
FN:60,createCertificate
FN:74,createCertificateIntern
FN:91,createCertificateForAssetOwner
FN:105,retireCertificate
FN:114,transferOwnershipByEscrow
FN:129,changeCertificateOwner
FN:148,getCertificate
FN:163,getCertificateOwner
FN:170,isRetired
FN:176,getCertificateListLength
FN:181,isInitialized
FN:189,update
FNF:14
FNH:13
FNDA:1,CertificateLogic
FNDA:2,init
FNDA:3,createCertificate
FNDA:4,createCertificateIntern
FNDA:1,createCertificateForAssetOwner
FNDA:2,retireCertificate
FNDA:0,transferOwnershipByEscrow
FNDA:2,changeCertificateOwner
FNDA:3,getCertificate
FNDA:3,getCertificateOwner
FNDA:2,isRetired
FNDA:10,getCertificateListLength
FNDA:12,isInitialized
FNDA:1,update
DA:52,2
DA:53,1
DA:67,3
DA:79,4
DA:80,4
DA:81,4
DA:82,4
DA:83,4
DA:84,4
DA:85,4
DA:98,1
DA:100,1
DA:106,2
DA:107,2
DA:108,1
DA:109,1
DA:110,1
DA:119,0
DA:120,0
DA:121,0
DA:122,0
DA:123,0
DA:135,2
DA:136,2
DA:138,2
DA:139,2
DA:141,2
DA:157,3
DA:164,3
DA:171,2
DA:177,10
DA:182,12
DA:183,12
DA:193,1
LF:34
LH:29
BRDA:52,1,0,1
BRDA:52,1,1,1
BRDA:80,2,0,4
BRDA:80,2,1,0
BRDA:107,3,0,1
BRDA:107,3,1,1
BRDA:108,4,0,1
BRDA:108,4,1,0
BRDA:135,5,0,2
BRDA:135,5,1,0
BRDA:182,6,0,12
BRDA:182,6,1,0
BRF:12
BRH:8
end_of_record
TN:
SF:/Users/mkuechler/ewf/CoO/contracts/CoO.sol
FN:32,CoO
FN:43,init
FN:63,update
FNF:3
FNH:3
FNDA:1,CoO
FNDA:1,init
FNDA:4,update
DA:47,1
DA:51,1
DA:52,1
DA:53,1
DA:54,1
DA:55,1
DA:67,4
DA:68,2
DA:69,2
DA:72,4
DA:73,2
DA:74,2
DA:77,4
DA:78,1
DA:79,1
DA:82,4
DA:83,1
DA:84,1
DA:87,4
DA:88,2
DA:89,2
LF:21
LH:21
BRDA:47,1,0,1
BRDA:47,1,1,0
BRDA:67,2,0,2
BRDA:67,2,1,2
BRDA:72,3,0,2
BRDA:72,3,1,2
BRDA:77,4,0,1
BRDA:77,4,1,3
BRDA:82,5,0,1
BRDA:82,5,1,3
BRDA:87,6,0,2
BRDA:87,6,1,2
BRF:12
BRH:11
end_of_record
TN:
SF:/Users/mkuechler/ewf/CoO/contracts/DemandDB.sol
FN:91,DemandDB
FN:100,addActiveDemand
FN:111,createCoupling
FN:128,createEmptyDemand
FN:152,createGeneralDemand
FN:186,createMatchProperties
FN:213,createPriceDriving
FN:256,removeActiveDemand
FN:271,setDemandCreationTime
FN:278,setDemandMask
FN:288,setEnabled
FN:301,updateMatchProperties
FN:321,demandExists
FN:332,getActiveDemandIdAt
FN:343,getActiveDemandListLength
FN:354,getAllDemandListLength
FN:367,getDemandCoupling
FN:385,getDemandGeneral
FN:408,getDemandMatcherProperties
FN:429,getDemandPriceDriving
FN:447,getDemandMask
FN:458,getStartEpoche
FN:470,getTimeFrame
FNF:23
FNH:22
FNDA:1,DemandDB
FNDA:8,addActiveDemand
FNDA:8,createCoupling
FNDA:8,createEmptyDemand
FNDA:9,createGeneralDemand
FNDA:8,createMatchProperties
FNDA:8,createPriceDriving
FNDA:1,removeActiveDemand
FNDA:8,setDemandCreationTime
FNDA:0,setDemandMask
FNDA:8,setEnabled
FNDA:3,updateMatchProperties
FNDA:25,demandExists
FNDA:3,getActiveDemandIdAt
FNDA:10,getActiveDemandListLength
FNDA:5,getAllDemandListLength
FNDA:9,getDemandCoupling
FNDA:38,getDemandGeneral
FNDA:47,getDemandMatcherProperties
FNDA:48,getDemandPriceDriving
FNDA:54,getDemandMask
FNDA:11,getStartEpoche
FNDA:11,getTimeFrame
DA:104,8
DA:119,8
DA:121,8
DA:122,8
DA:123,8
DA:133,8
DA:166,9
DA:168,9
DA:169,9
DA:170,9
DA:171,9
DA:172,9
DA:173,9
DA:174,9
DA:175,9
DA:198,8
DA:200,8
DA:201,8
DA:202,8
DA:203,8
DA:204,8
DA:205,8
DA:230,8
DA:232,8
DA:234,8
DA:235,8
DA:236,8
DA:237,8
DA:239,8
DA:240,8
DA:241,8
DA:242,8
DA:243,8
DA:244,8
DA:245,8
DA:246,8
DA:247,8
DA:248,8
DA:249,8
DA:260,1
DA:261,1
DA:262,1
DA:263,1
DA:275,8
DA:282,0
DA:292,8
DA:293,8
DA:310,3
DA:312,3
DA:313,3
DA:314,3
DA:315,3
DA:325,25
DA:336,3
DA:346,10
DA:356,5
DA:371,9
DA:372,9
DA:373,9
DA:394,38
DA:395,38
DA:396,38
DA:413,47
DA:414,47
DA:415,47
DA:434,48
DA:435,48
DA:436,48
DA:443,54
DA:454,11
DA:465,11
LF:71
LH:70
BRDA:261,1,0,1
BRDA:261,1,1,0
BRF:2
BRH:1
end_of_record
TN:
SF:/Users/mkuechler/ewf/CoO/contracts/DemandLogic.sol
FN:63,isInitialized
FN:68,doesNotExist
FN:75,DemandLogic
FN:84,createDemand
FN:96,init
FN:113,initGeneralAndCoupling
FN:147,createCouplingInternal
FN:161,createGeneralDemandInternal
FN:180,initMatchProperties
FN:202,initPriceDriving
FN:220,matchCertificate
FN:235,matchInternal
FN:260,matchDemand
FN:277,writeConsumingEnergy
FN:293,update
FN:303,getActiveDemandIdAt
FN:309,getActiveDemandListLength
FN:315,getAllDemandListLength
FN:322,getDemandCoupling
FN:337,getDemandGeneral
FN:358,getDemandMatcherProperties
FN:376,getDemandPriceDriving
FN:395,getExistStatus
FN:409,removeActiveDemand
FN:418,checkDemandCoupling
FN:449,checkDemandGeneral
FN:489,checkMatcher
FN:520,getMaxEnergyCoupling
FN:547,checkAssetType
FN:559,checkLocation
FN:581,checkPriceDriving
FN:633,getCurrentPeriod
FN:659,checkForFullDemand
FN:673,createDemandBitmask
FN:688,hasDemandPropertySet
FNF:35
FNH:33
FNDA:78,isInitialized
FNDA:25,doesNotExist
FNDA:1,DemandLogic
FNDA:8,createDemand
FNDA:1,init
FNDA:9,initGeneralAndCoupling
FNDA:9,createCouplingInternal
FNDA:9,createGeneralDemandInternal
FNDA:8,initMatchProperties
FNDA:8,initPriceDriving
FNDA:0,matchCertificate
FNDA:3,matchInternal
FNDA:3,matchDemand
FNDA:0,writeConsumingEnergy
FNDA:1,update
FNDA:3,getActiveDemandIdAt
FNDA:10,getActiveDemandListLength
FNDA:5,getAllDemandListLength
FNDA:1,getDemandCoupling
FNDA:1,getDemandGeneral
FNDA:7,getDemandMatcherProperties
FNDA:1,getDemandPriceDriving
FNDA:30,getExistStatus
FNDA:2,removeActiveDemand
FNDA:5,checkDemandCoupling
FNDA:5,checkDemandGeneral
FNDA:9,checkMatcher
FNDA:9,getMaxEnergyCoupling
FNDA:7,checkAssetType
FNDA:6,checkLocation
FNDA:8,checkPriceDriving
FNDA:11,getCurrentPeriod
FNDA:24,checkForFullDemand
FNDA:8,createDemandBitmask
FNDA:68,hasDemandPropertySet
DA:64,78
DA:65,78
DA:69,25
DA:70,25
DA:89,8
DA:90,8
DA:91,8
DA:100,1
DA:101,1
DA:130,9
DA:133,9
DA:142,9
DA:143,8
DA:151,9
DA:152,4
DA:155,9
DA:156,2
DA:158,8
DA:172,9
DA:191,8
DA:192,8
DA:193,8
DA:216,8
DA:217,8
DA:224,0
DA:225,0
DA:226,0
DA:227,0
DA:230,0
DA:231,0
DA:232,0
DA:241,3
DA:242,3
DA:243,3
DA:244,3
DA:245,3
DA:246,3
DA:247,3
DA:248,3
DA:249,3
DA:250,3
DA:251,3
DA:263,3
DA:265,3
DA:268,3
DA:269,3
DA:271,3
DA:272,0
DA:280,0
DA:281,0
DA:283,0
DA:284,0
DA:285,0
DA:287,0
DA:296,1
DA:303,3
DA:309,10
DA:315,5
DA:329,1
DA:349,1
DA:366,7
DA:384,1
DA:394,30
DA:395,30
DA:396,30
DA:397,30
DA:398,30
DA:406,2
DA:407,2
DA:408,1
DA:409,1
DA:416,5
DA:418,5
DA:419,2
DA:420,1
DA:423,4
DA:424,1
DA:426,1
DA:427,0
DA:428,0
DA:430,1
DA:431,1
DA:432,0
DA:435,4
DA:446,5
DA:447,5
DA:449,5
DA:450,0
DA:451,0
DA:453,5
DA:474,3
DA:486,9
DA:488,9
DA:491,9
DA:493,7
DA:495,7
DA:496,5
DA:499,2
DA:500,1
DA:501,1
DA:502,1
DA:504,5
DA:505,5
DA:507,5
DA:516,9
DA:517,3
DA:519,3
DA:521,3
DA:522,0
DA:523,0
DA:527,3
DA:528,3
DA:532,0
DA:541,7
DA:542,5
DA:543,5
DA:544,1
DA:546,6
DA:553,6
DA:554,5
DA:555,5
DA:557,5
DA:558,1
DA:560,4
DA:561,4
DA:562,1
DA:565,4
DA:575,8
DA:578,7
DA:581,7
DA:582,7
DA:583,6
DA:584,6
DA:603,4
DA:604,1
DA:607,3
DA:608,0
DA:609,0
DA:610,0
DA:612,0
DA:613,0
DA:616,3
DA:628,11
DA:630,11
DA:632,8
DA:634,3
DA:635,1
DA:637,2
DA:638,1
DA:640,1
DA:641,1
DA:651,24
DA:653,24
DA:654,8
DA:655,8
DA:656,8
DA:657,8
DA:666,8
DA:667,64
DA:668,17
DA:676,68
DA:677,68
LF:162
LH:135
BRDA:64,1,0,78
BRDA:64,1,1,0
BRDA:69,2,0,25
BRDA:69,2,1,0
BRDA:89,3,0,0
BRDA:89,3,1,8
BRDA:100,4,0,1
BRDA:100,4,1,0
BRDA:151,5,0,4
BRDA:151,5,1,5
BRDA:152,6,0,4
BRDA:152,6,1,0
BRDA:155,7,0,2
BRDA:155,7,1,7
BRDA:156,8,0,1
BRDA:156,8,1,1
BRDA:191,9,0,8
BRDA:191,9,1,0
BRDA:225,10,0,0
BRDA:225,10,1,0
BRDA:226,11,0,0
BRDA:226,11,1,0
BRDA:243,12,0,3
BRDA:243,12,1,0
BRDA:246,13,0,3
BRDA:246,13,1,0
BRDA:248,14,0,3
BRDA:248,14,1,0
BRDA:250,15,0,3
BRDA:250,15,1,0
BRDA:252,16,0,3
BRDA:252,16,1,0
BRDA:272,17,0,0
BRDA:272,17,1,3
BRDA:284,18,0,0
BRDA:284,18,1,0
BRDA:413,19,0,1
BRDA:413,19,1,1
BRDA:425,20,0,2
BRDA:425,20,1,3
BRDA:426,21,0,1
BRDA:426,21,1,1
BRDA:430,22,0,1
BRDA:430,22,1,3
BRDA:433,23,0,0
BRDA:433,23,1,1
BRDA:434,24,0,0
BRDA:434,24,1,0
BRDA:438,25,0,0
BRDA:438,25,1,1
BRDA:457,26,0,0
BRDA:457,26,1,5
BRDA:458,27,0,0
BRDA:458,27,1,0
BRDA:461,28,0,2
BRDA:461,28,1,3
BRDA:500,29,0,2
BRDA:500,29,1,7
BRDA:504,30,0,5
BRDA:504,30,1,2
BRDA:505,31,0,1
BRDA:505,31,1,4
BRDA:508,32,0,1
BRDA:508,32,1,1
BRDA:526,33,0,6
BRDA:526,33,1,3
BRDA:531,34,0,0
BRDA:531,34,1,3
BRDA:532,35,0,0
BRDA:532,35,1,0
BRDA:537,36,0,3
BRDA:537,36,1,0
BRDA:551,37,0,5
BRDA:551,37,1,2
BRDA:553,38,0,1
BRDA:553,38,1,4
BRDA:563,39,0,5
BRDA:563,39,1,1
BRDA:567,40,0,1
BRDA:567,40,1,4
BRDA:570,41,0,4
BRDA:570,41,1,0
BRDA:571,42,0,1
BRDA:571,42,1,3
BRDA:586,43,0,1
BRDA:586,43,1,7
BRDA:593,44,0,1
BRDA:593,44,1,6
BRDA:595,45,0,2
BRDA:595,45,1,4
BRDA:614,46,0,1
BRDA:614,46,1,3
BRDA:615,47,0,1
BRDA:615,47,1,0
BRDA:618,48,0,0
BRDA:618,48,1,3
BRDA:619,49,0,0
BRDA:619,49,1,0
BRDA:623,50,0,0
BRDA:623,50,1,0
BRDA:642,51,0,8
BRDA:642,51,1,3
BRDA:646,52,0,1
BRDA:646,52,1,2
BRDA:649,53,0,1
BRDA:649,53,1,1
BRDA:652,54,0,1
BRDA:652,54,1,0
BRDA:665,55,0,8
BRDA:665,55,1,16
BRDA:680,56,0,17
BRDA:680,56,1,47
BRF:112
BRH:75
end_of_record
TN:
SF:/Users/mkuechler/ewf/CoO/contracts/LocationDefinition.sol
FNF:0
FNH:0
LF:0
LH:0
BRF:0
BRH:0
end_of_record
TN:
SF:/Users/mkuechler/ewf/CoO/contracts/Owned.sol
FN:22,onlyOwner
FN:29,Owned
FN:34,changeOwner
FNF:3
FNH:3
FNDA:900,onlyOwner
FNDA:6,Owned
FNDA:11,changeOwner
DA:35,11
DA:36,10
DA:37,10
LF:3
LH:3
BRDA:22,1,0,870
BRDA:22,1,1,30
BRDA:35,2,0,10
BRDA:35,2,1,1
BRF:4
BRH:4
end_of_record
TN:
SF:/Users/mkuechler/ewf/CoO/contracts/RoleManagement.sol
FN:50,onlyRole
FN:55,onlyAccount
FN:60,userExists
FN:65,userHasRole
FN:72,RoleManagement
FN:79,isRole
FNF:6
FNH:6
FNDA:157,onlyRole
FNDA:27,onlyAccount
FNDA:30,userExists
FNDA:12,userHasRole
FNDA:5,RoleManagement
FNDA:297,isRole
DA:51,157
DA:52,147
DA:56,27
DA:57,23
DA:61,30
DA:62,29
DA:66,12
DA:67,12
DA:73,5
DA:81,297
DA:82,169
DA:85,128
DA:87,128
DA:90,127
LF:14
LH:14
BRDA:51,1,0,147
BRDA:51,1,1,10
BRDA:56,2,0,23
BRDA:56,2,1,4
BRDA:61,3,0,29
BRDA:61,3,1,1
BRDA:66,4,0,12
BRDA:66,4,1,0
BRDA:81,5,0,169
BRDA:81,5,1,128
BRF:10
BRH:9
end_of_record
TN:
SF:/Users/mkuechler/ewf/CoO/contracts/UserDB.sol
FN:41,userExists
FN:48,UserDB
FN:60,setAddress
FN:78,setOrganization
FN:97,setUser
FN:138,setUserActive
FN:148,setUserName
FN:163,setRoles
FN:172,doesUserExist
FN:184,getFullUser
FN:211,getRolesRights
FNF:11
FNH:11
FNDA:6,userExists
FNDA:1,UserDB
FNDA:1,setAddress
FNDA:1,setOrganization
FNDA:15,setUser
FNDA:2,setUserActive
FNDA:1,setUserName
FNDA:20,setRoles
FNDA:40,doesUserExist
FNDA:61,getFullUser
FNDA:162,getRolesRights
DA:42,6
DA:43,3
DA:65,1
DA:66,1
DA:67,1
DA:68,1
DA:69,1
DA:70,1
DA:71,1
DA:72,1
DA:79,1
DA:80,1
DA:81,1
DA:112,15
DA:114,15
DA:116,15
DA:117,15
DA:118,15
DA:119,15
DA:121,15
DA:122,15
DA:123,15
DA:124,15
DA:125,15
DA:126,15
DA:127,15
DA:128,15
DA:129,15
DA:130,15
DA:131,15
DA:139,2
DA:140,2
DA:153,1
DA:154,1
DA:155,1
DA:156,1
DA:164,20
DA:165,20
DA:176,40
DA:200,61
DA:201,61
DA:214,162
LF:42
LH:42
BRDA:42,1,0,3
BRDA:42,1,1,3
BRF:2
BRH:2
end_of_record
TN:
SF:/Users/mkuechler/ewf/CoO/contracts/UserLogic.sol
FN:31,isInitialized
FN:39,UserLogic
FN:45,addAdminRole
FN:64,addAssetManagerRole
FN:77,addMatcherRole
FN:89,addTraderRole
FN:101,init
FN:108,deactivateUser
FN:125,removeAdminRole
FN:142,removeAssetManagerRole
FN:155,removeTraderRole
FN:168,setOrganization
FN:185,setOrganizationAddress
FN:205,setUser
FN:234,setUserName
FN:246,setRoles
FN:258,update
FN:269,doesUserExist
FN:280,getFullUser
FN:304,getRolesRights
FNF:20
FNH:20
FNDA:36,isInitialized
FNDA:1,UserLogic
FNDA:1,addAdminRole
FNDA:3,addAssetManagerRole
FNDA:1,addMatcherRole
FNDA:6,addTraderRole
FNDA:2,init
FNDA:5,deactivateUser
FNDA:2,removeAdminRole
FNDA:2,removeAssetManagerRole
FNDA:2,removeTraderRole
FNDA:3,setOrganization
FNDA:7,setOrganizationAddress
FNDA:18,setUser
FNDA:4,setUserName
FNDA:10,setRoles
FNDA:2,update
FNDA:40,doesUserExist
FNDA:61,getFullUser
FNDA:152,getRolesRights
DA:32,36
DA:33,36
DA:50,1
DA:55,1
DA:56,1
DA:57,1
DA:69,3
DA:70,2
DA:71,2
DA:81,1
DA:82,1
DA:83,1
DA:94,6
DA:95,3
DA:96,3
DA:102,2
DA:103,1
DA:113,5
DA:119,2
DA:130,2
DA:133,2
DA:134,1
DA:135,1
DA:147,2
DA:148,1
DA:149,1
DA:160,2
DA:161,1
DA:162,1
DA:173,3
DA:174,2
DA:189,7
DA:190,2
DA:221,18
DA:226,15
DA:238,4
DA:239,2
DA:252,10
DA:263,2
DA:273,40
DA:295,61
DA:306,152
LF:42
LH:42
BRDA:32,1,0,36
BRDA:32,1,1,0
BRDA:50,2,0,1
BRDA:50,2,1,0
BRDA:55,3,0,1
BRDA:55,3,1,0
BRDA:69,4,0,2
BRDA:69,4,1,1
BRDA:81,5,0,1
BRDA:81,5,1,0
BRDA:94,6,0,3
BRDA:94,6,1,3
BRDA:102,7,0,1
BRDA:102,7,1,1
BRDA:113,8,0,2
BRDA:113,8,1,3
BRDA:130,9,0,2
BRDA:130,9,1,0
BRDA:133,10,0,1
BRDA:133,10,1,1
BRDA:147,11,0,1
BRDA:147,11,1,1
BRDA:160,12,0,1
BRDA:160,12,1,1
BRDA:173,13,0,2
BRDA:173,13,1,1
BRDA:189,14,0,2
BRDA:189,14,1,5
BRDA:221,15,0,15
BRDA:221,15,1,3
BRDA:238,16,0,2
BRDA:238,16,1,2
BRF:32
BRH:27
end_of_record
